#
# There is insufficient memory for the Java Runtime Environment to continue.
# Native memory allocation (malloc) failed to allocate 2085792 bytes for Chunk::new
# Possible reasons:
#   The system is out of physical RAM or swap space
#   The process is running with CompressedOops enabled, and the Java Heap may be blocking the growth of the native heap
# Possible solutions:
#   Reduce memory load on the system
#   Increase physical memory or swap space
#   Check if swap backing store is full
#   Decrease Java heap size (-Xmx/-Xms)
#   Decrease number of Java threads
#   Decrease Java thread stack sizes (-Xss)
#   Set larger code cache with -XX:ReservedCodeCacheSize=
#   JVM is running with Unscaled Compressed Oops mode in which the Java heap is
#     placed in the first 4GB address space. The Java Heap base address is the
#     maximum limit for the native heap growth. Please use -XX:HeapBaseMinAddress
#     to set the Java Heap base and to place the Java Heap above 4GB virtual address.
# This output file may be truncated or incomplete.
#
#  Out of Memory Error (arena.cpp:191), pid=11124, tid=864
#
# JRE version: OpenJDK Runtime Environment Temurin-17.0.9+9 (17.0.9+9) (build 17.0.9+9)
# Java VM: OpenJDK 64-Bit Server VM Temurin-17.0.9+9 (17.0.9+9, mixed mode, tiered, compressed oops, compressed class ptrs, parallel gc, windows-amd64)
# No core dump will be written. Minidumps are not enabled by default on client versions of Windows
#

---------------  S U M M A R Y ------------

Command Line: --add-modules=ALL-SYSTEM --add-opens=java.base/java.util=ALL-UNNAMED --add-opens=java.base/java.lang=ALL-UNNAMED --add-opens=java.base/sun.nio.fs=ALL-UNNAMED -Declipse.application=org.eclipse.jdt.ls.core.id1 -Dosgi.bundles.defaultStartLevel=4 -Declipse.product=org.eclipse.jdt.ls.core.product -Djava.import.generatesMetadataFilesAtProjectRoot=false -DDetectVMInstallationsJob.disabled=true -Dfile.encoding=utf8 -XX:+UseParallelGC -XX:GCTimeRatio=4 -XX:AdaptiveSizePolicyWeight=90 -Dsun.zip.disableMemoryMapping=true -Xmx1G -Xms100m -Xlog:disable -javaagent:c:\Users\77755\.vscode\extensions\redhat.java-1.25.1-win32-x64\lombok\lombok-1.18.30.jar -XX:+HeapDumpOnOutOfMemoryError -XX:HeapDumpPath=c:\Users\77755\AppData\Roaming\Code\User\workspaceStorage\54c58c90f55f99343181207bb89980f2\redhat.java -Daether.dependencyCollector.impl=bf c:\Users\77755\.vscode\extensions\redhat.java-1.25.1-win32-x64\server\plugins\org.eclipse.equinox.launcher_1.6.600.v20231106-1826.jar -configuration c:\Users\77755\AppData\Roaming\Code\User\globalStorage\redhat.java\1.25.1\config_win -data c:\Users\77755\AppData\Roaming\Code\User\workspaceStorage\54c58c90f55f99343181207bb89980f2\redhat.java\jdt_ws --stdio

Host: Intel(R) Core(TM) i5-9300H CPU @ 2.40GHz, 8 cores, 7G,  Windows 11 , 64 bit Build 22621 (10.0.22621.2506)
Time: Tue Dec 12 16:59:15 2023 Central Asia Standard Time elapsed time: 10.798777 seconds (0d 0h 0m 10s)

---------------  T H R E A D  ---------------

Current thread (0x000001e593f4e710):  JavaThread "C2 CompilerThread0" daemon [_thread_in_native, id=864, stack(0x000000ac67e00000,0x000000ac67f00000)]


Current CompileTask:
C2:  10798 3374       4       org.lombokweb.asm.ClassReader::readMethod (1066 bytes)

Stack: [0x000000ac67e00000,0x000000ac67f00000]
Native frames: (J=compiled Java code, j=interpreted, Vv=VM code, C=native code)
V  [jvm.dll+0x67cf49]
V  [jvm.dll+0x83478a]
V  [jvm.dll+0x83624e]
V  [jvm.dll+0x8368b3]
V  [jvm.dll+0x247f1f]
V  [jvm.dll+0xac43c]
V  [jvm.dll+0xaca8c]
V  [jvm.dll+0x367067]
V  [jvm.dll+0x1bd722]
V  [jvm.dll+0x21a709]
V  [jvm.dll+0x2199d1]
V  [jvm.dll+0x1a57cd]
V  [jvm.dll+0x2297ae]
V  [jvm.dll+0x22797c]
V  [jvm.dll+0x7e9877]
V  [jvm.dll+0x7e3c3a]
V  [jvm.dll+0x67be35]
C  [ucrtbase.dll+0x29363]
C  [KERNEL32.DLL+0x1257d]
C  [ntdll.dll+0x5aa58]


---------------  P R O C E S S  ---------------

Threads class SMR info:
_java_thread_list=0x000001e5961273b0, length=25, elements={
0x000001e5fad38710, 0x000001e5fadeb450, 0x000001e5fadee790, 0x000001e5ffbcdff0,
0x000001e593f4af10, 0x000001e593f4ba40, 0x000001e593f4d770, 0x000001e593f4e710,
0x000001e593fa80e0, 0x000001e593fc8380, 0x000001e594028820, 0x000001e59421c050,
0x000001e59552c660, 0x000001e5956bb5d0, 0x000001e595866a70, 0x000001e595866f80,
0x000001e595864c10, 0x000001e595865120, 0x000001e595863ce0, 0x000001e595864700,
0x000001e595865630, 0x000001e595865b40, 0x000001e594085150, 0x000001e595866050,
0x000001e5958641f0
}

Java Threads: ( => current thread )
  0x000001e5fad38710 JavaThread "main" [_thread_blocked, id=22244, stack(0x000000ac67500000,0x000000ac67600000)]
  0x000001e5fadeb450 JavaThread "Reference Handler" daemon [_thread_blocked, id=10604, stack(0x000000ac67800000,0x000000ac67900000)]
  0x000001e5fadee790 JavaThread "Finalizer" daemon [_thread_blocked, id=8072, stack(0x000000ac67900000,0x000000ac67a00000)]
  0x000001e5ffbcdff0 JavaThread "Signal Dispatcher" daemon [_thread_blocked, id=21604, stack(0x000000ac67a00000,0x000000ac67b00000)]
  0x000001e593f4af10 JavaThread "Attach Listener" daemon [_thread_blocked, id=3904, stack(0x000000ac67b00000,0x000000ac67c00000)]
  0x000001e593f4ba40 JavaThread "Service Thread" daemon [_thread_blocked, id=16824, stack(0x000000ac67c00000,0x000000ac67d00000)]
  0x000001e593f4d770 JavaThread "Monitor Deflation Thread" daemon [_thread_blocked, id=8804, stack(0x000000ac67d00000,0x000000ac67e00000)]
=>0x000001e593f4e710 JavaThread "C2 CompilerThread0" daemon [_thread_in_native, id=864, stack(0x000000ac67e00000,0x000000ac67f00000)]
  0x000001e593fa80e0 JavaThread "C1 CompilerThread0" daemon [_thread_blocked, id=8352, stack(0x000000ac67f00000,0x000000ac68000000)]
  0x000001e593fc8380 JavaThread "Sweeper thread" daemon [_thread_blocked, id=15376, stack(0x000000ac68000000,0x000000ac68100000)]
  0x000001e594028820 JavaThread "Common-Cleaner" daemon [_thread_blocked, id=2932, stack(0x000000ac68100000,0x000000ac68200000)]
  0x000001e59421c050 JavaThread "Notification Thread" daemon [_thread_blocked, id=19204, stack(0x000000ac68200000,0x000000ac68300000)]
  0x000001e59552c660 JavaThread "Active Thread: Equinox Container: 12cfe773-0b2e-4367-9dff-6d0cd78daeb7" [_thread_blocked, id=8496, stack(0x000000ac68c00000,0x000000ac68d00000)]
  0x000001e5956bb5d0 JavaThread "Framework Event Dispatcher: Equinox Container: 12cfe773-0b2e-4367-9dff-6d0cd78daeb7" daemon [_thread_blocked, id=21140, stack(0x000000ac68d00000,0x000000ac68e00000)]
  0x000001e595866a70 JavaThread "Start Level: Equinox Container: 12cfe773-0b2e-4367-9dff-6d0cd78daeb7" daemon [_thread_in_native, id=13680, stack(0x000000ac68e00000,0x000000ac68f00000)]
  0x000001e595866f80 JavaThread "Bundle File Closer" daemon [_thread_blocked, id=13540, stack(0x000000ac68a00000,0x000000ac68b00000)]
  0x000001e595864c10 JavaThread "SCR Component Actor" daemon [_thread_blocked, id=14096, stack(0x000000ac69000000,0x000000ac69100000)]
  0x000001e595865120 JavaThread "SCR Component Registry" daemon [_thread_blocked, id=13772, stack(0x000000ac68f00000,0x000000ac69000000)]
  0x000001e595863ce0 JavaThread "Worker-JM" [_thread_blocked, id=11052, stack(0x000000ac69100000,0x000000ac69200000)]
  0x000001e595864700 JavaThread "Worker-0: Repository registry initialization" [_thread_blocked, id=18740, stack(0x000000ac69200000,0x000000ac69300000)]
  0x000001e595865630 JavaThread "Worker-1: Updating Maven Dependencies" [_thread_in_vm, id=13140, stack(0x000000ac69300000,0x000000ac69400000)]
  0x000001e595865b40 JavaThread "Worker-2" [_thread_blocked, id=2248, stack(0x000000ac69400000,0x000000ac69500000)]
  0x000001e594085150 JavaThread "C2 CompilerThread1" daemon [_thread_in_native, id=15736, stack(0x000000ac69500000,0x000000ac69600000)]
  0x000001e595866050 JavaThread "Java indexing" daemon [_thread_blocked, id=2700, stack(0x000000ac69600000,0x000000ac69700000)]
  0x000001e5958641f0 JavaThread "Worker-3" [_thread_blocked, id=2604, stack(0x000000ac69700000,0x000000ac69800000)]

Other Threads:
  0x000001e5ffbc9130 VMThread "VM Thread" [stack: 0x000000ac67700000,0x000000ac67800000] [id=17664]
  0x000001e5942437d0 WatcherThread [stack: 0x000000ac68300000,0x000000ac68400000] [id=17028]
  0x000001e5fad4fd50 GCTaskThread "GC Thread#0" [stack: 0x000000ac67600000,0x000000ac67700000] [id=20044]
  0x000001e595448880 GCTaskThread "GC Thread#1" [stack: 0x000000ac68400000,0x000000ac68500000] [id=16744]
  0x000001e5952bc6a0 GCTaskThread "GC Thread#2" [stack: 0x000000ac68500000,0x000000ac68600000] [id=16552]
  0x000001e5950213d0 GCTaskThread "GC Thread#3" [stack: 0x000000ac68600000,0x000000ac68700000] [id=6248]
  0x000001e595021690 GCTaskThread "GC Thread#4" [stack: 0x000000ac68700000,0x000000ac68800000] [id=6236]
  0x000001e5954db680 GCTaskThread "GC Thread#5" [stack: 0x000000ac68800000,0x000000ac68900000] [id=11572]
  0x000001e5954db940 GCTaskThread "GC Thread#6" [stack: 0x000000ac68900000,0x000000ac68a00000] [id=15232]
  0x000001e5958f5620 GCTaskThread "GC Thread#7" [stack: 0x000000ac68b00000,0x000000ac68c00000] [id=16788]

Threads with active compile tasks:
C2 CompilerThread0    10843 3374       4       org.lombokweb.asm.ClassReader::readMethod (1066 bytes)
C1 CompilerThread0    10843 3489       3       java.lang.invoke.MethodType::dropParameterTypes (164 bytes)
C2 CompilerThread1    10843 3456   !   4       org.eclipse.osgi.internal.loader.classpath.ClasspathManager::findClassImpl (308 bytes)

VM state: not at safepoint (normal execution)

VM Mutex/Monitor currently owned by a thread: None

Heap address: 0x00000000c0000000, size: 1024 MB, Compressed Oops mode: 32-bit

CDS archive(s) not mapped
Compressed class space mapped at: 0x0000000100000000-0x0000000140000000, reserved size: 1073741824
Narrow klass base: 0x0000000000000000, Narrow klass shift: 3, Narrow klass range: 0x140000000

GC Precious Log:
 CPUs: 8 total, 8 available
 Memory: 8034M
 Large Page Support: Disabled
 NUMA Support: Disabled
 Compressed Oops: Enabled (32-bit)
 Alignments: Space 512K, Generation 512K, Heap 2M
 Heap Min Capacity: 100M
 Heap Initial Capacity: 100M
 Heap Max Capacity: 1G
 Pre-touch: Disabled
 Parallel Workers: 8

Heap:
 PSYoungGen      total 25600K, used 13818K [0x00000000eab00000, 0x00000000ec780000, 0x0000000100000000)
  eden space 22528K, 48% used [0x00000000eab00000,0x00000000eb5aad78,0x00000000ec100000)
  from space 3072K, 94% used [0x00000000ec480000,0x00000000ec753c40,0x00000000ec780000)
  to   space 3072K, 0% used [0x00000000ec180000,0x00000000ec180000,0x00000000ec480000)
 ParOldGen       total 68608K, used 11220K [0x00000000c0000000, 0x00000000c4300000, 0x00000000eab00000)
  object space 68608K, 16% used [0x00000000c0000000,0x00000000c0af50a8,0x00000000c4300000)
 Metaspace       used 34315K, committed 35008K, reserved 1114112K
  class space    used 3396K, committed 3712K, reserved 1048576K

Card table byte_map: [0x000001e5fa6d0000,0x000001e5fa8e0000] _byte_map_base: 0x000001e5fa0d0000

Marking Bits: (ParMarkBitMap*) 0x00007ff9db11d0b0
 Begin Bits: [0x000001e5fd9d0000, 0x000001e5fe9d0000)
 End Bits:   [0x000001e5fe9d0000, 0x000001e5ff9d0000)

Polling page: 0x000001e5f8cf0000

Metaspace:

Usage:
  Non-class:     30.19 MB used.
      Class:      3.32 MB used.
       Both:     33.51 MB used.

Virtual space:
  Non-class space:       64.00 MB reserved,      30.56 MB ( 48%) committed,  1 nodes.
      Class space:        1.00 GB reserved,       3.62 MB ( <1%) committed,  1 nodes.
             Both:        1.06 GB reserved,      34.19 MB (  3%) committed. 

Chunk freelists:
   Non-Class:  1.20 MB
       Class:  12.39 MB
        Both:  13.59 MB

MaxMetaspaceSize: unlimited
CompressedClassSpaceSize: 1.00 GB
Initial GC threshold: 21.00 MB
Current GC threshold: 35.00 MB
CDS: off
MetaspaceReclaimPolicy: balanced
 - commit_granule_bytes: 65536.
 - commit_granule_words: 8192.
 - virtual_space_node_default_size: 8388608.
 - enlarge_chunks_in_place: 1.
 - new_chunks_are_fully_committed: 0.
 - uncommit_free_chunks: 1.
 - use_allocation_guard: 0.
 - handle_deallocations: 1.


Internal statistics:

num_allocs_failed_limit: 3.
num_arena_births: 352.
num_arena_deaths: 14.
num_vsnodes_births: 2.
num_vsnodes_deaths: 0.
num_space_committed: 547.
num_space_uncommitted: 0.
num_chunks_returned_to_freelist: 17.
num_chunks_taken_from_freelist: 1386.
num_chunk_merges: 7.
num_chunk_splits: 922.
num_chunks_enlarged: 642.
num_inconsistent_stats: 0.

CodeHeap 'non-profiled nmethods': size=120000Kb used=1456Kb max_used=1456Kb free=118543Kb
 bounds [0x000001e587ad0000, 0x000001e587d40000, 0x000001e58f000000]
CodeHeap 'profiled nmethods': size=120000Kb used=7386Kb max_used=7386Kb free=112613Kb
 bounds [0x000001e580000000, 0x000001e580740000, 0x000001e587530000]
CodeHeap 'non-nmethods': size=5760Kb used=1257Kb max_used=1277Kb free=4502Kb
 bounds [0x000001e587530000, 0x000001e5877a0000, 0x000001e587ad0000]
 total_blobs=4053 nmethods=3483 adapters=484
 compilation: enabled
              stopped_count=0, restarted_count=0
 full_count=0

Compilation events (20 events):
Event: 10.651 Thread 0x000001e593fa80e0 3476       3       java.util.HashMap::putVal (300 bytes)
Event: 10.652 Thread 0x000001e593fa80e0 nmethod 3476 0x000001e58072fc90 code [0x000001e58072ff40, 0x000001e580731058]
Event: 10.652 Thread 0x000001e593fa80e0 3477       3       java.lang.Character::toUpperCase (6 bytes)
Event: 10.652 Thread 0x000001e593fa80e0 nmethod 3477 0x000001e580731510 code [0x000001e5807316c0, 0x000001e580731918]
Event: 10.652 Thread 0x000001e593fa80e0 3478       3       java.lang.Character::toUpperCase (9 bytes)
Event: 10.653 Thread 0x000001e593fa80e0 nmethod 3478 0x000001e580731a10 code [0x000001e580731bc0, 0x000001e580731db8]
Event: 10.670 Thread 0x000001e594085150 nmethod 3455 0x000001e587c39310 code [0x000001e587c39520, 0x000001e587c3a050]
Event: 10.671 Thread 0x000001e594085150 3458       4       org.eclipse.osgi.storage.bundlefile.ZipBundleFile::getZipEntry (87 bytes)
Event: 10.680 Thread 0x000001e593fa80e0 3480       3       jdk.internal.org.objectweb.asm.Frame::accept (264 bytes)
Event: 10.682 Thread 0x000001e593fa80e0 nmethod 3480 0x000001e580731e90 code [0x000001e5807320c0, 0x000001e5807329f8]
Event: 10.688 Thread 0x000001e594085150 nmethod 3458 0x000001e587c3ac10 code [0x000001e587c3ae00, 0x000001e587c3b750]
Event: 10.688 Thread 0x000001e594085150 3456   !   4       org.eclipse.osgi.internal.loader.classpath.ClasspathManager::findClassImpl (308 bytes)
Event: 10.698 Thread 0x000001e593fa80e0 3483       3       sun.security.provider.SHA::implCompress0 (506 bytes)
Event: 10.699 Thread 0x000001e593fa80e0 nmethod 3483 0x000001e580732d90 code [0x000001e580732fa0, 0x000001e5807339a8]
Event: 10.699 Thread 0x000001e593fa80e0 3484       3       sun.security.provider.SHA::implCompress (13 bytes)
Event: 10.700 Thread 0x000001e593fa80e0 nmethod 3484 0x000001e580733e90 code [0x000001e580734080, 0x000001e5807344c8]
Event: 10.700 Thread 0x000001e593fa80e0 3485       3       sun.security.provider.SHA::implCompressCheck (27 bytes)
Event: 10.700 Thread 0x000001e593fa80e0 nmethod 3485 0x000001e580734690 code [0x000001e580734860, 0x000001e580734c18]
Event: 10.793 Thread 0x000001e593fa80e0 3487       3       java.util.HashSet::contains (9 bytes)
Event: 10.793 Thread 0x000001e593fa80e0 nmethod 3487 0x000001e580734d90 code [0x000001e580734f40, 0x000001e580735108]

GC Heap History (18 events):
Event: 2.297 GC heap before
{Heap before GC invocations=1 (full 0):
 PSYoungGen      total 29696K, used 25600K [0x00000000eab00000, 0x00000000ecc00000, 0x0000000100000000)
  eden space 25600K, 100% used [0x00000000eab00000,0x00000000ec400000,0x00000000ec400000)
  from space 4096K, 0% used [0x00000000ec800000,0x00000000ec800000,0x00000000ecc00000)
  to   space 4096K, 0% used [0x00000000ec400000,0x00000000ec400000,0x00000000ec800000)
 ParOldGen       total 68608K, used 0K [0x00000000c0000000, 0x00000000c4300000, 0x00000000eab00000)
  object space 68608K, 0% used [0x00000000c0000000,0x00000000c0000000,0x00000000c4300000)
 Metaspace       used 11015K, committed 11200K, reserved 1114112K
  class space    used 1098K, committed 1216K, reserved 1048576K
}
Event: 2.307 GC heap after
{Heap after GC invocations=1 (full 0):
 PSYoungGen      total 29696K, used 3155K [0x00000000eab00000, 0x00000000ecc00000, 0x0000000100000000)
  eden space 25600K, 0% used [0x00000000eab00000,0x00000000eab00000,0x00000000ec400000)
  from space 4096K, 77% used [0x00000000ec400000,0x00000000ec714c18,0x00000000ec800000)
  to   space 4096K, 0% used [0x00000000ec800000,0x00000000ec800000,0x00000000ecc00000)
 ParOldGen       total 68608K, used 8K [0x00000000c0000000, 0x00000000c4300000, 0x00000000eab00000)
  object space 68608K, 0% used [0x00000000c0000000,0x00000000c0002000,0x00000000c4300000)
 Metaspace       used 11015K, committed 11200K, reserved 1114112K
  class space    used 1098K, committed 1216K, reserved 1048576K
}
Event: 3.832 GC heap before
{Heap before GC invocations=2 (full 0):
 PSYoungGen      total 29696K, used 28755K [0x00000000eab00000, 0x00000000ecc00000, 0x0000000100000000)
  eden space 25600K, 100% used [0x00000000eab00000,0x00000000ec400000,0x00000000ec400000)
  from space 4096K, 77% used [0x00000000ec400000,0x00000000ec714c18,0x00000000ec800000)
  to   space 4096K, 0% used [0x00000000ec800000,0x00000000ec800000,0x00000000ecc00000)
 ParOldGen       total 68608K, used 8K [0x00000000c0000000, 0x00000000c4300000, 0x00000000eab00000)
  object space 68608K, 0% used [0x00000000c0000000,0x00000000c0002000,0x00000000c4300000)
 Metaspace       used 14704K, committed 14976K, reserved 1114112K
  class space    used 1477K, committed 1600K, reserved 1048576K
}
Event: 3.842 GC heap after
{Heap after GC invocations=2 (full 0):
 PSYoungGen      total 29696K, used 4088K [0x00000000eab00000, 0x00000000ecc00000, 0x0000000100000000)
  eden space 25600K, 0% used [0x00000000eab00000,0x00000000eab00000,0x00000000ec400000)
  from space 4096K, 99% used [0x00000000ec800000,0x00000000ecbfe378,0x00000000ecc00000)
  to   space 4096K, 0% used [0x00000000ec400000,0x00000000ec400000,0x00000000ec800000)
 ParOldGen       total 68608K, used 1472K [0x00000000c0000000, 0x00000000c4300000, 0x00000000eab00000)
  object space 68608K, 2% used [0x00000000c0000000,0x00000000c0170030,0x00000000c4300000)
 Metaspace       used 14704K, committed 14976K, reserved 1114112K
  class space    used 1477K, committed 1600K, reserved 1048576K
}
Event: 5.139 GC heap before
{Heap before GC invocations=3 (full 0):
 PSYoungGen      total 29696K, used 29688K [0x00000000eab00000, 0x00000000ecc00000, 0x0000000100000000)
  eden space 25600K, 100% used [0x00000000eab00000,0x00000000ec400000,0x00000000ec400000)
  from space 4096K, 99% used [0x00000000ec800000,0x00000000ecbfe378,0x00000000ecc00000)
  to   space 4096K, 0% used [0x00000000ec400000,0x00000000ec400000,0x00000000ec800000)
 ParOldGen       total 68608K, used 1472K [0x00000000c0000000, 0x00000000c4300000, 0x00000000eab00000)
  object space 68608K, 2% used [0x00000000c0000000,0x00000000c0170030,0x00000000c4300000)
 Metaspace       used 17185K, committed 17536K, reserved 1114112K
  class space    used 1742K, committed 1920K, reserved 1048576K
}
Event: 5.148 GC heap after
{Heap after GC invocations=3 (full 0):
 PSYoungGen      total 29696K, used 4078K [0x00000000eab00000, 0x00000000ecc00000, 0x0000000100000000)
  eden space 25600K, 0% used [0x00000000eab00000,0x00000000eab00000,0x00000000ec400000)
  from space 4096K, 99% used [0x00000000ec400000,0x00000000ec7fbb38,0x00000000ec800000)
  to   space 4096K, 0% used [0x00000000ec800000,0x00000000ec800000,0x00000000ecc00000)
 ParOldGen       total 68608K, used 5190K [0x00000000c0000000, 0x00000000c4300000, 0x00000000eab00000)
  object space 68608K, 7% used [0x00000000c0000000,0x00000000c0511bd8,0x00000000c4300000)
 Metaspace       used 17185K, committed 17536K, reserved 1114112K
  class space    used 1742K, committed 1920K, reserved 1048576K
}
Event: 6.143 GC heap before
{Heap before GC invocations=4 (full 0):
 PSYoungGen      total 29696K, used 28226K [0x00000000eab00000, 0x00000000ecc00000, 0x0000000100000000)
  eden space 25600K, 94% used [0x00000000eab00000,0x00000000ec294ff0,0x00000000ec400000)
  from space 4096K, 99% used [0x00000000ec400000,0x00000000ec7fbb38,0x00000000ec800000)
  to   space 4096K, 0% used [0x00000000ec800000,0x00000000ec800000,0x00000000ecc00000)
 ParOldGen       total 68608K, used 5190K [0x00000000c0000000, 0x00000000c4300000, 0x00000000eab00000)
  object space 68608K, 7% used [0x00000000c0000000,0x00000000c0511bd8,0x00000000c4300000)
 Metaspace       used 21034K, committed 21504K, reserved 1114112K
  class space    used 2126K, committed 2368K, reserved 1048576K
}
Event: 6.148 GC heap after
{Heap after GC invocations=4 (full 0):
 PSYoungGen      total 29696K, used 4069K [0x00000000eab00000, 0x00000000ecc00000, 0x0000000100000000)
  eden space 25600K, 0% used [0x00000000eab00000,0x00000000eab00000,0x00000000ec400000)
  from space 4096K, 99% used [0x00000000ec800000,0x00000000ecbf97c0,0x00000000ecc00000)
  to   space 4096K, 0% used [0x00000000ec400000,0x00000000ec400000,0x00000000ec800000)
 ParOldGen       total 68608K, used 6398K [0x00000000c0000000, 0x00000000c4300000, 0x00000000eab00000)
  object space 68608K, 9% used [0x00000000c0000000,0x00000000c063fb50,0x00000000c4300000)
 Metaspace       used 21034K, committed 21504K, reserved 1114112K
  class space    used 2126K, committed 2368K, reserved 1048576K
}
Event: 6.148 GC heap before
{Heap before GC invocations=5 (full 1):
 PSYoungGen      total 29696K, used 4069K [0x00000000eab00000, 0x00000000ecc00000, 0x0000000100000000)
  eden space 25600K, 0% used [0x00000000eab00000,0x00000000eab00000,0x00000000ec400000)
  from space 4096K, 99% used [0x00000000ec800000,0x00000000ecbf97c0,0x00000000ecc00000)
  to   space 4096K, 0% used [0x00000000ec400000,0x00000000ec400000,0x00000000ec800000)
 ParOldGen       total 68608K, used 6398K [0x00000000c0000000, 0x00000000c4300000, 0x00000000eab00000)
  object space 68608K, 9% used [0x00000000c0000000,0x00000000c063fb50,0x00000000c4300000)
 Metaspace       used 21034K, committed 21504K, reserved 1114112K
  class space    used 2126K, committed 2368K, reserved 1048576K
}
Event: 6.197 GC heap after
{Heap after GC invocations=5 (full 1):
 PSYoungGen      total 29696K, used 0K [0x00000000eab00000, 0x00000000ecc00000, 0x0000000100000000)
  eden space 25600K, 0% used [0x00000000eab00000,0x00000000eab00000,0x00000000ec400000)
  from space 4096K, 0% used [0x00000000ec800000,0x00000000ec800000,0x00000000ecc00000)
  to   space 4096K, 0% used [0x00000000ec400000,0x00000000ec400000,0x00000000ec800000)
 ParOldGen       total 68608K, used 10249K [0x00000000c0000000, 0x00000000c4300000, 0x00000000eab00000)
  object space 68608K, 14% used [0x00000000c0000000,0x00000000c0a02698,0x00000000c4300000)
 Metaspace       used 21021K, committed 21504K, reserved 1114112K
  class space    used 2123K, committed 2368K, reserved 1048576K
}
Event: 7.607 GC heap before
{Heap before GC invocations=6 (full 1):
 PSYoungGen      total 29696K, used 25600K [0x00000000eab00000, 0x00000000ecc00000, 0x0000000100000000)
  eden space 25600K, 100% used [0x00000000eab00000,0x00000000ec400000,0x00000000ec400000)
  from space 4096K, 0% used [0x00000000ec800000,0x00000000ec800000,0x00000000ecc00000)
  to   space 4096K, 0% used [0x00000000ec400000,0x00000000ec400000,0x00000000ec800000)
 ParOldGen       total 68608K, used 10249K [0x00000000c0000000, 0x00000000c4300000, 0x00000000eab00000)
  object space 68608K, 14% used [0x00000000c0000000,0x00000000c0a02698,0x00000000c4300000)
 Metaspace       used 24376K, committed 24960K, reserved 1114112K
  class space    used 2472K, committed 2688K, reserved 1048576K
}
Event: 7.610 GC heap after
{Heap after GC invocations=6 (full 1):
 PSYoungGen      total 26624K, used 1253K [0x00000000eab00000, 0x00000000ec980000, 0x0000000100000000)
  eden space 25088K, 0% used [0x00000000eab00000,0x00000000eab00000,0x00000000ec380000)
  from space 1536K, 81% used [0x00000000ec400000,0x00000000ec5396c8,0x00000000ec580000)
  to   space 3072K, 0% used [0x00000000ec680000,0x00000000ec680000,0x00000000ec980000)
 ParOldGen       total 68608K, used 10257K [0x00000000c0000000, 0x00000000c4300000, 0x00000000eab00000)
  object space 68608K, 14% used [0x00000000c0000000,0x00000000c0a04698,0x00000000c4300000)
 Metaspace       used 24376K, committed 24960K, reserved 1114112K
  class space    used 2472K, committed 2688K, reserved 1048576K
}
Event: 9.234 GC heap before
{Heap before GC invocations=7 (full 1):
 PSYoungGen      total 26624K, used 26341K [0x00000000eab00000, 0x00000000ec980000, 0x0000000100000000)
  eden space 25088K, 100% used [0x00000000eab00000,0x00000000ec380000,0x00000000ec380000)
  from space 1536K, 81% used [0x00000000ec400000,0x00000000ec5396c8,0x00000000ec580000)
  to   space 3072K, 0% used [0x00000000ec680000,0x00000000ec680000,0x00000000ec980000)
 ParOldGen       total 68608K, used 10257K [0x00000000c0000000, 0x00000000c4300000, 0x00000000eab00000)
  object space 68608K, 14% used [0x00000000c0000000,0x00000000c0a04698,0x00000000c4300000)
 Metaspace       used 27266K, committed 27904K, reserved 1114112K
  class space    used 2785K, committed 3008K, reserved 1048576K
}
Event: 9.238 GC heap after
{Heap after GC invocations=7 (full 1):
 PSYoungGen      total 26624K, used 3052K [0x00000000eab00000, 0x00000000ecc00000, 0x0000000100000000)
  eden space 23552K, 0% used [0x00000000eab00000,0x00000000eab00000,0x00000000ec200000)
  from space 3072K, 99% used [0x00000000ec680000,0x00000000ec97b1d0,0x00000000ec980000)
  to   space 4608K, 0% used [0x00000000ec200000,0x00000000ec200000,0x00000000ec680000)
 ParOldGen       total 68608K, used 11212K [0x00000000c0000000, 0x00000000c4300000, 0x00000000eab00000)
  object space 68608K, 16% used [0x00000000c0000000,0x00000000c0af30a8,0x00000000c4300000)
 Metaspace       used 27266K, committed 27904K, reserved 1114112K
  class space    used 2785K, committed 3008K, reserved 1048576K
}
Event: 9.806 GC heap before
{Heap before GC invocations=8 (full 1):
 PSYoungGen      total 26624K, used 26604K [0x00000000eab00000, 0x00000000ecc00000, 0x0000000100000000)
  eden space 23552K, 100% used [0x00000000eab00000,0x00000000ec200000,0x00000000ec200000)
  from space 3072K, 99% used [0x00000000ec680000,0x00000000ec97b1d0,0x00000000ec980000)
  to   space 4608K, 0% used [0x00000000ec200000,0x00000000ec200000,0x00000000ec680000)
 ParOldGen       total 68608K, used 11212K [0x00000000c0000000, 0x00000000c4300000, 0x00000000eab00000)
  object space 68608K, 16% used [0x00000000c0000000,0x00000000c0af30a8,0x00000000c4300000)
 Metaspace       used 30536K, committed 31168K, reserved 1114112K
  class space    used 3034K, committed 3264K, reserved 1048576K
}
Event: 9.808 GC heap after
{Heap after GC invocations=8 (full 1):
 PSYoungGen      total 25600K, used 2323K [0x00000000eab00000, 0x00000000ec780000, 0x0000000100000000)
  eden space 23040K, 0% used [0x00000000eab00000,0x00000000eab00000,0x00000000ec180000)
  from space 2560K, 90% used [0x00000000ec200000,0x00000000ec444d08,0x00000000ec480000)
  to   space 3072K, 0% used [0x00000000ec480000,0x00000000ec480000,0x00000000ec780000)
 ParOldGen       total 68608K, used 11212K [0x00000000c0000000, 0x00000000c4300000, 0x00000000eab00000)
  object space 68608K, 16% used [0x00000000c0000000,0x00000000c0af30a8,0x00000000c4300000)
 Metaspace       used 30536K, committed 31168K, reserved 1114112K
  class space    used 3034K, committed 3264K, reserved 1048576K
}
Event: 10.175 GC heap before
{Heap before GC invocations=9 (full 1):
 PSYoungGen      total 25600K, used 25363K [0x00000000eab00000, 0x00000000ec780000, 0x0000000100000000)
  eden space 23040K, 100% used [0x00000000eab00000,0x00000000ec180000,0x00000000ec180000)
  from space 2560K, 90% used [0x00000000ec200000,0x00000000ec444d08,0x00000000ec480000)
  to   space 3072K, 0% used [0x00000000ec480000,0x00000000ec480000,0x00000000ec780000)
 ParOldGen       total 68608K, used 11212K [0x00000000c0000000, 0x00000000c4300000, 0x00000000eab00000)
  object space 68608K, 16% used [0x00000000c0000000,0x00000000c0af30a8,0x00000000c4300000)
 Metaspace       used 32695K, committed 33344K, reserved 1114112K
  class space    used 3195K, committed 3456K, reserved 1048576K
}
Event: 10.178 GC heap after
{Heap after GC invocations=9 (full 1):
 PSYoungGen      total 25600K, used 2895K [0x00000000eab00000, 0x00000000ec780000, 0x0000000100000000)
  eden space 22528K, 0% used [0x00000000eab00000,0x00000000eab00000,0x00000000ec100000)
  from space 3072K, 94% used [0x00000000ec480000,0x00000000ec753c40,0x00000000ec780000)
  to   space 3072K, 0% used [0x00000000ec180000,0x00000000ec180000,0x00000000ec480000)
 ParOldGen       total 68608K, used 11220K [0x00000000c0000000, 0x00000000c4300000, 0x00000000eab00000)
  object space 68608K, 16% used [0x00000000c0000000,0x00000000c0af50a8,0x00000000c4300000)
 Metaspace       used 32695K, committed 33344K, reserved 1114112K
  class space    used 3195K, committed 3456K, reserved 1048576K
}

Dll operation events (9 events):
Event: 0.016 Loaded shared library c:\Users\77755\.vscode\extensions\redhat.java-1.25.1-win32-x64\jre\17.0.9-win32-x86_64\bin\java.dll
Event: 0.444 Loaded shared library c:\Users\77755\.vscode\extensions\redhat.java-1.25.1-win32-x64\jre\17.0.9-win32-x86_64\bin\zip.dll
Event: 0.452 Loaded shared library C:\Users\77755\.vscode\extensions\redhat.java-1.25.1-win32-x64\jre\17.0.9-win32-x86_64\bin\instrument.dll
Event: 0.494 Loaded shared library C:\Users\77755\.vscode\extensions\redhat.java-1.25.1-win32-x64\jre\17.0.9-win32-x86_64\bin\net.dll
Event: 0.499 Loaded shared library C:\Users\77755\.vscode\extensions\redhat.java-1.25.1-win32-x64\jre\17.0.9-win32-x86_64\bin\nio.dll
Event: 0.517 Loaded shared library C:\Users\77755\.vscode\extensions\redhat.java-1.25.1-win32-x64\jre\17.0.9-win32-x86_64\bin\zip.dll
Event: 0.571 Loaded shared library C:\Users\77755\.vscode\extensions\redhat.java-1.25.1-win32-x64\jre\17.0.9-win32-x86_64\bin\jimage.dll
Event: 0.735 Loaded shared library c:\Users\77755\.vscode\extensions\redhat.java-1.25.1-win32-x64\jre\17.0.9-win32-x86_64\bin\verify.dll
Event: 3.564 Loaded shared library C:\Users\77755\AppData\Roaming\Code\User\globalStorage\redhat.java\1.25.1\config_win\org.eclipse.equinox.launcher\org.eclipse.equinox.launcher.win32.win32.x86_64_1.2.800.v20231003-1442\eclipse_11802.dll

Deoptimization events (20 events):
Event: 10.650 Thread 0x000001e595866a70 Uncommon trap: trap_request=0xffffffc6 fr.pc=0x000001e587b6a450 relative=0x0000000000000a10
Event: 10.650 Thread 0x000001e595866a70 Uncommon trap: reason=bimorphic_or_optimized_type_check action=maybe_recompile pc=0x000001e587b6a450 method=java.util.HashMap.putVal(ILjava/lang/Object;Ljava/lang/Object;ZZ)Ljava/lang/Object; @ 56 c2
Event: 10.650 Thread 0x000001e595866a70 DEOPT PACKING pc=0x000001e587b6a450 sp=0x000000ac68efd810
Event: 10.651 Thread 0x000001e595866a70 DEOPT UNPACKING pc=0x000001e5875866a3 sp=0x000000ac68efd710 mode 2
Event: 10.651 Thread 0x000001e595866a70 Uncommon trap: trap_request=0xffffffc6 fr.pc=0x000001e587b6a450 relative=0x0000000000000a10
Event: 10.651 Thread 0x000001e595866a70 Uncommon trap: reason=bimorphic_or_optimized_type_check action=maybe_recompile pc=0x000001e587b6a450 method=java.util.HashMap.putVal(ILjava/lang/Object;Ljava/lang/Object;ZZ)Ljava/lang/Object; @ 56 c2
Event: 10.651 Thread 0x000001e595866a70 DEOPT PACKING pc=0x000001e587b6a450 sp=0x000000ac68efd810
Event: 10.651 Thread 0x000001e595866a70 DEOPT UNPACKING pc=0x000001e5875866a3 sp=0x000000ac68efd710 mode 2
Event: 10.651 Thread 0x000001e595866a70 Uncommon trap: trap_request=0xffffffc6 fr.pc=0x000001e587b6a450 relative=0x0000000000000a10
Event: 10.651 Thread 0x000001e595866a70 Uncommon trap: reason=bimorphic_or_optimized_type_check action=maybe_recompile pc=0x000001e587b6a450 method=java.util.HashMap.putVal(ILjava/lang/Object;Ljava/lang/Object;ZZ)Ljava/lang/Object; @ 56 c2
Event: 10.651 Thread 0x000001e595866a70 DEOPT PACKING pc=0x000001e587b6a450 sp=0x000000ac68efd810
Event: 10.651 Thread 0x000001e595866a70 DEOPT UNPACKING pc=0x000001e5875866a3 sp=0x000000ac68efd710 mode 2
Event: 10.651 Thread 0x000001e595866a70 Uncommon trap: trap_request=0xffffffc6 fr.pc=0x000001e587b6a450 relative=0x0000000000000a10
Event: 10.651 Thread 0x000001e595866a70 Uncommon trap: reason=bimorphic_or_optimized_type_check action=maybe_recompile pc=0x000001e587b6a450 method=java.util.HashMap.putVal(ILjava/lang/Object;Ljava/lang/Object;ZZ)Ljava/lang/Object; @ 56 c2
Event: 10.651 Thread 0x000001e595866a70 DEOPT PACKING pc=0x000001e587b6a450 sp=0x000000ac68efd810
Event: 10.651 Thread 0x000001e595866a70 DEOPT UNPACKING pc=0x000001e5875866a3 sp=0x000000ac68efd710 mode 2
Event: 10.651 Thread 0x000001e595866a70 Uncommon trap: trap_request=0xffffffc6 fr.pc=0x000001e587b68f44 relative=0x0000000000000984
Event: 10.651 Thread 0x000001e595866a70 Uncommon trap: reason=bimorphic_or_optimized_type_check action=maybe_recompile pc=0x000001e587b68f44 method=java.util.HashMap.putVal(ILjava/lang/Object;Ljava/lang/Object;ZZ)Ljava/lang/Object; @ 56 c2
Event: 10.651 Thread 0x000001e595866a70 DEOPT PACKING pc=0x000001e587b68f44 sp=0x000000ac68efd780
Event: 10.651 Thread 0x000001e595866a70 DEOPT UNPACKING pc=0x000001e5875866a3 sp=0x000000ac68efd708 mode 2

Classes unloaded (7 events):
Event: 6.156 Thread 0x000001e5ffbc9130 Unloading class 0x0000000100250000 'java/lang/invoke/LambdaForm$MH+0x0000000100250000'
Event: 6.157 Thread 0x000001e5ffbc9130 Unloading class 0x000000010024fc00 'java/lang/invoke/LambdaForm$MH+0x000000010024fc00'
Event: 6.157 Thread 0x000001e5ffbc9130 Unloading class 0x000000010024f800 'java/lang/invoke/LambdaForm$MH+0x000000010024f800'
Event: 6.157 Thread 0x000001e5ffbc9130 Unloading class 0x000000010024f400 'java/lang/invoke/LambdaForm$MH+0x000000010024f400'
Event: 6.157 Thread 0x000001e5ffbc9130 Unloading class 0x000000010024f000 'java/lang/invoke/LambdaForm$BMH+0x000000010024f000'
Event: 6.157 Thread 0x000001e5ffbc9130 Unloading class 0x000000010024ec00 'java/lang/invoke/LambdaForm$DMH+0x000000010024ec00'
Event: 6.157 Thread 0x000001e5ffbc9130 Unloading class 0x000000010024c000 'java/lang/invoke/LambdaForm$DMH+0x000000010024c000'

Classes redefined (0 events):
No events

Internal exceptions (20 events):
Event: 6.619 Thread 0x000001e595866a70 Exception <a 'java/lang/NoSuchMethodError'{0x00000000eb298a40}: 'java.lang.Object java.lang.invoke.DirectMethodHandle$Holder.invokeSpecial(java.lang.Object, java.lang.Object, java.lang.Object, long, java.lang.Object)'> (0x00000000eb298a40) 
thrown [s\src\hotspot\share\interpreter\linkResolver.cpp, line 759]
Event: 6.630 Thread 0x000001e595866a70 Exception <a 'java/lang/NoSuchMethodError'{0x00000000eb2a0e88}: 'java.lang.Object java.lang.invoke.DirectMethodHandle$Holder.newInvokeSpecial(java.lang.Object, java.lang.Object, java.lang.Object, long)'> (0x00000000eb2a0e88) 
thrown [s\src\hotspot\share\interpreter\linkResolver.cpp, line 759]
Event: 6.631 Thread 0x000001e595866a70 Exception <a 'java/lang/NoSuchMethodError'{0x00000000eb2a5428}: 'java.lang.Object java.lang.invoke.DirectMethodHandle$Holder.invokeSpecial(java.lang.Object, java.lang.Object, java.lang.Object, java.lang.Object, long)'> (0x00000000eb2a5428) 
thrown [s\src\hotspot\share\interpreter\linkResolver.cpp, line 759]
Event: 6.631 Thread 0x000001e595866a70 Exception <a 'java/lang/NoSuchMethodError'{0x00000000eb2a92a0}: 'java.lang.Object java.lang.invoke.Invokers$Holder.linkToTargetMethod(java.lang.Object, java.lang.Object, long, java.lang.Object)'> (0x00000000eb2a92a0) 
thrown [s\src\hotspot\share\interpreter\linkResolver.cpp, line 759]
Event: 6.649 Thread 0x000001e595866a70 Exception <a 'java/lang/NoSuchMethodError'{0x00000000eb3289f8}: 'int java.lang.invoke.DirectMethodHandle$Holder.invokeStaticInit(java.lang.Object, java.lang.Object, java.lang.Object)'> (0x00000000eb3289f8) 
thrown [s\src\hotspot\share\interpreter\linkResolver.cpp, line 759]
Event: 6.676 Thread 0x000001e595866a70 Exception <a 'java/lang/IncompatibleClassChangeError'{0x00000000eb3a15f8}: Found class java.lang.Object, but interface was expected> (0x00000000eb3a15f8) 
thrown [s\src\hotspot\share\interpreter\linkResolver.cpp, line 826]
Event: 6.696 Thread 0x000001e595866a70 Exception <a 'java/lang/NoSuchMethodError'{0x00000000eb3c1288}: 'java.lang.Object java.lang.invoke.DirectMethodHandle$Holder.invokeSpecial(java.lang.Object, java.lang.Object, java.lang.Object, int, java.lang.Object, java.lang.Object)'> (0x00000000eb3c1288) 
thrown [s\src\hotspot\share\interpreter\linkResolver.cpp, line 759]
Event: 6.697 Thread 0x000001e595866a70 Exception <a 'java/lang/NoSuchMethodError'{0x00000000eb3c9ef0}: 'java.lang.Object java.lang.invoke.DirectMethodHandle$Holder.newInvokeSpecial(java.lang.Object, java.lang.Object, java.lang.Object, int, java.lang.Object)'> (0x00000000eb3c9ef0) 
thrown [s\src\hotspot\share\interpreter\linkResolver.cpp, line 759]
Event: 6.698 Thread 0x000001e595866a70 Exception <a 'java/lang/NoSuchMethodError'{0x00000000eb3ce5c0}: 'java.lang.Object java.lang.invoke.DirectMethodHandle$Holder.invokeSpecial(java.lang.Object, java.lang.Object, java.lang.Object, java.lang.Object, int, java.lang.Object)'> (0x00000000eb3ce5c0) 
thrown [s\src\hotspot\share\interpreter\linkResolver.cpp, line 759]
Event: 6.700 Thread 0x000001e595864700 Exception <a 'java/lang/NoSuchMethodError'{0x00000000eb2f51e0}: 'java.lang.Object java.lang.invoke.DirectMethodHandle$Holder.invokeSpecial(java.lang.Object, java.lang.Object, int, java.lang.Object, java.lang.Object)'> (0x00000000eb2f51e0) 
thrown [s\src\hotspot\share\interpreter\linkResolver.cpp, line 759]
Event: 7.488 Thread 0x000001e595866a70 Exception <a 'java/lang/NoSuchMethodError'{0x00000000ec102e20}: 'java.lang.Object java.lang.invoke.Invokers$Holder.linkToTargetMethod(java.lang.Object, long, java.lang.Object, java.lang.Object)'> (0x00000000ec102e20) 
thrown [s\src\hotspot\share\interpreter\linkResolver.cpp, line 759]
Event: 7.876 Thread 0x000001e595866a70 Exception <a 'java/io/FileNotFoundException'{0x00000000eaf69fa0}> (0x00000000eaf69fa0) 
thrown [s\src\hotspot\share\prims\jni.cpp, line 516]
Event: 8.803 Thread 0x000001e595866a70 Exception <a 'java/lang/NoSuchMethodError'{0x00000000eb71b148}: 'void java.lang.invoke.DirectMethodHandle$Holder.invokeSpecial(java.lang.Object, java.lang.Object, java.lang.Object, int)'> (0x00000000eb71b148) 
thrown [s\src\hotspot\share\interpreter\linkResolver.cpp, line 759]
Event: 9.974 Thread 0x000001e595865630 Exception <a 'java/lang/NoSuchMethodError'{0x00000000ebbc9e18}: 'void java.lang.invoke.DirectMethodHandle$Holder.invokeStatic(java.lang.Object, java.lang.Object, java.lang.Object, java.lang.Object)'> (0x00000000ebbc9e18) 
thrown [s\src\hotspot\share\interpreter\linkResolver.cpp, line 759]
Event: 10.085 Thread 0x000001e595865630 Exception <a 'java/lang/NoSuchMethodError'{0x00000000ebf42dc8}: 'java.lang.Object java.lang.invoke.DirectMethodHandle$Holder.invokeSpecialIFC(java.lang.Object, java.lang.Object, java.lang.Object, java.lang.Object)'> (0x00000000ebf42dc8) 
thrown [s\src\hotspot\share\interpreter\linkResolver.cpp, line 759]
Event: 10.191 Thread 0x000001e595866a70 Exception <a 'java/lang/ClassNotFoundException'{0x00000000eab16e60}: com/sun/org/apache/xerces/internal/impl/msg/spi/DOMMessagesProvider> (0x00000000eab16e60) 
thrown [s\src\hotspot\share\classfile\systemDictionary.cpp, line 256]
Event: 10.193 Thread 0x000001e595866a70 Exception <a 'java/lang/ClassNotFoundException'{0x00000000eab28598}: com/sun/org/apache/xerces/internal/impl/msg/spi/XMLSerializerMessagesProvider> (0x00000000eab28598) 
thrown [s\src\hotspot\share\classfile\systemDictionary.cpp, line 256]
Event: 10.197 Thread 0x000001e595866a70 Exception <a 'java/lang/ClassNotFoundException'{0x00000000eab35870}: com/sun/org/apache/xerces/internal/impl/msg/spi/XMLMessagesProvider> (0x00000000eab35870) 
thrown [s\src\hotspot\share\classfile\systemDictionary.cpp, line 256]
Event: 10.234 Thread 0x000001e595866a70 Exception <a 'java/lang/NoSuchMethodError'{0x00000000ead89740}: 'void java.lang.invoke.DirectMethodHandle$Holder.invokeVirtual(java.lang.Object, java.lang.Object)'> (0x00000000ead89740) 
thrown [s\src\hotspot\share\interpreter\linkResolver.cpp, line 759]
Event: 10.680 Thread 0x000001e595866a70 Exception <a 'java/lang/NoSuchMethodError'{0x00000000eb1dcaa8}: 'java.lang.Object java.lang.invoke.DirectMethodHandle$Holder.invokeStaticInit(java.lang.Object, int, int, int, int)'> (0x00000000eb1dcaa8) 
thrown [s\src\hotspot\share\interpreter\linkResolver.cpp, line 759]

VM Operations (20 events):
Event: 7.606 Executing VM operation: ParallelGCFailedAllocation
Event: 7.610 Executing VM operation: ParallelGCFailedAllocation done
Event: 8.213 Executing VM operation: HandshakeAllThreads
Event: 8.213 Executing VM operation: HandshakeAllThreads done
Event: 9.214 Executing VM operation: Cleanup
Event: 9.214 Executing VM operation: Cleanup done
Event: 9.234 Executing VM operation: ParallelGCFailedAllocation
Event: 9.238 Executing VM operation: ParallelGCFailedAllocation done
Event: 9.806 Executing VM operation: ParallelGCFailedAllocation
Event: 9.808 Executing VM operation: ParallelGCFailedAllocation done
Event: 9.893 Executing VM operation: HandshakeAllThreads
Event: 9.893 Executing VM operation: HandshakeAllThreads done
Event: 10.035 Executing VM operation: HandshakeAllThreads
Event: 10.038 Executing VM operation: HandshakeAllThreads done
Event: 10.155 Executing VM operation: HandshakeAllThreads
Event: 10.155 Executing VM operation: HandshakeAllThreads done
Event: 10.175 Executing VM operation: ParallelGCFailedAllocation
Event: 10.178 Executing VM operation: ParallelGCFailedAllocation done
Event: 10.297 Executing VM operation: HandshakeAllThreads
Event: 10.650 Executing VM operation: HandshakeAllThreads done

Events (20 events):
Event: 10.729 loading class java/util/concurrent/ConcurrentSkipListSet
Event: 10.729 loading class java/util/concurrent/ConcurrentSkipListSet done
Event: 10.729 loading class java/net/InetAddressImplFactory
Event: 10.729 loading class java/net/InetAddressImplFactory done
Event: 10.730 loading class java/net/Inet6AddressImpl
Event: 10.731 loading class java/net/InetAddressImpl
Event: 10.731 loading class java/net/InetAddressImpl done
Event: 10.731 loading class java/net/Inet6AddressImpl done
Event: 10.731 loading class java/net/InetAddress$PlatformNameService
Event: 10.731 loading class java/net/InetAddress$NameService
Event: 10.732 loading class java/net/InetAddress$NameService done
Event: 10.732 loading class java/net/InetAddress$PlatformNameService done
Event: 10.732 loading class java/net/Inet4Address
Event: 10.732 loading class java/net/Inet4Address done
Event: 10.732 loading class java/net/Inet6Address
Event: 10.733 loading class java/net/Inet6Address done
Event: 10.733 loading class java/net/Inet6Address$Inet6AddressHolder
Event: 10.733 loading class java/net/Inet6Address$Inet6AddressHolder done
Event: 10.734 loading class java/net/DefaultInterface
Event: 10.734 loading class java/net/DefaultInterface done


Dynamic libraries:
0x00007ff707450000 - 0x00007ff70745e000 	c:\Users\77755\.vscode\extensions\redhat.java-1.25.1-win32-x64\jre\17.0.9-win32-x86_64\bin\java.exe
0x00007ffa4c190000 - 0x00007ffa4c3a7000 	C:\WINDOWS\SYSTEM32\ntdll.dll
0x00007ffa4aa10000 - 0x00007ffa4aad4000 	C:\WINDOWS\System32\KERNEL32.DLL
0x00007ffa49b00000 - 0x00007ffa49ea5000 	C:\WINDOWS\System32\KERNELBASE.dll
0x00007ffa499e0000 - 0x00007ffa49af1000 	C:\WINDOWS\System32\ucrtbase.dll
0x00007ffa3ecb0000 - 0x00007ffa3ecc7000 	c:\Users\77755\.vscode\extensions\redhat.java-1.25.1-win32-x64\jre\17.0.9-win32-x86_64\bin\jli.dll
0x00007ffa4b7f0000 - 0x00007ffa4b99e000 	C:\WINDOWS\System32\USER32.dll
0x00007ffa49eb0000 - 0x00007ffa49ed6000 	C:\WINDOWS\System32\win32u.dll
0x00007ffa4a360000 - 0x00007ffa4a389000 	C:\WINDOWS\System32\GDI32.dll
0x00007ffa49670000 - 0x00007ffa49789000 	C:\WINDOWS\System32\gdi32full.dll
0x00007ffa49810000 - 0x00007ffa498aa000 	C:\WINDOWS\System32\msvcp_win.dll
0x00007ffa3e980000 - 0x00007ffa3e99b000 	c:\Users\77755\.vscode\extensions\redhat.java-1.25.1-win32-x64\jre\17.0.9-win32-x86_64\bin\VCRUNTIME140.dll
0x00007ffa30a10000 - 0x00007ffa30ca3000 	C:\WINDOWS\WinSxS\amd64_microsoft.windows.common-controls_6595b64144ccf1df_6.0.22621.2506_none_270c5ae97388e100\COMCTL32.dll
0x00007ffa4c020000 - 0x00007ffa4c0c7000 	C:\WINDOWS\System32\msvcrt.dll
0x00007ffa4aeb0000 - 0x00007ffa4aee1000 	C:\WINDOWS\System32\IMM32.DLL
0x00007ffa42ba0000 - 0x00007ffa42bac000 	c:\Users\77755\.vscode\extensions\redhat.java-1.25.1-win32-x64\jre\17.0.9-win32-x86_64\bin\vcruntime140_1.dll
0x00007ffa11e80000 - 0x00007ffa11f0d000 	c:\Users\77755\.vscode\extensions\redhat.java-1.25.1-win32-x64\jre\17.0.9-win32-x86_64\bin\msvcp140.dll
0x00007ff9da580000 - 0x00007ff9db1e1000 	c:\Users\77755\.vscode\extensions\redhat.java-1.25.1-win32-x64\jre\17.0.9-win32-x86_64\bin\server\jvm.dll
0x00007ffa4ac30000 - 0x00007ffa4ace1000 	C:\WINDOWS\System32\ADVAPI32.dll
0x00007ffa4bd10000 - 0x00007ffa4bdb6000 	C:\WINDOWS\System32\sechost.dll
0x00007ffa4bbf0000 - 0x00007ffa4bd07000 	C:\WINDOWS\System32\RPCRT4.dll
0x00007ffa27a50000 - 0x00007ffa27a59000 	C:\WINDOWS\SYSTEM32\WSOCK32.dll
0x00007ffa4a400000 - 0x00007ffa4a471000 	C:\WINDOWS\System32\WS2_32.dll
0x00007ffa48350000 - 0x00007ffa4839d000 	C:\WINDOWS\SYSTEM32\POWRPROF.dll
0x00007ffa40e50000 - 0x00007ffa40e5a000 	C:\WINDOWS\SYSTEM32\VERSION.dll
0x00007ffa42850000 - 0x00007ffa42884000 	C:\WINDOWS\SYSTEM32\WINMM.dll
0x00007ffa48330000 - 0x00007ffa48343000 	C:\WINDOWS\SYSTEM32\UMPDC.dll
0x00007ffa48590000 - 0x00007ffa485a8000 	C:\WINDOWS\SYSTEM32\kernel.appcore.dll
0x00007ffa3b060000 - 0x00007ffa3b06a000 	c:\Users\77755\.vscode\extensions\redhat.java-1.25.1-win32-x64\jre\17.0.9-win32-x86_64\bin\jimage.dll
0x00007ffa32190000 - 0x00007ffa323c3000 	C:\WINDOWS\SYSTEM32\DBGHELP.DLL
0x00007ffa4a480000 - 0x00007ffa4a809000 	C:\WINDOWS\System32\combase.dll
0x00007ffa4a810000 - 0x00007ffa4a8e7000 	C:\WINDOWS\System32\OLEAUT32.dll
0x00007ffa27470000 - 0x00007ffa274a2000 	C:\WINDOWS\SYSTEM32\dbgcore.DLL
0x00007ffa49790000 - 0x00007ffa4980a000 	C:\WINDOWS\System32\bcryptPrimitives.dll
0x00007ffa3afb0000 - 0x00007ffa3afbe000 	c:\Users\77755\.vscode\extensions\redhat.java-1.25.1-win32-x64\jre\17.0.9-win32-x86_64\bin\instrument.dll
0x00007ffa27940000 - 0x00007ffa27965000 	c:\Users\77755\.vscode\extensions\redhat.java-1.25.1-win32-x64\jre\17.0.9-win32-x86_64\bin\java.dll
0x00007ffa25a20000 - 0x00007ffa25a38000 	c:\Users\77755\.vscode\extensions\redhat.java-1.25.1-win32-x64\jre\17.0.9-win32-x86_64\bin\zip.dll
0x00007ffa4aef0000 - 0x00007ffa4b749000 	C:\WINDOWS\System32\SHELL32.dll
0x00007ffa47430000 - 0x00007ffa47d24000 	C:\WINDOWS\SYSTEM32\windows.storage.dll
0x00007ffa472e0000 - 0x00007ffa4741e000 	C:\WINDOWS\SYSTEM32\wintypes.dll
0x00007ffa4a8f0000 - 0x00007ffa4a9e3000 	C:\WINDOWS\System32\SHCORE.dll
0x00007ffa4bdc0000 - 0x00007ffa4be1e000 	C:\WINDOWS\System32\shlwapi.dll
0x00007ffa49430000 - 0x00007ffa49456000 	C:\WINDOWS\SYSTEM32\profapi.dll
0x00007ffa22730000 - 0x00007ffa22749000 	C:\Users\77755\.vscode\extensions\redhat.java-1.25.1-win32-x64\jre\17.0.9-win32-x86_64\bin\net.dll
0x00007ffa43810000 - 0x00007ffa43947000 	C:\WINDOWS\SYSTEM32\WINHTTP.dll
0x00007ffa48a70000 - 0x00007ffa48ad9000 	C:\WINDOWS\system32\mswsock.dll
0x00007ffa1aed0000 - 0x00007ffa1aee6000 	C:\Users\77755\.vscode\extensions\redhat.java-1.25.1-win32-x64\jre\17.0.9-win32-x86_64\bin\nio.dll
0x00007ffa39a90000 - 0x00007ffa39aa0000 	c:\Users\77755\.vscode\extensions\redhat.java-1.25.1-win32-x64\jre\17.0.9-win32-x86_64\bin\verify.dll
0x00007ffa13da0000 - 0x00007ffa13dde000 	C:\Users\77755\AppData\Roaming\Code\User\globalStorage\redhat.java\1.25.1\config_win\org.eclipse.equinox.launcher\org.eclipse.equinox.launcher.win32.win32.x86_64_1.2.800.v20231003-1442\eclipse_11802.dll
0x00007ffa4be20000 - 0x00007ffa4bfc0000 	C:\WINDOWS\System32\ole32.dll
0x00007ffa48cc0000 - 0x00007ffa48cdb000 	C:\WINDOWS\SYSTEM32\CRYPTSP.dll
0x00007ffa48550000 - 0x00007ffa48585000 	C:\WINDOWS\system32\rsaenh.dll
0x00007ffa48b60000 - 0x00007ffa48b8c000 	C:\WINDOWS\SYSTEM32\USERENV.dll
0x00007ffa48e90000 - 0x00007ffa48eb8000 	C:\WINDOWS\SYSTEM32\bcrypt.dll
0x00007ffa48ce0000 - 0x00007ffa48cec000 	C:\WINDOWS\SYSTEM32\CRYPTBASE.dll
0x00007ffa48000000 - 0x00007ffa4802d000 	C:\WINDOWS\SYSTEM32\IPHLPAPI.DLL
0x00007ffa4aa00000 - 0x00007ffa4aa09000 	C:\WINDOWS\System32\NSI.dll
0x00007ffa439d0000 - 0x00007ffa439e9000 	C:\WINDOWS\SYSTEM32\dhcpcsvc6.DLL
0x00007ffa43430000 - 0x00007ffa4344f000 	C:\WINDOWS\SYSTEM32\dhcpcsvc.DLL
0x00007ffa48070000 - 0x00007ffa48169000 	C:\WINDOWS\SYSTEM32\DNSAPI.dll

dbghelp: loaded successfully - version: 4.0.5 - missing functions: none
symbol engine: initialized successfully - sym options: 0x614 - pdb path: .;c:\Users\77755\.vscode\extensions\redhat.java-1.25.1-win32-x64\jre\17.0.9-win32-x86_64\bin;C:\WINDOWS\SYSTEM32;C:\WINDOWS\WinSxS\amd64_microsoft.windows.common-controls_6595b64144ccf1df_6.0.22621.2506_none_270c5ae97388e100;c:\Users\77755\.vscode\extensions\redhat.java-1.25.1-win32-x64\jre\17.0.9-win32-x86_64\bin\server;C:\Users\77755\AppData\Roaming\Code\User\globalStorage\redhat.java\1.25.1\config_win\org.eclipse.equinox.launcher\org.eclipse.equinox.launcher.win32.win32.x86_64_1.2.800.v20231003-1442

VM Arguments:
jvm_args: --add-modules=ALL-SYSTEM --add-opens=java.base/java.util=ALL-UNNAMED --add-opens=java.base/java.lang=ALL-UNNAMED --add-opens=java.base/sun.nio.fs=ALL-UNNAMED -Declipse.application=org.eclipse.jdt.ls.core.id1 -Dosgi.bundles.defaultStartLevel=4 -Declipse.product=org.eclipse.jdt.ls.core.product -Djava.import.generatesMetadataFilesAtProjectRoot=false -DDetectVMInstallationsJob.disabled=true -Dfile.encoding=utf8 -XX:+UseParallelGC -XX:GCTimeRatio=4 -XX:AdaptiveSizePolicyWeight=90 -Dsun.zip.disableMemoryMapping=true -Xmx1G -Xms100m -Xlog:disable -javaagent:c:\Users\77755\.vscode\extensions\redhat.java-1.25.1-win32-x64\lombok\lombok-1.18.30.jar -XX:+HeapDumpOnOutOfMemoryError -XX:HeapDumpPath=c:\Users\77755\AppData\Roaming\Code\User\workspaceStorage\54c58c90f55f99343181207bb89980f2\redhat.java -Daether.dependencyCollector.impl=bf 
java_command: c:\Users\77755\.vscode\extensions\redhat.java-1.25.1-win32-x64\server\plugins\org.eclipse.equinox.launcher_1.6.600.v20231106-1826.jar -configuration c:\Users\77755\AppData\Roaming\Code\User\globalStorage\redhat.java\1.25.1\config_win -data c:\Users\77755\AppData\Roaming\Code\User\workspaceStorage\54c58c90f55f99343181207bb89980f2\redhat.java\jdt_ws --stdio
java_class_path (initial): c:\Users\77755\.vscode\extensions\redhat.java-1.25.1-win32-x64\server\plugins\org.eclipse.equinox.launcher_1.6.600.v20231106-1826.jar
Launcher Type: SUN_STANDARD

[Global flags]
    uintx AdaptiveSizePolicyWeight                 = 90                                        {product} {command line}
     intx CICompilerCount                          = 4                                         {product} {ergonomic}
    uintx GCTimeRatio                              = 4                                         {product} {command line}
     bool HeapDumpOnOutOfMemoryError               = true                                   {manageable} {command line}
    ccstr HeapDumpPath                             = c:\Users\77755\AppData\Roaming\Code\User\workspaceStorage\54c58c90f55f99343181207bb89980f2\redhat.java         {manageable} {command line}
   size_t InitialHeapSize                          = 104857600                                 {product} {command line}
   size_t MaxHeapSize                              = 1073741824                                {product} {command line}
   size_t MaxNewSize                               = 357564416                                 {product} {ergonomic}
   size_t MinHeapDeltaBytes                        = 524288                                    {product} {ergonomic}
   size_t MinHeapSize                              = 104857600                                 {product} {command line}
   size_t NewSize                                  = 34603008                                  {product} {ergonomic}
    uintx NonNMethodCodeHeapSize                   = 5839372                                {pd product} {ergonomic}
    uintx NonProfiledCodeHeapSize                  = 122909434                              {pd product} {ergonomic}
   size_t OldSize                                  = 70254592                                  {product} {ergonomic}
    uintx ProfiledCodeHeapSize                     = 122909434                              {pd product} {ergonomic}
    uintx ReservedCodeCacheSize                    = 251658240                              {pd product} {ergonomic}
     bool SegmentedCodeCache                       = true                                      {product} {ergonomic}
   size_t SoftMaxHeapSize                          = 1073741824                             {manageable} {ergonomic}
     bool UseCompressedClassPointers               = true                           {product lp64_product} {ergonomic}
     bool UseCompressedOops                        = true                           {product lp64_product} {ergonomic}
     bool UseLargePagesIndividualAllocation        = false                                  {pd product} {ergonomic}
     bool UseParallelGC                            = true                                      {product} {command line}

Logging:
Log output configuration:
 #0: stdout all=off uptime,level,tags
 #1: stderr all=off uptime,level,tags

Environment Variables:
PATH=C:\Games\flutter\bin;C:\WINDOWS\system32;C:\WINDOWS;C:\WINDOWS\System32\Wbem;C:\WINDOWS\System32\WindowsPowerShell\v1.0\;C:\WINDOWS\System32\OpenSSH\;C:\Program Files\dotnet\;C:\Program Files\Git\cmd;C:\Program Files\Cloudflare\Cloudflare WARP\;C:\Program Files\NVIDIA Corporation\NVIDIA NvDLISR;C:\Program Files\Microsoft SQL Server\150\Tools\Binn\;C:\Program Files\Microsoft SQL Server\Client SDK\ODBC\170\Tools\Binn\;C:\Program Files (x86)\NVIDIA Corporation\PhysX\Common;C:\Program Files\PuTTY\;C:\Users\77755\AppData\Local\Microsoft\WindowsApps;C:\Users\77755\AppData\Local\Programs\Microsoft VS Code\bin;C:\Games\flutter\bin;C:\Users\77755\.dotnet\tools;C:\Users\77755\src\flutter\bin;
USERNAME=77755
OS=Windows_NT
PROCESSOR_IDENTIFIER=Intel64 Family 6 Model 158 Stepping 13, GenuineIntel
TMP=C:\Users\77755\AppData\Local\Temp
TEMP=C:\Users\77755\AppData\Local\Temp



Periodic native trim disabled


---------------  S Y S T E M  ---------------

OS:
 Windows 11 , 64 bit Build 22621 (10.0.22621.2506)
OS uptime: 6 days 16:00 hours

CPU: total 8 (initial active 8) (4 cores per cpu, 2 threads per core) family 6 model 158 stepping 13 microcode 0xde, cx8, cmov, fxsr, ht, mmx, 3dnowpref, sse, sse2, sse3, ssse3, sse4.1, sse4.2, popcnt, lzcnt, tsc, tscinvbit, avx, avx2, aes, erms, clmul, bmi1, bmi2, adx, fma, vzeroupper, clflush, clflushopt
Processor Information for all 8 processors :
  Max Mhz: 2400, Current Mhz: 2400, Mhz Limit: 2400

Memory: 4k page, system-wide physical 8034M (504M free)
TotalPageFile size 16226M (AvailPageFile size 24M)
current process WorkingSet (physical memory assigned to process): 158M, peak: 159M
current process commit charge ("private bytes"): 262M, peak: 262M

vm_info: OpenJDK 64-Bit Server VM (17.0.9+9) for windows-amd64 JRE (17.0.9+9), built on Oct 26 2023 14:01:42 by "admin" with MS VC++ 16.10 / 16.11 (VS2019)

END.
