#
# There is insufficient memory for the Java Runtime Environment to continue.
# Native memory allocation (malloc) failed to allocate 1108976 bytes for Chunk::new
# Possible reasons:
#   The system is out of physical RAM or swap space
#   The process is running with CompressedOops enabled, and the Java Heap may be blocking the growth of the native heap
# Possible solutions:
#   Reduce memory load on the system
#   Increase physical memory or swap space
#   Check if swap backing store is full
#   Decrease Java heap size (-Xmx/-Xms)
#   Decrease number of Java threads
#   Decrease Java thread stack sizes (-Xss)
#   Set larger code cache with -XX:ReservedCodeCacheSize=
#   JVM is running with Unscaled Compressed Oops mode in which the Java heap is
#     placed in the first 4GB address space. The Java Heap base address is the
#     maximum limit for the native heap growth. Please use -XX:HeapBaseMinAddress
#     to set the Java Heap base and to place the Java Heap above 4GB virtual address.
# This output file may be truncated or incomplete.
#
#  Out of Memory Error (arena.cpp:189), pid=20436, tid=13204
#
# JRE version: OpenJDK Runtime Environment (17.0.6) (build 17.0.6+0-b2043.56-10027231)
# Java VM: OpenJDK 64-Bit Server VM (17.0.6+0-b2043.56-10027231, mixed mode, tiered, compressed oops, compressed class ptrs, g1 gc, windows-amd64)
# No core dump will be written. Minidumps are not enabled by default on client versions of Windows
#

---------------  S U M M A R Y ------------

Command Line: --add-opens=java.base/java.util=ALL-UNNAMED --add-opens=java.base/java.lang=ALL-UNNAMED --add-opens=java.base/java.lang.invoke=ALL-UNNAMED --add-opens=java.base/java.util=ALL-UNNAMED --add-opens=java.prefs/java.util.prefs=ALL-UNNAMED --add-opens=java.prefs/java.util.prefs=ALL-UNNAMED --add-opens=java.base/java.nio.charset=ALL-UNNAMED --add-opens=java.base/java.net=ALL-UNNAMED --add-opens=java.base/java.util.concurrent.atomic=ALL-UNNAMED -Xmx1536M -Dfile.encoding=windows-1252 -Duser.country=US -Duser.language=en -Duser.variant org.gradle.launcher.daemon.bootstrap.GradleDaemon 7.5

Host: Intel(R) Core(TM) i5-9300H CPU @ 2.40GHz, 8 cores, 7G,  Windows 11 , 64 bit Build 22621 (10.0.22621.2506)
Time: Tue Dec 12 17:13:58 2023 Central Asia Standard Time elapsed time: 62.297296 seconds (0d 0h 1m 2s)

---------------  T H R E A D  ---------------

Current thread (0x0000024cc37cff00):  JavaThread "C2 CompilerThread1" daemon [_thread_in_native, id=13204, stack(0x000000e763a00000,0x000000e763b00000)]


Current CompileTask:
C2:  62297 10835       4       org.objectweb.asm.MethodWriter::putMethodInfo (1274 bytes)

Stack: [0x000000e763a00000,0x000000e763b00000]
Native frames: (J=compiled Java code, j=interpreted, Vv=VM code, C=native code)
V  [jvm.dll+0x683c9a]
V  [jvm.dll+0x8427a4]
V  [jvm.dll+0x843f9e]
V  [jvm.dll+0x844603]
V  [jvm.dll+0x249b75]
V  [jvm.dll+0xabcac]
V  [jvm.dll+0xac27c]
V  [jvm.dll+0x368802]
V  [jvm.dll+0x1bd0b8]
V  [jvm.dll+0x21c359]
V  [jvm.dll+0x21b621]
V  [jvm.dll+0x1a4fdd]
V  [jvm.dll+0x22b098]
V  [jvm.dll+0x229159]
V  [jvm.dll+0x7f81ec]
V  [jvm.dll+0x7f274a]
V  [jvm.dll+0x682ad5]
C  [ucrtbase.dll+0x29363]
C  [KERNEL32.DLL+0x1257d]
C  [ntdll.dll+0x5aa58]


---------------  P R O C E S S  ---------------

Threads class SMR info:
_java_thread_list=0x0000024cc1da9410, length=125, elements={
0x0000024ca5c6c0d0, 0x0000024cbe7ebbf0, 0x0000024cbe7ec4b0, 0x0000024cbf00c100,
0x0000024cbf00cac0, 0x0000024cbf00e7b0, 0x0000024cbf047f90, 0x0000024cbf082ab0,
0x0000024cbf082fc0, 0x0000024cbf0834d0, 0x0000024cbf1ee020, 0x0000024cbf1ee4f0,
0x0000024cc200a030, 0x0000024cc1b91000, 0x0000024cc21f3870, 0x0000024cbff494a0,
0x0000024cc24dc2f0, 0x0000024cc05503a0, 0x0000024cbfbb3790, 0x0000024cc047a820,
0x0000024cc047b690, 0x0000024cc047c9d0, 0x0000024cc047acf0, 0x0000024cc047b1c0,
0x0000024cc047bb60, 0x0000024cc04799b0, 0x0000024cc047c030, 0x0000024cc047c500,
0x0000024cc047cea0, 0x0000024cc047d370, 0x0000024cc0479e80, 0x0000024cc047a350,
0x0000024cc5086580, 0x0000024cc5084d70, 0x0000024cc5083560, 0x0000024cc5083a30,
0x0000024cc50843d0, 0x0000024cc5080070, 0x0000024cc5080540, 0x0000024cc5082bc0,
0x0000024cc5083f00, 0x0000024cc50860b0, 0x0000024cc5080a10, 0x0000024cc5086f20,
0x0000024cc50873f0, 0x0000024cc50878c0, 0x0000024cc5080ee0, 0x0000024cc5083090,
0x0000024cc50813b0, 0x0000024cc5081880, 0x0000024cc5081d50, 0x0000024cc5082220,
0x0000024cc58c4240, 0x0000024cc58c3d70, 0x0000024cc58bfa10, 0x0000024cc58c5580,
0x0000024cc58c2f00, 0x0000024cc58c4710, 0x0000024cc58c2560, 0x0000024cc58c1220,
0x0000024cc58bf540, 0x0000024cc58c2a30, 0x0000024cc58c5f20, 0x0000024cc58c4be0,
0x0000024cc58c03b0, 0x0000024cc58bfee0, 0x0000024cc58c0880, 0x0000024cc58c50b0,
0x0000024cc58c5a50, 0x0000024cc58c63f0, 0x0000024cc58c0d50, 0x0000024cc58c33d0,
0x0000024cc58c16f0, 0x0000024cc58c68c0, 0x0000024cc58c1bc0, 0x0000024cc58bf070,
0x0000024cc58c2090, 0x0000024cc58c38a0, 0x0000024cc36cfc40, 0x0000024cc36d0f80,
0x0000024cc36cc280, 0x0000024cc36cdf60, 0x0000024cc36cf2a0, 0x0000024cc36d2790,
0x0000024cc36ccc20, 0x0000024cc36ce900, 0x0000024cc36cc750, 0x0000024cc36cf770,
0x0000024cc36d0110, 0x0000024cc36d0ab0, 0x0000024cc36cbdb0, 0x0000024cc36d05e0,
0x0000024cc36d1920, 0x0000024cc36d2c60, 0x0000024cc36cb410, 0x0000024cc36cb8e0,
0x0000024cc36cda90, 0x0000024cc36cd0f0, 0x0000024cc36ce430, 0x0000024cc36cd5c0,
0x0000024cc36cedd0, 0x0000024cbf8a6240, 0x0000024cbf8abdb0, 0x0000024cbf8aa0d0,
0x0000024cbf8ad5c0, 0x0000024cbf8a8d90, 0x0000024cbf8a9730, 0x0000024cbf8a9260,
0x0000024cbf8ad0f0, 0x0000024cbf8a9c00, 0x0000024cbf8aaa70, 0x0000024cbf8aa5a0,
0x0000024cbf8aaf40, 0x0000024cbf8ab410, 0x0000024cbf8ab8e0, 0x0000024cbf8ac280,
0x0000024cbf8ac750, 0x0000024cbf8acc20, 0x0000024cbf8ada90, 0x0000024cbf8a6710,
0x0000024cbf8a6be0, 0x0000024cbf8a7f20, 0x0000024cbf8a83f0, 0x0000024cbf8a88c0,
0x0000024cc37cff00
}

Java Threads: ( => current thread )
  0x0000024ca5c6c0d0 JavaThread "main" [_thread_blocked, id=10588, stack(0x000000e75ac00000,0x000000e75ad00000)]
  0x0000024cbe7ebbf0 JavaThread "Reference Handler" daemon [_thread_blocked, id=19388, stack(0x000000e75b300000,0x000000e75b400000)]
  0x0000024cbe7ec4b0 JavaThread "Finalizer" daemon [_thread_blocked, id=4204, stack(0x000000e75b400000,0x000000e75b500000)]
  0x0000024cbf00c100 JavaThread "Signal Dispatcher" daemon [_thread_blocked, id=19848, stack(0x000000e75b500000,0x000000e75b600000)]
  0x0000024cbf00cac0 JavaThread "Attach Listener" daemon [_thread_blocked, id=15988, stack(0x000000e75b600000,0x000000e75b700000)]
  0x0000024cbf00e7b0 JavaThread "Service Thread" daemon [_thread_blocked, id=2124, stack(0x000000e75b700000,0x000000e75b800000)]
  0x0000024cbf047f90 JavaThread "Monitor Deflation Thread" daemon [_thread_blocked, id=5384, stack(0x000000e75b800000,0x000000e75b900000)]
  0x0000024cbf082ab0 JavaThread "C2 CompilerThread0" daemon [_thread_in_native, id=9084, stack(0x000000e75b900000,0x000000e75ba00000)]
  0x0000024cbf082fc0 JavaThread "C1 CompilerThread0" daemon [_thread_blocked, id=3304, stack(0x000000e75ba00000,0x000000e75bb00000)]
  0x0000024cbf0834d0 JavaThread "Sweeper thread" daemon [_thread_blocked, id=3344, stack(0x000000e75bb00000,0x000000e75bc00000)]
  0x0000024cbf1ee020 JavaThread "Common-Cleaner" daemon [_thread_blocked, id=9812, stack(0x000000e75bc00000,0x000000e75bd00000)]
  0x0000024cbf1ee4f0 JavaThread "Notification Thread" daemon [_thread_blocked, id=12944, stack(0x000000e75bd00000,0x000000e75be00000)]
  0x0000024cc200a030 JavaThread "Daemon health stats" [_thread_blocked, id=1608, stack(0x000000e75c400000,0x000000e75c500000)]
  0x0000024cc1b91000 JavaThread "Incoming local TCP Connector on port 52429" [_thread_in_native, id=19340, stack(0x000000e75c000000,0x000000e75c100000)]
  0x0000024cc21f3870 JavaThread "Daemon periodic checks" [_thread_blocked, id=5400, stack(0x000000e75c500000,0x000000e75c600000)]
  0x0000024cbff494a0 JavaThread "Daemon" [_thread_blocked, id=5584, stack(0x000000e75c600000,0x000000e75c700000)]
  0x0000024cc24dc2f0 JavaThread "Handler for socket connection from /127.0.0.1:52429 to /127.0.0.1:52430" [_thread_in_native, id=3296, stack(0x000000e75c700000,0x000000e75c800000)]
  0x0000024cc05503a0 JavaThread "Cancel handler" [_thread_blocked, id=14476, stack(0x000000e75c800000,0x000000e75c900000)]
  0x0000024cbfbb3790 JavaThread "Daemon worker" [_thread_blocked, id=16748, stack(0x000000e75c900000,0x000000e75ca00000)]
  0x0000024cc047a820 JavaThread "Asynchronous log dispatcher for DefaultDaemonConnection: socket connection from /127.0.0.1:52429 to /127.0.0.1:52430" [_thread_blocked, id=4144, stack(0x000000e75ca00000,0x000000e75cb00000)]
  0x0000024cc047b690 JavaThread "Stdin handler" [_thread_blocked, id=10276, stack(0x000000e75cb00000,0x000000e75cc00000)]
  0x0000024cc047c9d0 JavaThread "Daemon client event forwarder" [_thread_blocked, id=14616, stack(0x000000e75cc00000,0x000000e75cd00000)]
  0x0000024cc047acf0 JavaThread "Cache worker for journal cache (C:\Users\77755\.gradle\caches\journal-1)" [_thread_blocked, id=10632, stack(0x000000e75cd00000,0x000000e75ce00000)]
  0x0000024cc047b1c0 JavaThread "File lock request listener" [_thread_in_native, id=9028, stack(0x000000e75ce00000,0x000000e75cf00000)]
  0x0000024cc047bb60 JavaThread "Cache worker for file hash cache (C:\Users\77755\.gradle\caches\7.5\fileHashes)" [_thread_blocked, id=13456, stack(0x000000e75d300000,0x000000e75d400000)]
  0x0000024cc04799b0 JavaThread "File watcher server" daemon [_thread_in_native, id=8200, stack(0x000000e75d500000,0x000000e75d600000)]
  0x0000024cc047c030 JavaThread "File watcher consumer" daemon [_thread_blocked, id=7040, stack(0x000000e75d600000,0x000000e75d700000)]
  0x0000024cc047c500 JavaThread "Cache worker for checksums cache (C:\Users\77755\flutter_source\android\.gradle\7.5\checksums)" [_thread_blocked, id=6556, stack(0x000000e75d700000,0x000000e75d800000)]
  0x0000024cc047cea0 JavaThread "Cache worker for cache directory md-rule (C:\Users\77755\.gradle\caches\7.5\md-rule)" [_thread_blocked, id=18632, stack(0x000000e75d800000,0x000000e75d900000)]
  0x0000024cc047d370 JavaThread "Cache worker for file content cache (C:\Users\77755\.gradle\caches\7.5\fileContent)" [_thread_blocked, id=20088, stack(0x000000e75d900000,0x000000e75da00000)]
  0x0000024cc0479e80 JavaThread "Cache worker for file hash cache (C:\Users\77755\flutter_source\android\.gradle\7.5\fileHashes)" [_thread_blocked, id=11356, stack(0x000000e75da00000,0x000000e75db00000)]
  0x0000024cc047a350 JavaThread "Cache worker for cache directory md-supplier (C:\Users\77755\.gradle\caches\7.5\md-supplier)" [_thread_blocked, id=864, stack(0x000000e75db00000,0x000000e75dc00000)]
  0x0000024cc5086580 JavaThread "Cache worker for execution history cache (C:\Users\77755\.gradle\caches\7.5\executionHistory)" [_thread_blocked, id=4620, stack(0x000000e75dd00000,0x000000e75de00000)]
  0x0000024cc5084d70 JavaThread "jar transforms" [_thread_in_Java, id=20360, stack(0x000000e75de00000,0x000000e75df00000)]
  0x0000024cc5083560 JavaThread "jar transforms Thread 2" [_thread_in_Java, id=14592, stack(0x000000e75df00000,0x000000e75e000000)]
  0x0000024cc5083a30 JavaThread "jar transforms Thread 3" [_thread_blocked, id=21812, stack(0x000000e75e000000,0x000000e75e100000)]
  0x0000024cc50843d0 JavaThread "jar transforms Thread 4" [_thread_blocked, id=1372, stack(0x000000e75e100000,0x000000e75e200000)]
  0x0000024cc5080070 JavaThread "jar transforms Thread 5" [_thread_in_Java, id=21028, stack(0x000000e75e200000,0x000000e75e300000)]
  0x0000024cc5080540 JavaThread "jar transforms Thread 6" [_thread_blocked, id=10804, stack(0x000000e75e300000,0x000000e75e400000)]
  0x0000024cc5082bc0 JavaThread "Cache worker for dependencies-accessors (C:\Users\77755\flutter_source\android\.gradle\7.5\dependencies-accessors)" [_thread_blocked, id=6848, stack(0x000000e75e400000,0x000000e75e500000)]
  0x0000024cc5083f00 JavaThread "jar transforms Thread 7" [_thread_blocked, id=21544, stack(0x000000e75e500000,0x000000e75e600000)]
  0x0000024cc50860b0 JavaThread "Cache worker for Build Output Cleanup Cache (C:\Users\77755\flutter_source\android\.gradle\buildOutputCleanup)" [_thread_blocked, id=22144, stack(0x000000e75e600000,0x000000e75e700000)]
  0x0000024cc5080a10 JavaThread "Unconstrained build operations" [_thread_blocked, id=15844, stack(0x000000e75e700000,0x000000e75e800000)]
  0x0000024cc5086f20 JavaThread "Unconstrained build operations Thread 2" [_thread_blocked, id=15428, stack(0x000000e75e800000,0x000000e75e900000)]
  0x0000024cc50873f0 JavaThread "Unconstrained build operations Thread 3" [_thread_blocked, id=20772, stack(0x000000e75dc00000,0x000000e75dd00000)]
  0x0000024cc50878c0 JavaThread "Unconstrained build operations Thread 4" [_thread_blocked, id=13620, stack(0x000000e75ea00000,0x000000e75eb00000)]
  0x0000024cc5080ee0 JavaThread "Unconstrained build operations Thread 5" [_thread_blocked, id=13952, stack(0x000000e75eb00000,0x000000e75ec00000)]
  0x0000024cc5083090 JavaThread "Unconstrained build operations Thread 6" [_thread_blocked, id=9916, stack(0x000000e75ec00000,0x000000e75ed00000)]
  0x0000024cc50813b0 JavaThread "Unconstrained build operations Thread 7" [_thread_blocked, id=19652, stack(0x000000e75ed00000,0x000000e75ee00000)]
  0x0000024cc5081880 JavaThread "Unconstrained build operations Thread 8" [_thread_blocked, id=7492, stack(0x000000e75ee00000,0x000000e75ef00000)]
  0x0000024cc5081d50 JavaThread "Unconstrained build operations Thread 9" [_thread_blocked, id=5412, stack(0x000000e75ef00000,0x000000e75f000000)]
  0x0000024cc5082220 JavaThread "Unconstrained build operations Thread 10" [_thread_blocked, id=21188, stack(0x000000e75f000000,0x000000e75f100000)]
  0x0000024cc58c4240 JavaThread "Unconstrained build operations Thread 11" [_thread_blocked, id=17512, stack(0x000000e75f100000,0x000000e75f200000)]
  0x0000024cc58c3d70 JavaThread "Unconstrained build operations Thread 12" [_thread_blocked, id=16496, stack(0x000000e75f200000,0x000000e75f300000)]
  0x0000024cc58bfa10 JavaThread "Unconstrained build operations Thread 13" [_thread_blocked, id=8376, stack(0x000000e75f300000,0x000000e75f400000)]
  0x0000024cc58c5580 JavaThread "Unconstrained build operations Thread 14" [_thread_blocked, id=17404, stack(0x000000e75f400000,0x000000e75f500000)]
  0x0000024cc58c2f00 JavaThread "Unconstrained build operations Thread 15" [_thread_blocked, id=10088, stack(0x000000e75f500000,0x000000e75f600000)]
  0x0000024cc58c4710 JavaThread "Unconstrained build operations Thread 16" [_thread_blocked, id=17656, stack(0x000000e75f600000,0x000000e75f700000)]
  0x0000024cc58c2560 JavaThread "Unconstrained build operations Thread 17" [_thread_blocked, id=7380, stack(0x000000e75f700000,0x000000e75f800000)]
  0x0000024cc58c1220 JavaThread "Unconstrained build operations Thread 18" [_thread_blocked, id=8360, stack(0x000000e75f800000,0x000000e75f900000)]
  0x0000024cc58bf540 JavaThread "Unconstrained build operations Thread 19" [_thread_blocked, id=5848, stack(0x000000e75f900000,0x000000e75fa00000)]
  0x0000024cc58c2a30 JavaThread "Unconstrained build operations Thread 20" [_thread_blocked, id=20052, stack(0x000000e75fa00000,0x000000e75fb00000)]
  0x0000024cc58c5f20 JavaThread "Unconstrained build operations Thread 21" [_thread_blocked, id=11228, stack(0x000000e75fb00000,0x000000e75fc00000)]
  0x0000024cc58c4be0 JavaThread "Unconstrained build operations Thread 22" [_thread_blocked, id=10420, stack(0x000000e75fc00000,0x000000e75fd00000)]
  0x0000024cc58c03b0 JavaThread "Unconstrained build operations Thread 23" [_thread_blocked, id=14696, stack(0x000000e75fd00000,0x000000e75fe00000)]
  0x0000024cc58bfee0 JavaThread "Unconstrained build operations Thread 24" [_thread_blocked, id=19408, stack(0x000000e75fe00000,0x000000e75ff00000)]
  0x0000024cc58c0880 JavaThread "Unconstrained build operations Thread 25" [_thread_blocked, id=12252, stack(0x000000e75ff00000,0x000000e760000000)]
  0x0000024cc58c50b0 JavaThread "Unconstrained build operations Thread 26" [_thread_blocked, id=19748, stack(0x000000e760000000,0x000000e760100000)]
  0x0000024cc58c5a50 JavaThread "Unconstrained build operations Thread 27" [_thread_blocked, id=18172, stack(0x000000e760100000,0x000000e760200000)]
  0x0000024cc58c63f0 JavaThread "Unconstrained build operations Thread 28" [_thread_blocked, id=18748, stack(0x000000e760200000,0x000000e760300000)]
  0x0000024cc58c0d50 JavaThread "Unconstrained build operations Thread 29" [_thread_blocked, id=16064, stack(0x000000e760300000,0x000000e760400000)]
  0x0000024cc58c33d0 JavaThread "Unconstrained build operations Thread 30" [_thread_blocked, id=9352, stack(0x000000e760400000,0x000000e760500000)]
  0x0000024cc58c16f0 JavaThread "Unconstrained build operations Thread 31" [_thread_blocked, id=13388, stack(0x000000e760500000,0x000000e760600000)]
  0x0000024cc58c68c0 JavaThread "Unconstrained build operations Thread 32" [_thread_blocked, id=14440, stack(0x000000e760600000,0x000000e760700000)]
  0x0000024cc58c1bc0 JavaThread "Unconstrained build operations Thread 33" [_thread_blocked, id=13724, stack(0x000000e760700000,0x000000e760800000)]
  0x0000024cc58bf070 JavaThread "Unconstrained build operations Thread 34" [_thread_blocked, id=7128, stack(0x000000e760800000,0x000000e760900000)]
  0x0000024cc58c2090 JavaThread "Unconstrained build operations Thread 35" [_thread_blocked, id=10928, stack(0x000000e760900000,0x000000e760a00000)]
  0x0000024cc58c38a0 JavaThread "Unconstrained build operations Thread 36" [_thread_blocked, id=22400, stack(0x000000e760a00000,0x000000e760b00000)]
  0x0000024cc36cfc40 JavaThread "Unconstrained build operations Thread 37" [_thread_blocked, id=15108, stack(0x000000e760b00000,0x000000e760c00000)]
  0x0000024cc36d0f80 JavaThread "Unconstrained build operations Thread 38" [_thread_blocked, id=10004, stack(0x000000e760c00000,0x000000e760d00000)]
  0x0000024cc36cc280 JavaThread "Unconstrained build operations Thread 39" [_thread_blocked, id=13716, stack(0x000000e760d00000,0x000000e760e00000)]
  0x0000024cc36cdf60 JavaThread "Unconstrained build operations Thread 40" [_thread_blocked, id=15332, stack(0x000000e760e00000,0x000000e760f00000)]
  0x0000024cc36cf2a0 JavaThread "Unconstrained build operations Thread 41" [_thread_blocked, id=13880, stack(0x000000e760f00000,0x000000e761000000)]
  0x0000024cc36d2790 JavaThread "Unconstrained build operations Thread 42" [_thread_blocked, id=13764, stack(0x000000e761000000,0x000000e761100000)]
  0x0000024cc36ccc20 JavaThread "Unconstrained build operations Thread 43" [_thread_blocked, id=18332, stack(0x000000e761100000,0x000000e761200000)]
  0x0000024cc36ce900 JavaThread "Unconstrained build operations Thread 44" [_thread_blocked, id=18880, stack(0x000000e761200000,0x000000e761300000)]
  0x0000024cc36cc750 JavaThread "Unconstrained build operations Thread 45" [_thread_blocked, id=15500, stack(0x000000e761300000,0x000000e761400000)]
  0x0000024cc36cf770 JavaThread "Unconstrained build operations Thread 46" [_thread_blocked, id=18576, stack(0x000000e761400000,0x000000e761500000)]
  0x0000024cc36d0110 JavaThread "Unconstrained build operations Thread 47" [_thread_blocked, id=10268, stack(0x000000e761500000,0x000000e761600000)]
  0x0000024cc36d0ab0 JavaThread "Unconstrained build operations Thread 48" [_thread_blocked, id=13976, stack(0x000000e761600000,0x000000e761700000)]
  0x0000024cc36cbdb0 JavaThread "Unconstrained build operations Thread 49" [_thread_blocked, id=8628, stack(0x000000e761700000,0x000000e761800000)]
  0x0000024cc36d05e0 JavaThread "Unconstrained build operations Thread 50" [_thread_blocked, id=21116, stack(0x000000e761800000,0x000000e761900000)]
  0x0000024cc36d1920 JavaThread "Unconstrained build operations Thread 51" [_thread_blocked, id=17956, stack(0x000000e761900000,0x000000e761a00000)]
  0x0000024cc36d2c60 JavaThread "Unconstrained build operations Thread 52" [_thread_blocked, id=10860, stack(0x000000e761a00000,0x000000e761b00000)]
  0x0000024cc36cb410 JavaThread "Unconstrained build operations Thread 53" [_thread_blocked, id=1940, stack(0x000000e761b00000,0x000000e761c00000)]
  0x0000024cc36cb8e0 JavaThread "Unconstrained build operations Thread 54" [_thread_blocked, id=19920, stack(0x000000e761c00000,0x000000e761d00000)]
  0x0000024cc36cda90 JavaThread "Unconstrained build operations Thread 55" [_thread_blocked, id=15556, stack(0x000000e761d00000,0x000000e761e00000)]
  0x0000024cc36cd0f0 JavaThread "Unconstrained build operations Thread 56" [_thread_blocked, id=1516, stack(0x000000e761e00000,0x000000e761f00000)]
  0x0000024cc36ce430 JavaThread "Unconstrained build operations Thread 57" [_thread_blocked, id=17852, stack(0x000000e761f00000,0x000000e762000000)]
  0x0000024cc36cd5c0 JavaThread "Unconstrained build operations Thread 58" [_thread_blocked, id=2056, stack(0x000000e762000000,0x000000e762100000)]
  0x0000024cc36cedd0 JavaThread "Unconstrained build operations Thread 59" [_thread_blocked, id=18800, stack(0x000000e762100000,0x000000e762200000)]
  0x0000024cbf8a6240 JavaThread "Unconstrained build operations Thread 60" [_thread_blocked, id=2288, stack(0x000000e762200000,0x000000e762300000)]
  0x0000024cbf8abdb0 JavaThread "Unconstrained build operations Thread 61" [_thread_blocked, id=21916, stack(0x000000e762300000,0x000000e762400000)]
  0x0000024cbf8aa0d0 JavaThread "Unconstrained build operations Thread 62" [_thread_blocked, id=6828, stack(0x000000e762400000,0x000000e762500000)]
  0x0000024cbf8ad5c0 JavaThread "Unconstrained build operations Thread 63" [_thread_blocked, id=12144, stack(0x000000e762500000,0x000000e762600000)]
  0x0000024cbf8a8d90 JavaThread "Unconstrained build operations Thread 64" [_thread_blocked, id=14512, stack(0x000000e762600000,0x000000e762700000)]
  0x0000024cbf8a9730 JavaThread "Unconstrained build operations Thread 65" [_thread_blocked, id=17164, stack(0x000000e762700000,0x000000e762800000)]
  0x0000024cbf8a9260 JavaThread "Unconstrained build operations Thread 66" [_thread_blocked, id=11244, stack(0x000000e762800000,0x000000e762900000)]
  0x0000024cbf8ad0f0 JavaThread "Unconstrained build operations Thread 67" [_thread_blocked, id=1452, stack(0x000000e762900000,0x000000e762a00000)]
  0x0000024cbf8a9c00 JavaThread "Unconstrained build operations Thread 68" [_thread_blocked, id=4556, stack(0x000000e762a00000,0x000000e762b00000)]
  0x0000024cbf8aaa70 JavaThread "Unconstrained build operations Thread 69" [_thread_blocked, id=3932, stack(0x000000e762b00000,0x000000e762c00000)]
  0x0000024cbf8aa5a0 JavaThread "Unconstrained build operations Thread 70" [_thread_blocked, id=13340, stack(0x000000e762c00000,0x000000e762d00000)]
  0x0000024cbf8aaf40 JavaThread "Unconstrained build operations Thread 71" [_thread_blocked, id=15012, stack(0x000000e762d00000,0x000000e762e00000)]
  0x0000024cbf8ab410 JavaThread "Unconstrained build operations Thread 72" [_thread_blocked, id=22520, stack(0x000000e762e00000,0x000000e762f00000)]
  0x0000024cbf8ab8e0 JavaThread "Unconstrained build operations Thread 73" [_thread_blocked, id=14652, stack(0x000000e762f00000,0x000000e763000000)]
  0x0000024cbf8ac280 JavaThread "Unconstrained build operations Thread 74" [_thread_blocked, id=13368, stack(0x000000e763000000,0x000000e763100000)]
  0x0000024cbf8ac750 JavaThread "Unconstrained build operations Thread 75" [_thread_blocked, id=19336, stack(0x000000e75d400000,0x000000e75d500000)]
  0x0000024cbf8acc20 JavaThread "Unconstrained build operations Thread 76" [_thread_blocked, id=18296, stack(0x000000e763100000,0x000000e763200000)]
  0x0000024cbf8ada90 JavaThread "Unconstrained build operations Thread 77" [_thread_blocked, id=20008, stack(0x000000e763200000,0x000000e763300000)]
  0x0000024cbf8a6710 JavaThread "Unconstrained build operations Thread 78" [_thread_blocked, id=14204, stack(0x000000e763300000,0x000000e763400000)]
  0x0000024cbf8a6be0 JavaThread "Unconstrained build operations Thread 79" [_thread_blocked, id=17428, stack(0x000000e763400000,0x000000e763500000)]
  0x0000024cbf8a7f20 JavaThread "Unconstrained build operations Thread 80" [_thread_blocked, id=10500, stack(0x000000e763500000,0x000000e763600000)]
  0x0000024cbf8a83f0 JavaThread "File lock release action executor" [_thread_blocked, id=1568, stack(0x000000e763800000,0x000000e763900000)]
  0x0000024cbf8a88c0 JavaThread "jar transforms Thread 8" [_thread_blocked, id=16852, stack(0x000000e763900000,0x000000e763a00000)]
=>0x0000024cc37cff00 JavaThread "C2 CompilerThread1" daemon [_thread_in_native, id=13204, stack(0x000000e763a00000,0x000000e763b00000)]

Other Threads:
  0x0000024cbe7e76a0 VMThread "VM Thread" [stack: 0x000000e75b200000,0x000000e75b300000] [id=17064]
  0x0000024cbf1ee9c0 WatcherThread [stack: 0x000000e75be00000,0x000000e75bf00000] [id=532]
  0x0000024ca5cbb450 GCTaskThread "GC Thread#0" [stack: 0x000000e75ad00000,0x000000e75ae00000] [id=10788]
  0x0000024cbfb043c0 GCTaskThread "GC Thread#1" [stack: 0x000000e75c100000,0x000000e75c200000] [id=17384]
  0x0000024cc0588be0 GCTaskThread "GC Thread#2" [stack: 0x000000e75c200000,0x000000e75c300000] [id=7056]
  0x0000024cc02b3320 GCTaskThread "GC Thread#3" [stack: 0x000000e75c300000,0x000000e75c400000] [id=10932]
  0x0000024cc021b040 GCTaskThread "GC Thread#4" [stack: 0x000000e75bf00000,0x000000e75c000000] [id=16556]
  0x0000024cc1889fa0 GCTaskThread "GC Thread#5" [stack: 0x000000e75cf00000,0x000000e75d000000] [id=1172]
  0x0000024cc1aedeb0 GCTaskThread "GC Thread#6" [stack: 0x000000e75d000000,0x000000e75d100000] [id=2640]
  0x0000024cc188c680 GCTaskThread "GC Thread#7" [stack: 0x000000e75d100000,0x000000e75d200000] [id=8352]
  0x0000024ca5cc8950 ConcurrentGCThread "G1 Main Marker" [stack: 0x000000e75ae00000,0x000000e75af00000] [id=13548]
  0x0000024ca5cc9110 ConcurrentGCThread "G1 Conc#0" [stack: 0x000000e75af00000,0x000000e75b000000] [id=1508]
  0x0000024cc1f72fc0 ConcurrentGCThread "G1 Conc#1" [stack: 0x000000e75d200000,0x000000e75d300000] [id=16436]
  0x0000024cbe659570 ConcurrentGCThread "G1 Refine#0" [stack: 0x000000e75b000000,0x000000e75b100000] [id=4828]
  0x0000024cbe659c40 ConcurrentGCThread "G1 Service" [stack: 0x000000e75b100000,0x000000e75b200000] [id=16832]

Threads with active compile tasks:
C2 CompilerThread0    62326 11078       4       org.objectweb.asm.ClassReader::readCode (5109 bytes)
C2 CompilerThread1    62326 10835       4       org.objectweb.asm.MethodWriter::putMethodInfo (1274 bytes)

VM state: not at safepoint (normal execution)

VM Mutex/Monitor currently owned by a thread: None

Heap address: 0x00000000a0000000, size: 1536 MB, Compressed Oops mode: 32-bit

CDS archive(s) not mapped
Compressed class space mapped at: 0x0000000100000000-0x0000000140000000, reserved size: 1073741824
Narrow klass base: 0x0000000000000000, Narrow klass shift: 3, Narrow klass range: 0x140000000

GC Precious Log:
 CPUs: 8 total, 8 available
 Memory: 8034M
 Large Page Support: Disabled
 NUMA Support: Disabled
 Compressed Oops: Enabled (32-bit)
 Heap Region Size: 1M
 Heap Min Capacity: 8M
 Heap Initial Capacity: 126M
 Heap Max Capacity: 1536M
 Pre-touch: Disabled
 Parallel Workers: 8
 Concurrent Workers: 2
 Concurrent Refinement Workers: 8
 Periodic GC: Disabled

Heap:
 garbage-first heap   total 263168K, used 109010K [0x00000000a0000000, 0x0000000100000000)
  region size 1024K, 54 young (55296K), 6 survivors (6144K)
 Metaspace       used 67335K, committed 67840K, reserved 1114112K
  class space    used 8503K, committed 8768K, reserved 1048576K

Heap Regions: E=young(eden), S=young(survivor), O=old, HS=humongous(starts), HC=humongous(continues), CS=collection set, F=free, OA=open archive, CA=closed archive, TAMS=top-at-mark-start (previous, next)
|   0|0x00000000a0000000, 0x00000000a0100000, 0x00000000a0100000|100%| O|  |TAMS 0x00000000a0100000, 0x00000000a0000000| Untracked 
|   1|0x00000000a0100000, 0x00000000a0200000, 0x00000000a0200000|100%| O|  |TAMS 0x00000000a0200000, 0x00000000a0100000| Untracked 
|   2|0x00000000a0200000, 0x00000000a0300000, 0x00000000a0300000|100%| O|  |TAMS 0x00000000a0300000, 0x00000000a0200000| Untracked 
|   3|0x00000000a0300000, 0x00000000a0400000, 0x00000000a0400000|100%|HS|  |TAMS 0x00000000a0400000, 0x00000000a0300000| Complete 
|   4|0x00000000a0400000, 0x00000000a0500000, 0x00000000a0500000|100%|HC|  |TAMS 0x00000000a0500000, 0x00000000a0400000| Complete 
|   5|0x00000000a0500000, 0x00000000a0600000, 0x00000000a0600000|100%|HC|  |TAMS 0x00000000a0600000, 0x00000000a0500000| Complete 
|   6|0x00000000a0600000, 0x00000000a0700000, 0x00000000a0700000|100%| O|  |TAMS 0x00000000a0700000, 0x00000000a0600000| Untracked 
|   7|0x00000000a0700000, 0x00000000a0800000, 0x00000000a0800000|100%| O|  |TAMS 0x00000000a0800000, 0x00000000a0700000| Untracked 
|   8|0x00000000a0800000, 0x00000000a0900000, 0x00000000a0900000|100%| O|  |TAMS 0x00000000a0900000, 0x00000000a0800000| Untracked 
|   9|0x00000000a0900000, 0x00000000a0a00000, 0x00000000a0a00000|100%| O|  |TAMS 0x00000000a0a00000, 0x00000000a0900000| Untracked 
|  10|0x00000000a0a00000, 0x00000000a0a1a000, 0x00000000a0b00000| 10%| O|  |TAMS 0x00000000a0a00000, 0x00000000a0a00000| Untracked 
|  11|0x00000000a0b00000, 0x00000000a0c00000, 0x00000000a0c00000|100%| O|  |TAMS 0x00000000a0c00000, 0x00000000a0b00000| Untracked 
|  12|0x00000000a0c00000, 0x00000000a0d00000, 0x00000000a0d00000|100%| O|  |TAMS 0x00000000a0d00000, 0x00000000a0c00000| Untracked 
|  13|0x00000000a0d00000, 0x00000000a0e00000, 0x00000000a0e00000|100%| O|  |TAMS 0x00000000a0e00000, 0x00000000a0d00000| Untracked 
|  14|0x00000000a0e00000, 0x00000000a0f00000, 0x00000000a0f00000|100%| O|  |TAMS 0x00000000a0f00000, 0x00000000a0e00000| Untracked 
|  15|0x00000000a0f00000, 0x00000000a1000000, 0x00000000a1000000|100%| O|  |TAMS 0x00000000a1000000, 0x00000000a0f00000| Untracked 
|  16|0x00000000a1000000, 0x00000000a1100000, 0x00000000a1100000|100%| O|  |TAMS 0x00000000a1100000, 0x00000000a1000000| Untracked 
|  17|0x00000000a1100000, 0x00000000a1200000, 0x00000000a1200000|100%| O|  |TAMS 0x00000000a1200000, 0x00000000a1100000| Untracked 
|  18|0x00000000a1200000, 0x00000000a1300000, 0x00000000a1300000|100%| O|  |TAMS 0x00000000a1300000, 0x00000000a1200000| Untracked 
|  19|0x00000000a1300000, 0x00000000a1400000, 0x00000000a1400000|100%| O|  |TAMS 0x00000000a1400000, 0x00000000a1300000| Untracked 
|  20|0x00000000a1400000, 0x00000000a1500000, 0x00000000a1500000|100%| O|  |TAMS 0x00000000a1500000, 0x00000000a1400000| Untracked 
|  21|0x00000000a1500000, 0x00000000a1600000, 0x00000000a1600000|100%| O|  |TAMS 0x00000000a1600000, 0x00000000a1500000| Untracked 
|  22|0x00000000a1600000, 0x00000000a1700000, 0x00000000a1700000|100%| O|  |TAMS 0x00000000a1700000, 0x00000000a1600000| Untracked 
|  23|0x00000000a1700000, 0x00000000a1800000, 0x00000000a1800000|100%| O|  |TAMS 0x00000000a1800000, 0x00000000a1700000| Untracked 
|  24|0x00000000a1800000, 0x00000000a1900000, 0x00000000a1900000|100%| O|  |TAMS 0x00000000a1900000, 0x00000000a1800000| Untracked 
|  25|0x00000000a1900000, 0x00000000a1a00000, 0x00000000a1a00000|100%| O|  |TAMS 0x00000000a1a00000, 0x00000000a1900000| Untracked 
|  26|0x00000000a1a00000, 0x00000000a1b00000, 0x00000000a1b00000|100%| O|  |TAMS 0x00000000a1b00000, 0x00000000a1a00000| Untracked 
|  27|0x00000000a1b00000, 0x00000000a1c00000, 0x00000000a1c00000|100%| O|  |TAMS 0x00000000a1c00000, 0x00000000a1b00000| Untracked 
|  28|0x00000000a1c00000, 0x00000000a1d00000, 0x00000000a1d00000|100%| O|  |TAMS 0x00000000a1d00000, 0x00000000a1c00000| Untracked 
|  29|0x00000000a1d00000, 0x00000000a1e00000, 0x00000000a1e00000|100%| O|  |TAMS 0x00000000a1e00000, 0x00000000a1d00000| Untracked 
|  30|0x00000000a1e00000, 0x00000000a1f00000, 0x00000000a1f00000|100%| O|  |TAMS 0x00000000a1f00000, 0x00000000a1e00000| Untracked 
|  31|0x00000000a1f00000, 0x00000000a2000000, 0x00000000a2000000|100%| O|  |TAMS 0x00000000a2000000, 0x00000000a1f00000| Untracked 
|  32|0x00000000a2000000, 0x00000000a2100000, 0x00000000a2100000|100%| O|  |TAMS 0x00000000a2100000, 0x00000000a2000000| Untracked 
|  33|0x00000000a2100000, 0x00000000a2200000, 0x00000000a2200000|100%| O|  |TAMS 0x00000000a2200000, 0x00000000a2100000| Untracked 
|  34|0x00000000a2200000, 0x00000000a2300000, 0x00000000a2300000|100%| O|  |TAMS 0x00000000a2300000, 0x00000000a2200000| Untracked 
|  35|0x00000000a2300000, 0x00000000a2400000, 0x00000000a2400000|100%| O|  |TAMS 0x00000000a2400000, 0x00000000a2300000| Untracked 
|  36|0x00000000a2400000, 0x00000000a2500000, 0x00000000a2500000|100%| O|  |TAMS 0x00000000a2500000, 0x00000000a2400000| Untracked 
|  37|0x00000000a2500000, 0x00000000a2600000, 0x00000000a2600000|100%| O|  |TAMS 0x00000000a2600000, 0x00000000a2500000| Untracked 
|  38|0x00000000a2600000, 0x00000000a2700000, 0x00000000a2700000|100%| O|  |TAMS 0x00000000a2700000, 0x00000000a2600000| Untracked 
|  39|0x00000000a2700000, 0x00000000a2800000, 0x00000000a2800000|100%| O|  |TAMS 0x00000000a2800000, 0x00000000a2700000| Untracked 
|  40|0x00000000a2800000, 0x00000000a2900000, 0x00000000a2900000|100%| O|  |TAMS 0x00000000a2900000, 0x00000000a2800000| Untracked 
|  41|0x00000000a2900000, 0x00000000a2a00000, 0x00000000a2a00000|100%| O|  |TAMS 0x00000000a2a00000, 0x00000000a2900000| Untracked 
|  42|0x00000000a2a00000, 0x00000000a2b00000, 0x00000000a2b00000|100%| O|  |TAMS 0x00000000a2b00000, 0x00000000a2a00000| Untracked 
|  43|0x00000000a2b00000, 0x00000000a2c00000, 0x00000000a2c00000|100%| O|  |TAMS 0x00000000a2c00000, 0x00000000a2b00000| Untracked 
|  44|0x00000000a2c00000, 0x00000000a2d00000, 0x00000000a2d00000|100%| O|  |TAMS 0x00000000a2d00000, 0x00000000a2c00000| Untracked 
|  45|0x00000000a2d00000, 0x00000000a2e00000, 0x00000000a2e00000|100%| O|  |TAMS 0x00000000a2e00000, 0x00000000a2d00000| Untracked 
|  46|0x00000000a2e00000, 0x00000000a2f00000, 0x00000000a2f00000|100%|HS|  |TAMS 0x00000000a2f00000, 0x00000000a2e00000| Complete 
|  47|0x00000000a2f00000, 0x00000000a3000000, 0x00000000a3000000|100%| O|  |TAMS 0x00000000a2f00000, 0x00000000a2f00000| Untracked 
|  48|0x00000000a3000000, 0x00000000a3000000, 0x00000000a3100000|  0%| F|  |TAMS 0x00000000a3000000, 0x00000000a3000000| Untracked 
|  49|0x00000000a3100000, 0x00000000a3200000, 0x00000000a3200000|100%| O|  |TAMS 0x00000000a3163200, 0x00000000a3100000| Untracked 
|  50|0x00000000a3200000, 0x00000000a3300000, 0x00000000a3300000|100%| O|  |TAMS 0x00000000a3200000, 0x00000000a3200000| Untracked 
|  51|0x00000000a3300000, 0x00000000a3400000, 0x00000000a3400000|100%|HS|  |TAMS 0x00000000a3300000, 0x00000000a3300000| Complete 
|  52|0x00000000a3400000, 0x00000000a3500000, 0x00000000a3500000|100%| O|  |TAMS 0x00000000a3400000, 0x00000000a3400000| Untracked 
|  53|0x00000000a3500000, 0x00000000a3500000, 0x00000000a3600000|  0%| F|  |TAMS 0x00000000a3500000, 0x00000000a3500000| Untracked 
|  54|0x00000000a3600000, 0x00000000a3600000, 0x00000000a3700000|  0%| F|  |TAMS 0x00000000a3600000, 0x00000000a3600000| Untracked 
|  55|0x00000000a3700000, 0x00000000a3700000, 0x00000000a3800000|  0%| F|  |TAMS 0x00000000a3700000, 0x00000000a3700000| Untracked 
|  56|0x00000000a3800000, 0x00000000a3800000, 0x00000000a3900000|  0%| F|  |TAMS 0x00000000a3800000, 0x00000000a3800000| Untracked 
|  57|0x00000000a3900000, 0x00000000a3a00000, 0x00000000a3a00000|100%|HS|  |TAMS 0x00000000a3900000, 0x00000000a3900000| Complete 
|  58|0x00000000a3a00000, 0x00000000a3b00000, 0x00000000a3b00000|100%|HC|  |TAMS 0x00000000a3a00000, 0x00000000a3a00000| Complete 
|  59|0x00000000a3b00000, 0x00000000a3c00000, 0x00000000a3c00000|100%|HC|  |TAMS 0x00000000a3b00000, 0x00000000a3b00000| Complete 
|  60|0x00000000a3c00000, 0x00000000a3d00000, 0x00000000a3d00000|100%|HC|  |TAMS 0x00000000a3c00000, 0x00000000a3c00000| Complete 
|  61|0x00000000a3d00000, 0x00000000a3d00000, 0x00000000a3e00000|  0%| F|  |TAMS 0x00000000a3d00000, 0x00000000a3d00000| Untracked 
|  62|0x00000000a3e00000, 0x00000000a3e00000, 0x00000000a3f00000|  0%| F|  |TAMS 0x00000000a3e00000, 0x00000000a3e00000| Untracked 
|  63|0x00000000a3f00000, 0x00000000a3f00000, 0x00000000a4000000|  0%| F|  |TAMS 0x00000000a3f00000, 0x00000000a3f00000| Untracked 
|  64|0x00000000a4000000, 0x00000000a4000000, 0x00000000a4100000|  0%| F|  |TAMS 0x00000000a4000000, 0x00000000a4000000| Untracked 
|  65|0x00000000a4100000, 0x00000000a4100000, 0x00000000a4200000|  0%| F|  |TAMS 0x00000000a4100000, 0x00000000a4100000| Untracked 
|  66|0x00000000a4200000, 0x00000000a4200000, 0x00000000a4300000|  0%| F|  |TAMS 0x00000000a4200000, 0x00000000a4200000| Untracked 
|  67|0x00000000a4300000, 0x00000000a4300000, 0x00000000a4400000|  0%| F|  |TAMS 0x00000000a4300000, 0x00000000a4300000| Untracked 
|  68|0x00000000a4400000, 0x00000000a4400000, 0x00000000a4500000|  0%| F|  |TAMS 0x00000000a4400000, 0x00000000a4400000| Untracked 
|  69|0x00000000a4500000, 0x00000000a4500000, 0x00000000a4600000|  0%| F|  |TAMS 0x00000000a4500000, 0x00000000a4500000| Untracked 
|  70|0x00000000a4600000, 0x00000000a4600000, 0x00000000a4700000|  0%| F|  |TAMS 0x00000000a4600000, 0x00000000a4600000| Untracked 
|  71|0x00000000a4700000, 0x00000000a4700000, 0x00000000a4800000|  0%| F|  |TAMS 0x00000000a4700000, 0x00000000a4700000| Untracked 
|  72|0x00000000a4800000, 0x00000000a4800000, 0x00000000a4900000|  0%| F|  |TAMS 0x00000000a4800000, 0x00000000a4800000| Untracked 
|  73|0x00000000a4900000, 0x00000000a4900000, 0x00000000a4a00000|  0%| F|  |TAMS 0x00000000a4900000, 0x00000000a4900000| Untracked 
|  74|0x00000000a4a00000, 0x00000000a4a00000, 0x00000000a4b00000|  0%| F|  |TAMS 0x00000000a4a00000, 0x00000000a4a00000| Untracked 
|  75|0x00000000a4b00000, 0x00000000a4b00000, 0x00000000a4c00000|  0%| F|  |TAMS 0x00000000a4b00000, 0x00000000a4b00000| Untracked 
|  76|0x00000000a4c00000, 0x00000000a4c00000, 0x00000000a4d00000|  0%| F|  |TAMS 0x00000000a4c00000, 0x00000000a4c00000| Untracked 
|  77|0x00000000a4d00000, 0x00000000a4d00000, 0x00000000a4e00000|  0%| F|  |TAMS 0x00000000a4d00000, 0x00000000a4d00000| Untracked 
|  78|0x00000000a4e00000, 0x00000000a4e00000, 0x00000000a4f00000|  0%| F|  |TAMS 0x00000000a4e00000, 0x00000000a4e00000| Untracked 
|  79|0x00000000a4f00000, 0x00000000a4f00000, 0x00000000a5000000|  0%| F|  |TAMS 0x00000000a4f00000, 0x00000000a4f00000| Untracked 
|  80|0x00000000a5000000, 0x00000000a5000000, 0x00000000a5100000|  0%| F|  |TAMS 0x00000000a5000000, 0x00000000a5000000| Untracked 
|  81|0x00000000a5100000, 0x00000000a5100000, 0x00000000a5200000|  0%| F|  |TAMS 0x00000000a5100000, 0x00000000a5100000| Untracked 
|  82|0x00000000a5200000, 0x00000000a5200000, 0x00000000a5300000|  0%| F|  |TAMS 0x00000000a5200000, 0x00000000a5200000| Untracked 
|  83|0x00000000a5300000, 0x00000000a5300000, 0x00000000a5400000|  0%| F|  |TAMS 0x00000000a5300000, 0x00000000a5300000| Untracked 
|  84|0x00000000a5400000, 0x00000000a5400000, 0x00000000a5500000|  0%| F|  |TAMS 0x00000000a5400000, 0x00000000a5400000| Untracked 
|  85|0x00000000a5500000, 0x00000000a5500000, 0x00000000a5600000|  0%| F|  |TAMS 0x00000000a5500000, 0x00000000a5500000| Untracked 
|  86|0x00000000a5600000, 0x00000000a5600000, 0x00000000a5700000|  0%| F|  |TAMS 0x00000000a5600000, 0x00000000a5600000| Untracked 
|  87|0x00000000a5700000, 0x00000000a5700000, 0x00000000a5800000|  0%| F|  |TAMS 0x00000000a5700000, 0x00000000a5700000| Untracked 
|  88|0x00000000a5800000, 0x00000000a5800000, 0x00000000a5900000|  0%| F|  |TAMS 0x00000000a5800000, 0x00000000a5800000| Untracked 
|  89|0x00000000a5900000, 0x00000000a5900000, 0x00000000a5a00000|  0%| F|  |TAMS 0x00000000a5900000, 0x00000000a5900000| Untracked 
|  90|0x00000000a5a00000, 0x00000000a5a00000, 0x00000000a5b00000|  0%| F|  |TAMS 0x00000000a5a00000, 0x00000000a5a00000| Untracked 
|  91|0x00000000a5b00000, 0x00000000a5b00000, 0x00000000a5c00000|  0%| F|  |TAMS 0x00000000a5b00000, 0x00000000a5b00000| Untracked 
|  92|0x00000000a5c00000, 0x00000000a5c00000, 0x00000000a5d00000|  0%| F|  |TAMS 0x00000000a5c00000, 0x00000000a5c00000| Untracked 
|  93|0x00000000a5d00000, 0x00000000a5d00000, 0x00000000a5e00000|  0%| F|  |TAMS 0x00000000a5d00000, 0x00000000a5d00000| Untracked 
|  94|0x00000000a5e00000, 0x00000000a5e00000, 0x00000000a5f00000|  0%| F|  |TAMS 0x00000000a5e00000, 0x00000000a5e00000| Untracked 
|  95|0x00000000a5f00000, 0x00000000a5f00000, 0x00000000a6000000|  0%| F|  |TAMS 0x00000000a5f00000, 0x00000000a5f00000| Untracked 
|  96|0x00000000a6000000, 0x00000000a6000000, 0x00000000a6100000|  0%| F|  |TAMS 0x00000000a6000000, 0x00000000a6000000| Untracked 
|  97|0x00000000a6100000, 0x00000000a615ab80, 0x00000000a6200000| 35%| S|CS|TAMS 0x00000000a6100000, 0x00000000a6100000| Complete 
|  98|0x00000000a6200000, 0x00000000a6300000, 0x00000000a6300000|100%| S|CS|TAMS 0x00000000a6200000, 0x00000000a6200000| Complete 
|  99|0x00000000a6300000, 0x00000000a6300000, 0x00000000a6400000|  0%| F|  |TAMS 0x00000000a6300000, 0x00000000a6300000| Untracked 
| 100|0x00000000a6400000, 0x00000000a6400000, 0x00000000a6500000|  0%| F|  |TAMS 0x00000000a6400000, 0x00000000a6400000| Untracked 
| 101|0x00000000a6500000, 0x00000000a6500000, 0x00000000a6600000|  0%| F|  |TAMS 0x00000000a6500000, 0x00000000a6500000| Untracked 
| 102|0x00000000a6600000, 0x00000000a6600000, 0x00000000a6700000|  0%| F|  |TAMS 0x00000000a6600000, 0x00000000a6600000| Untracked 
| 103|0x00000000a6700000, 0x00000000a6800000, 0x00000000a6800000|100%| S|CS|TAMS 0x00000000a6700000, 0x00000000a6700000| Complete 
| 104|0x00000000a6800000, 0x00000000a6900000, 0x00000000a6900000|100%| S|CS|TAMS 0x00000000a6800000, 0x00000000a6800000| Complete 
| 105|0x00000000a6900000, 0x00000000a6a00000, 0x00000000a6a00000|100%| S|CS|TAMS 0x00000000a6900000, 0x00000000a6900000| Complete 
| 106|0x00000000a6a00000, 0x00000000a6b00000, 0x00000000a6b00000|100%| S|CS|TAMS 0x00000000a6a00000, 0x00000000a6a00000| Complete 
| 107|0x00000000a6b00000, 0x00000000a6b00000, 0x00000000a6c00000|  0%| F|  |TAMS 0x00000000a6b00000, 0x00000000a6b00000| Untracked 
| 108|0x00000000a6c00000, 0x00000000a6c00000, 0x00000000a6d00000|  0%| F|  |TAMS 0x00000000a6c00000, 0x00000000a6c00000| Untracked 
| 109|0x00000000a6d00000, 0x00000000a6d00000, 0x00000000a6e00000|  0%| F|  |TAMS 0x00000000a6d00000, 0x00000000a6d00000| Untracked 
| 110|0x00000000a6e00000, 0x00000000a6e00000, 0x00000000a6f00000|  0%| F|  |TAMS 0x00000000a6e00000, 0x00000000a6e00000| Untracked 
| 111|0x00000000a6f00000, 0x00000000a6f00000, 0x00000000a7000000|  0%| F|  |TAMS 0x00000000a6f00000, 0x00000000a6f00000| Untracked 
| 112|0x00000000a7000000, 0x00000000a7000000, 0x00000000a7100000|  0%| F|  |TAMS 0x00000000a7000000, 0x00000000a7000000| Untracked 
| 113|0x00000000a7100000, 0x00000000a7100000, 0x00000000a7200000|  0%| F|  |TAMS 0x00000000a7100000, 0x00000000a7100000| Untracked 
| 114|0x00000000a7200000, 0x00000000a7200000, 0x00000000a7300000|  0%| F|  |TAMS 0x00000000a7200000, 0x00000000a7200000| Untracked 
| 115|0x00000000a7300000, 0x00000000a7300000, 0x00000000a7400000|  0%| F|  |TAMS 0x00000000a7300000, 0x00000000a7300000| Untracked 
| 116|0x00000000a7400000, 0x00000000a7400000, 0x00000000a7500000|  0%| F|  |TAMS 0x00000000a7400000, 0x00000000a7400000| Untracked 
| 117|0x00000000a7500000, 0x00000000a7500000, 0x00000000a7600000|  0%| F|  |TAMS 0x00000000a7500000, 0x00000000a7500000| Untracked 
| 118|0x00000000a7600000, 0x00000000a7600000, 0x00000000a7700000|  0%| F|  |TAMS 0x00000000a7600000, 0x00000000a7600000| Untracked 
| 119|0x00000000a7700000, 0x00000000a7700000, 0x00000000a7800000|  0%| F|  |TAMS 0x00000000a7700000, 0x00000000a7700000| Untracked 
| 120|0x00000000a7800000, 0x00000000a7800000, 0x00000000a7900000|  0%| F|  |TAMS 0x00000000a7800000, 0x00000000a7800000| Untracked 
| 121|0x00000000a7900000, 0x00000000a7900000, 0x00000000a7a00000|  0%| F|  |TAMS 0x00000000a7900000, 0x00000000a7900000| Untracked 
| 122|0x00000000a7a00000, 0x00000000a7a00000, 0x00000000a7b00000|  0%| F|  |TAMS 0x00000000a7a00000, 0x00000000a7a00000| Untracked 
| 123|0x00000000a7b00000, 0x00000000a7b00000, 0x00000000a7c00000|  0%| F|  |TAMS 0x00000000a7b00000, 0x00000000a7b00000| Untracked 
| 124|0x00000000a7c00000, 0x00000000a7c00000, 0x00000000a7d00000|  0%| F|  |TAMS 0x00000000a7c00000, 0x00000000a7c00000| Untracked 
| 125|0x00000000a7d00000, 0x00000000a7d00000, 0x00000000a7e00000|  0%| F|  |TAMS 0x00000000a7d00000, 0x00000000a7d00000| Untracked 
| 126|0x00000000a7e00000, 0x00000000a7e00000, 0x00000000a7f00000|  0%| F|  |TAMS 0x00000000a7e00000, 0x00000000a7e00000| Untracked 
| 127|0x00000000a7f00000, 0x00000000a7f00000, 0x00000000a8000000|  0%| F|  |TAMS 0x00000000a7f00000, 0x00000000a7f00000| Untracked 
| 128|0x00000000a8000000, 0x00000000a8000000, 0x00000000a8100000|  0%| F|  |TAMS 0x00000000a8000000, 0x00000000a8000000| Untracked 
| 129|0x00000000a8100000, 0x00000000a8100000, 0x00000000a8200000|  0%| F|  |TAMS 0x00000000a8100000, 0x00000000a8100000| Untracked 
| 130|0x00000000a8200000, 0x00000000a8200000, 0x00000000a8300000|  0%| F|  |TAMS 0x00000000a8200000, 0x00000000a8200000| Untracked 
| 131|0x00000000a8300000, 0x00000000a8300000, 0x00000000a8400000|  0%| F|  |TAMS 0x00000000a8300000, 0x00000000a8300000| Untracked 
| 132|0x00000000a8400000, 0x00000000a8400000, 0x00000000a8500000|  0%| F|  |TAMS 0x00000000a8400000, 0x00000000a8400000| Untracked 
| 133|0x00000000a8500000, 0x00000000a8500000, 0x00000000a8600000|  0%| F|  |TAMS 0x00000000a8500000, 0x00000000a8500000| Untracked 
| 134|0x00000000a8600000, 0x00000000a8600000, 0x00000000a8700000|  0%| F|  |TAMS 0x00000000a8600000, 0x00000000a8600000| Untracked 
| 135|0x00000000a8700000, 0x00000000a8700000, 0x00000000a8800000|  0%| F|  |TAMS 0x00000000a8700000, 0x00000000a8700000| Untracked 
| 136|0x00000000a8800000, 0x00000000a8800000, 0x00000000a8900000|  0%| F|  |TAMS 0x00000000a8800000, 0x00000000a8800000| Untracked 
| 137|0x00000000a8900000, 0x00000000a8900000, 0x00000000a8a00000|  0%| F|  |TAMS 0x00000000a8900000, 0x00000000a8900000| Untracked 
| 138|0x00000000a8a00000, 0x00000000a8a00000, 0x00000000a8b00000|  0%| F|  |TAMS 0x00000000a8a00000, 0x00000000a8a00000| Untracked 
| 139|0x00000000a8b00000, 0x00000000a8b00000, 0x00000000a8c00000|  0%| F|  |TAMS 0x00000000a8b00000, 0x00000000a8b00000| Untracked 
| 140|0x00000000a8c00000, 0x00000000a8c00000, 0x00000000a8d00000|  0%| F|  |TAMS 0x00000000a8c00000, 0x00000000a8c00000| Untracked 
| 141|0x00000000a8d00000, 0x00000000a8d00000, 0x00000000a8e00000|  0%| F|  |TAMS 0x00000000a8d00000, 0x00000000a8d00000| Untracked 
| 142|0x00000000a8e00000, 0x00000000a8e00000, 0x00000000a8f00000|  0%| F|  |TAMS 0x00000000a8e00000, 0x00000000a8e00000| Untracked 
| 143|0x00000000a8f00000, 0x00000000a8f00000, 0x00000000a9000000|  0%| F|  |TAMS 0x00000000a8f00000, 0x00000000a8f00000| Untracked 
| 144|0x00000000a9000000, 0x00000000a9000000, 0x00000000a9100000|  0%| F|  |TAMS 0x00000000a9000000, 0x00000000a9000000| Untracked 
| 145|0x00000000a9100000, 0x00000000a9100000, 0x00000000a9200000|  0%| F|  |TAMS 0x00000000a9100000, 0x00000000a9100000| Untracked 
| 146|0x00000000a9200000, 0x00000000a9200000, 0x00000000a9300000|  0%| F|  |TAMS 0x00000000a9200000, 0x00000000a9200000| Untracked 
| 147|0x00000000a9300000, 0x00000000a9300000, 0x00000000a9400000|  0%| F|  |TAMS 0x00000000a9300000, 0x00000000a9300000| Untracked 
| 148|0x00000000a9400000, 0x00000000a9400000, 0x00000000a9500000|  0%| F|  |TAMS 0x00000000a9400000, 0x00000000a9400000| Untracked 
| 149|0x00000000a9500000, 0x00000000a9500000, 0x00000000a9600000|  0%| F|  |TAMS 0x00000000a9500000, 0x00000000a9500000| Untracked 
| 150|0x00000000a9600000, 0x00000000a9600000, 0x00000000a9700000|  0%| F|  |TAMS 0x00000000a9600000, 0x00000000a9600000| Untracked 
| 151|0x00000000a9700000, 0x00000000a9700000, 0x00000000a9800000|  0%| F|  |TAMS 0x00000000a9700000, 0x00000000a9700000| Untracked 
| 152|0x00000000a9800000, 0x00000000a9800000, 0x00000000a9900000|  0%| F|  |TAMS 0x00000000a9800000, 0x00000000a9800000| Untracked 
| 153|0x00000000a9900000, 0x00000000a9900000, 0x00000000a9a00000|  0%| F|  |TAMS 0x00000000a9900000, 0x00000000a9900000| Untracked 
| 154|0x00000000a9a00000, 0x00000000a9a00000, 0x00000000a9b00000|  0%| F|  |TAMS 0x00000000a9a00000, 0x00000000a9a00000| Untracked 
| 155|0x00000000a9b00000, 0x00000000a9b00000, 0x00000000a9c00000|  0%| F|  |TAMS 0x00000000a9b00000, 0x00000000a9b00000| Untracked 
| 156|0x00000000a9c00000, 0x00000000a9c00000, 0x00000000a9d00000|  0%| F|  |TAMS 0x00000000a9c00000, 0x00000000a9c00000| Untracked 
| 157|0x00000000a9d00000, 0x00000000a9d00000, 0x00000000a9e00000|  0%| F|  |TAMS 0x00000000a9d00000, 0x00000000a9d00000| Untracked 
| 158|0x00000000a9e00000, 0x00000000a9e00000, 0x00000000a9f00000|  0%| F|  |TAMS 0x00000000a9e00000, 0x00000000a9e00000| Untracked 
| 159|0x00000000a9f00000, 0x00000000a9f00000, 0x00000000aa000000|  0%| F|  |TAMS 0x00000000a9f00000, 0x00000000a9f00000| Untracked 
| 160|0x00000000aa000000, 0x00000000aa000000, 0x00000000aa100000|  0%| F|  |TAMS 0x00000000aa000000, 0x00000000aa000000| Untracked 
| 161|0x00000000aa100000, 0x00000000aa100000, 0x00000000aa200000|  0%| F|  |TAMS 0x00000000aa100000, 0x00000000aa100000| Untracked 
| 162|0x00000000aa200000, 0x00000000aa200000, 0x00000000aa300000|  0%| F|  |TAMS 0x00000000aa200000, 0x00000000aa200000| Untracked 
| 163|0x00000000aa300000, 0x00000000aa300000, 0x00000000aa400000|  0%| F|  |TAMS 0x00000000aa300000, 0x00000000aa300000| Untracked 
| 164|0x00000000aa400000, 0x00000000aa400000, 0x00000000aa500000|  0%| F|  |TAMS 0x00000000aa400000, 0x00000000aa400000| Untracked 
| 165|0x00000000aa500000, 0x00000000aa500000, 0x00000000aa600000|  0%| F|  |TAMS 0x00000000aa500000, 0x00000000aa500000| Untracked 
| 166|0x00000000aa600000, 0x00000000aa600000, 0x00000000aa700000|  0%| F|  |TAMS 0x00000000aa600000, 0x00000000aa600000| Untracked 
| 167|0x00000000aa700000, 0x00000000aa700000, 0x00000000aa800000|  0%| F|  |TAMS 0x00000000aa700000, 0x00000000aa700000| Untracked 
| 168|0x00000000aa800000, 0x00000000aa800000, 0x00000000aa900000|  0%| F|  |TAMS 0x00000000aa800000, 0x00000000aa800000| Untracked 
| 169|0x00000000aa900000, 0x00000000aa900000, 0x00000000aaa00000|  0%| F|  |TAMS 0x00000000aa900000, 0x00000000aa900000| Untracked 
| 170|0x00000000aaa00000, 0x00000000aaa00000, 0x00000000aab00000|  0%| F|  |TAMS 0x00000000aaa00000, 0x00000000aaa00000| Untracked 
| 171|0x00000000aab00000, 0x00000000aab00000, 0x00000000aac00000|  0%| F|  |TAMS 0x00000000aab00000, 0x00000000aab00000| Untracked 
| 172|0x00000000aac00000, 0x00000000aac00000, 0x00000000aad00000|  0%| F|  |TAMS 0x00000000aac00000, 0x00000000aac00000| Untracked 
| 173|0x00000000aad00000, 0x00000000aad00000, 0x00000000aae00000|  0%| F|  |TAMS 0x00000000aad00000, 0x00000000aad00000| Untracked 
| 174|0x00000000aae00000, 0x00000000aae00000, 0x00000000aaf00000|  0%| F|  |TAMS 0x00000000aae00000, 0x00000000aae00000| Untracked 
| 175|0x00000000aaf00000, 0x00000000aaf00000, 0x00000000ab000000|  0%| F|  |TAMS 0x00000000aaf00000, 0x00000000aaf00000| Untracked 
| 176|0x00000000ab000000, 0x00000000ab000000, 0x00000000ab100000|  0%| F|  |TAMS 0x00000000ab000000, 0x00000000ab000000| Untracked 
| 177|0x00000000ab100000, 0x00000000ab100000, 0x00000000ab200000|  0%| F|  |TAMS 0x00000000ab100000, 0x00000000ab100000| Untracked 
| 178|0x00000000ab200000, 0x00000000ab200000, 0x00000000ab300000|  0%| F|  |TAMS 0x00000000ab200000, 0x00000000ab200000| Untracked 
| 179|0x00000000ab300000, 0x00000000ab300000, 0x00000000ab400000|  0%| F|  |TAMS 0x00000000ab300000, 0x00000000ab300000| Untracked 
| 180|0x00000000ab400000, 0x00000000ab400000, 0x00000000ab500000|  0%| F|  |TAMS 0x00000000ab400000, 0x00000000ab400000| Untracked 
| 181|0x00000000ab500000, 0x00000000ab500000, 0x00000000ab600000|  0%| F|  |TAMS 0x00000000ab500000, 0x00000000ab500000| Untracked 
| 182|0x00000000ab600000, 0x00000000ab600000, 0x00000000ab700000|  0%| F|  |TAMS 0x00000000ab600000, 0x00000000ab600000| Untracked 
| 183|0x00000000ab700000, 0x00000000ab700000, 0x00000000ab800000|  0%| F|  |TAMS 0x00000000ab700000, 0x00000000ab700000| Untracked 
| 184|0x00000000ab800000, 0x00000000ab800000, 0x00000000ab900000|  0%| F|  |TAMS 0x00000000ab800000, 0x00000000ab800000| Untracked 
| 185|0x00000000ab900000, 0x00000000ab900000, 0x00000000aba00000|  0%| F|  |TAMS 0x00000000ab900000, 0x00000000ab900000| Untracked 
| 186|0x00000000aba00000, 0x00000000aba00000, 0x00000000abb00000|  0%| F|  |TAMS 0x00000000aba00000, 0x00000000aba00000| Untracked 
| 187|0x00000000abb00000, 0x00000000abb00000, 0x00000000abc00000|  0%| F|  |TAMS 0x00000000abb00000, 0x00000000abb00000| Untracked 
| 188|0x00000000abc00000, 0x00000000abc00000, 0x00000000abd00000|  0%| F|  |TAMS 0x00000000abc00000, 0x00000000abc00000| Untracked 
| 189|0x00000000abd00000, 0x00000000abd00000, 0x00000000abe00000|  0%| F|  |TAMS 0x00000000abd00000, 0x00000000abd00000| Untracked 
| 190|0x00000000abe00000, 0x00000000abe00000, 0x00000000abf00000|  0%| F|  |TAMS 0x00000000abe00000, 0x00000000abe00000| Untracked 
| 191|0x00000000abf00000, 0x00000000abf00000, 0x00000000ac000000|  0%| F|  |TAMS 0x00000000abf00000, 0x00000000abf00000| Untracked 
| 192|0x00000000ac000000, 0x00000000ac000000, 0x00000000ac100000|  0%| F|  |TAMS 0x00000000ac000000, 0x00000000ac000000| Untracked 
| 193|0x00000000ac100000, 0x00000000ac100000, 0x00000000ac200000|  0%| F|  |TAMS 0x00000000ac100000, 0x00000000ac100000| Untracked 
| 194|0x00000000ac200000, 0x00000000ac200000, 0x00000000ac300000|  0%| F|  |TAMS 0x00000000ac200000, 0x00000000ac200000| Untracked 
| 195|0x00000000ac300000, 0x00000000ac300000, 0x00000000ac400000|  0%| F|  |TAMS 0x00000000ac300000, 0x00000000ac300000| Untracked 
| 196|0x00000000ac400000, 0x00000000ac400000, 0x00000000ac500000|  0%| F|  |TAMS 0x00000000ac400000, 0x00000000ac400000| Untracked 
| 197|0x00000000ac500000, 0x00000000ac500000, 0x00000000ac600000|  0%| F|  |TAMS 0x00000000ac500000, 0x00000000ac500000| Untracked 
| 198|0x00000000ac600000, 0x00000000ac600000, 0x00000000ac700000|  0%| F|  |TAMS 0x00000000ac600000, 0x00000000ac600000| Untracked 
| 199|0x00000000ac700000, 0x00000000ac700000, 0x00000000ac800000|  0%| F|  |TAMS 0x00000000ac700000, 0x00000000ac700000| Untracked 
| 200|0x00000000ac800000, 0x00000000ac800000, 0x00000000ac900000|  0%| F|  |TAMS 0x00000000ac800000, 0x00000000ac800000| Untracked 
| 201|0x00000000ac900000, 0x00000000ac900000, 0x00000000aca00000|  0%| F|  |TAMS 0x00000000ac900000, 0x00000000ac900000| Untracked 
| 202|0x00000000aca00000, 0x00000000aca00000, 0x00000000acb00000|  0%| F|  |TAMS 0x00000000aca00000, 0x00000000aca00000| Untracked 
| 203|0x00000000acb00000, 0x00000000acb00000, 0x00000000acc00000|  0%| F|  |TAMS 0x00000000acb00000, 0x00000000acb00000| Untracked 
| 204|0x00000000acc00000, 0x00000000acc00000, 0x00000000acd00000|  0%| F|  |TAMS 0x00000000acc00000, 0x00000000acc00000| Untracked 
| 205|0x00000000acd00000, 0x00000000acd00000, 0x00000000ace00000|  0%| F|  |TAMS 0x00000000acd00000, 0x00000000acd00000| Untracked 
| 206|0x00000000ace00000, 0x00000000acf00000, 0x00000000acf00000|100%| E|  |TAMS 0x00000000ace00000, 0x00000000ace00000| Complete 
| 207|0x00000000acf00000, 0x00000000ad000000, 0x00000000ad000000|100%| E|CS|TAMS 0x00000000acf00000, 0x00000000acf00000| Complete 
| 208|0x00000000ad000000, 0x00000000ad100000, 0x00000000ad100000|100%| E|CS|TAMS 0x00000000ad000000, 0x00000000ad000000| Complete 
| 209|0x00000000ad100000, 0x00000000ad200000, 0x00000000ad200000|100%| E|CS|TAMS 0x00000000ad100000, 0x00000000ad100000| Complete 
| 210|0x00000000ad200000, 0x00000000ad300000, 0x00000000ad300000|100%| E|CS|TAMS 0x00000000ad200000, 0x00000000ad200000| Complete 
| 211|0x00000000ad300000, 0x00000000ad400000, 0x00000000ad400000|100%| E|CS|TAMS 0x00000000ad300000, 0x00000000ad300000| Complete 
| 212|0x00000000ad400000, 0x00000000ad500000, 0x00000000ad500000|100%| E|CS|TAMS 0x00000000ad400000, 0x00000000ad400000| Complete 
| 213|0x00000000ad500000, 0x00000000ad600000, 0x00000000ad600000|100%| E|CS|TAMS 0x00000000ad500000, 0x00000000ad500000| Complete 
| 214|0x00000000ad600000, 0x00000000ad700000, 0x00000000ad700000|100%| E|CS|TAMS 0x00000000ad600000, 0x00000000ad600000| Complete 
| 215|0x00000000ad700000, 0x00000000ad800000, 0x00000000ad800000|100%| E|CS|TAMS 0x00000000ad700000, 0x00000000ad700000| Complete 
| 216|0x00000000ad800000, 0x00000000ad900000, 0x00000000ad900000|100%| E|  |TAMS 0x00000000ad800000, 0x00000000ad800000| Complete 
| 217|0x00000000ad900000, 0x00000000ada00000, 0x00000000ada00000|100%| E|CS|TAMS 0x00000000ad900000, 0x00000000ad900000| Complete 
| 218|0x00000000ada00000, 0x00000000adb00000, 0x00000000adb00000|100%| E|CS|TAMS 0x00000000ada00000, 0x00000000ada00000| Complete 
| 219|0x00000000adb00000, 0x00000000adc00000, 0x00000000adc00000|100%| E|CS|TAMS 0x00000000adb00000, 0x00000000adb00000| Complete 
| 220|0x00000000adc00000, 0x00000000add00000, 0x00000000add00000|100%| E|CS|TAMS 0x00000000adc00000, 0x00000000adc00000| Complete 
| 221|0x00000000add00000, 0x00000000ade00000, 0x00000000ade00000|100%| E|CS|TAMS 0x00000000add00000, 0x00000000add00000| Complete 
| 222|0x00000000ade00000, 0x00000000adf00000, 0x00000000adf00000|100%| E|CS|TAMS 0x00000000ade00000, 0x00000000ade00000| Complete 
| 223|0x00000000adf00000, 0x00000000ae000000, 0x00000000ae000000|100%| E|CS|TAMS 0x00000000adf00000, 0x00000000adf00000| Complete 
| 224|0x00000000ae000000, 0x00000000ae100000, 0x00000000ae100000|100%| E|CS|TAMS 0x00000000ae000000, 0x00000000ae000000| Complete 
| 225|0x00000000ae100000, 0x00000000ae200000, 0x00000000ae200000|100%| E|CS|TAMS 0x00000000ae100000, 0x00000000ae100000| Complete 
| 226|0x00000000ae200000, 0x00000000ae300000, 0x00000000ae300000|100%| E|CS|TAMS 0x00000000ae200000, 0x00000000ae200000| Complete 
| 227|0x00000000ae300000, 0x00000000ae400000, 0x00000000ae400000|100%| E|CS|TAMS 0x00000000ae300000, 0x00000000ae300000| Complete 
| 228|0x00000000ae400000, 0x00000000ae500000, 0x00000000ae500000|100%| E|CS|TAMS 0x00000000ae400000, 0x00000000ae400000| Complete 
| 229|0x00000000ae500000, 0x00000000ae600000, 0x00000000ae600000|100%| E|CS|TAMS 0x00000000ae500000, 0x00000000ae500000| Complete 
| 230|0x00000000ae600000, 0x00000000ae700000, 0x00000000ae700000|100%| E|CS|TAMS 0x00000000ae600000, 0x00000000ae600000| Complete 
| 231|0x00000000ae700000, 0x00000000ae800000, 0x00000000ae800000|100%| E|CS|TAMS 0x00000000ae700000, 0x00000000ae700000| Complete 
| 232|0x00000000ae800000, 0x00000000ae900000, 0x00000000ae900000|100%| E|CS|TAMS 0x00000000ae800000, 0x00000000ae800000| Complete 
| 233|0x00000000ae900000, 0x00000000aea00000, 0x00000000aea00000|100%| E|CS|TAMS 0x00000000ae900000, 0x00000000ae900000| Complete 
| 234|0x00000000aea00000, 0x00000000aeb00000, 0x00000000aeb00000|100%| E|CS|TAMS 0x00000000aea00000, 0x00000000aea00000| Complete 
| 235|0x00000000aeb00000, 0x00000000aec00000, 0x00000000aec00000|100%| E|CS|TAMS 0x00000000aeb00000, 0x00000000aeb00000| Complete 
| 236|0x00000000aec00000, 0x00000000aed00000, 0x00000000aed00000|100%| E|CS|TAMS 0x00000000aec00000, 0x00000000aec00000| Complete 
| 237|0x00000000aed00000, 0x00000000aee00000, 0x00000000aee00000|100%| E|CS|TAMS 0x00000000aed00000, 0x00000000aed00000| Complete 
| 238|0x00000000aee00000, 0x00000000aef00000, 0x00000000aef00000|100%| E|CS|TAMS 0x00000000aee00000, 0x00000000aee00000| Complete 
| 239|0x00000000aef00000, 0x00000000af000000, 0x00000000af000000|100%| E|CS|TAMS 0x00000000aef00000, 0x00000000aef00000| Complete 
| 240|0x00000000af000000, 0x00000000af100000, 0x00000000af100000|100%| E|CS|TAMS 0x00000000af000000, 0x00000000af000000| Complete 
| 241|0x00000000af100000, 0x00000000af200000, 0x00000000af200000|100%| E|CS|TAMS 0x00000000af100000, 0x00000000af100000| Complete 
| 242|0x00000000af200000, 0x00000000af300000, 0x00000000af300000|100%| E|CS|TAMS 0x00000000af200000, 0x00000000af200000| Complete 
| 243|0x00000000af300000, 0x00000000af400000, 0x00000000af400000|100%| E|CS|TAMS 0x00000000af300000, 0x00000000af300000| Complete 
| 244|0x00000000af400000, 0x00000000af500000, 0x00000000af500000|100%| E|CS|TAMS 0x00000000af400000, 0x00000000af400000| Complete 
| 245|0x00000000af500000, 0x00000000af600000, 0x00000000af600000|100%| E|CS|TAMS 0x00000000af500000, 0x00000000af500000| Complete 
| 246|0x00000000af600000, 0x00000000af700000, 0x00000000af700000|100%| E|CS|TAMS 0x00000000af600000, 0x00000000af600000| Complete 
| 247|0x00000000af700000, 0x00000000af800000, 0x00000000af800000|100%| E|CS|TAMS 0x00000000af700000, 0x00000000af700000| Complete 
| 248|0x00000000af800000, 0x00000000af900000, 0x00000000af900000|100%| E|CS|TAMS 0x00000000af800000, 0x00000000af800000| Complete 
| 249|0x00000000af900000, 0x00000000afa00000, 0x00000000afa00000|100%| E|CS|TAMS 0x00000000af900000, 0x00000000af900000| Complete 
| 250|0x00000000afa00000, 0x00000000afb00000, 0x00000000afb00000|100%| E|CS|TAMS 0x00000000afa00000, 0x00000000afa00000| Complete 
| 251|0x00000000afb00000, 0x00000000afc00000, 0x00000000afc00000|100%| E|CS|TAMS 0x00000000afb00000, 0x00000000afb00000| Complete 
| 252|0x00000000afc00000, 0x00000000afd00000, 0x00000000afd00000|100%| E|CS|TAMS 0x00000000afc00000, 0x00000000afc00000| Complete 
| 253|0x00000000afd00000, 0x00000000afe00000, 0x00000000afe00000|100%| E|CS|TAMS 0x00000000afd00000, 0x00000000afd00000| Complete 
| 254|0x00000000afe00000, 0x00000000aff00000, 0x00000000aff00000|100%| E|CS|TAMS 0x00000000afe00000, 0x00000000afe00000| Complete 
| 255|0x00000000aff00000, 0x00000000b0000000, 0x00000000b0000000|100%| E|CS|TAMS 0x00000000aff00000, 0x00000000aff00000| Complete 
| 256|0x00000000b0000000, 0x00000000b0100000, 0x00000000b0100000|100%| E|CS|TAMS 0x00000000b0000000, 0x00000000b0000000| Complete 

Card table byte_map: [0x0000024cb8770000,0x0000024cb8a70000] _byte_map_base: 0x0000024cb8270000

Marking Bits (Prev, Next): (CMBitMap*) 0x0000024ca5cbb850, (CMBitMap*) 0x0000024ca5cbb810
 Prev Bits: [0x0000024cba570000, 0x0000024cbbd70000)
 Next Bits: [0x0000024cb8d70000, 0x0000024cba570000)

Polling page: 0x0000024ca5430000

Metaspace:

Usage:
  Non-class:     57.45 MB used.
      Class:      8.30 MB used.
       Both:     65.76 MB used.

Virtual space:
  Non-class space:       64.00 MB reserved,      57.69 MB ( 90%) committed,  8 nodes.
      Class space:        1.00 GB reserved,       8.56 MB ( <1%) committed,  1 nodes.
             Both:        1.06 GB reserved,      66.25 MB (  6%) committed. 

Chunk freelists:
   Non-Class:  1.64 MB
       Class:  3.50 MB
        Both:  5.14 MB

MaxMetaspaceSize: unlimited
CompressedClassSpaceSize: 1.00 GB
Initial GC threshold: 21.00 MB
Current GC threshold: 110.12 MB
CDS: off
MetaspaceReclaimPolicy: balanced
 - commit_granule_bytes: 65536.
 - commit_granule_words: 8192.
 - virtual_space_node_default_size: 1048576.
 - enlarge_chunks_in_place: 1.
 - new_chunks_are_fully_committed: 0.
 - uncommit_free_chunks: 1.
 - use_allocation_guard: 0.
 - handle_deallocations: 1.


Internal statistics:

num_allocs_failed_limit: 8.
num_arena_births: 466.
num_arena_deaths: 6.
num_vsnodes_births: 9.
num_vsnodes_deaths: 0.
num_space_committed: 1060.
num_space_uncommitted: 0.
num_chunks_returned_to_freelist: 17.
num_chunks_taken_from_freelist: 2405.
num_chunk_merges: 3.
num_chunk_splits: 1628.
num_chunks_enlarged: 1163.
num_purges: 4.
num_inconsistent_stats: 0.

CodeHeap 'non-profiled nmethods': size=120000Kb used=6482Kb max_used=6482Kb free=113518Kb
 bounds [0x0000024cb0c00000, 0x0000024cb1260000, 0x0000024cb8130000]
CodeHeap 'profiled nmethods': size=120000Kb used=19858Kb max_used=19858Kb free=100141Kb
 bounds [0x0000024ca9130000, 0x0000024caa4a0000, 0x0000024cb0660000]
CodeHeap 'non-nmethods': size=5760Kb used=2373Kb max_used=2463Kb free=3386Kb
 bounds [0x0000024cb0660000, 0x0000024cb08e0000, 0x0000024cb0c00000]
 total_blobs=10344 nmethods=9444 adapters=812
 compilation: enabled
              stopped_count=0, restarted_count=0
 full_count=0

Compilation events (20 events):
Event: 62.063 Thread 0x0000024cbf082fc0 11074 %     3       org.objectweb.asm.ClassWriter::visit @ 100 (160 bytes)
Event: 62.064 Thread 0x0000024cbf082fc0 nmethod 11074% 0x0000024caa47a090 code [0x0000024caa47a2c0, 0x0000024caa47abd8]
Event: 62.078 Thread 0x0000024cc37cff00 nmethod 10965 0x0000024cb1243710 code [0x0000024cb1243900, 0x0000024cb1244b18]
Event: 62.079 Thread 0x0000024cc37cff00 10987       4       org.objectweb.asm.AnnotationWriter::computeAnnotationsSize (42 bytes)
Event: 62.080 Thread 0x0000024cc37cff00 nmethod 10987 0x0000024cb1245690 code [0x0000024cb1245820, 0x0000024cb1245928]
Event: 62.080 Thread 0x0000024cc37cff00 10835       4       org.objectweb.asm.MethodWriter::putMethodInfo (1274 bytes)
Event: 62.103 Thread 0x0000024cbf082fc0 11076 %     2       org.objectweb.asm.ClassReader::readCode @ 2186 (5109 bytes)
Event: 62.118 Thread 0x0000024cbf082fc0 nmethod 11076% 0x0000024caa47b090 code [0x0000024caa47bde0, 0x0000024caa484388]
Event: 62.119 Thread 0x0000024cbf082fc0 11077 %     3       org.gradle.internal.classpath.InstrumentingBackwardsCompatibilityVisitor::fixInternalNamesForBackwardsCompatibility @ 8 (31 bytes)
Event: 62.119 Thread 0x0000024cbf082fc0 nmethod 11077% 0x0000024caa48b590 code [0x0000024caa48b760, 0x0000024caa48bc08]
Event: 62.188 Thread 0x0000024cbf082ab0 nmethod 11068 0x0000024cb1245a90 code [0x0000024cb12463a0, 0x0000024cb124ef10]
Event: 62.188 Thread 0x0000024cbf082ab0 11078       4       org.objectweb.asm.ClassReader::readCode (5109 bytes)
Event: 62.194 Thread 0x0000024cbf082fc0 11079       3       org.objectweb.asm.ClassWriter::toByteArray (1535 bytes)
Event: 62.199 Thread 0x0000024cbf082fc0 nmethod 11079 0x0000024caa48be10 code [0x0000024caa48c6e0, 0x0000024caa490388]
Event: 62.210 Thread 0x0000024cbf082fc0 11080       3       org.objectweb.asm.ClassWriter::visit (160 bytes)
Event: 62.211 Thread 0x0000024cbf082fc0 nmethod 11080 0x0000024caa492310 code [0x0000024caa492540, 0x0000024caa492d78]
Event: 62.220 Thread 0x0000024cbf082fc0 11081       3       org.gradle.internal.classpath.InstrumentingBackwardsCompatibilityVisitor::fixInternalNamesForBackwardsCompatibility (31 bytes)
Event: 62.220 Thread 0x0000024cbf082fc0 nmethod 11081 0x0000024caa493210 code [0x0000024caa4933e0, 0x0000024caa493808]
Event: 62.245 Thread 0x0000024cbf082fc0 11082       3       org.objectweb.asm.SymbolTable::addConstantMemberReference (147 bytes)
Event: 62.246 Thread 0x0000024cbf082fc0 nmethod 11082 0x0000024caa493990 code [0x0000024caa493c00, 0x0000024caa4944c8]

GC Heap History (20 events):
Event: 60.158 GC heap before
{Heap before GC invocations=46 (full 0):
 garbage-first heap   total 219136K, used 182801K [0x00000000a0000000, 0x0000000100000000)
  region size 1024K, 128 young (131072K), 4 survivors (4096K)
 Metaspace       used 67309K, committed 67840K, reserved 1114112K
  class space    used 8503K, committed 8768K, reserved 1048576K
}
Event: 60.161 GC heap after
{Heap after GC invocations=47 (full 0):
 garbage-first heap   total 219136K, used 58041K [0x00000000a0000000, 0x0000000100000000)
  region size 1024K, 5 young (5120K), 5 survivors (5120K)
 Metaspace       used 67309K, committed 67840K, reserved 1114112K
  class space    used 8503K, committed 8768K, reserved 1048576K
}
Event: 60.320 GC heap before
{Heap before GC invocations=47 (full 0):
 garbage-first heap   total 219136K, used 182969K [0x00000000a0000000, 0x0000000100000000)
  region size 1024K, 128 young (131072K), 5 survivors (5120K)
 Metaspace       used 67314K, committed 67840K, reserved 1114112K
  class space    used 8503K, committed 8768K, reserved 1048576K
}
Event: 60.324 GC heap after
{Heap after GC invocations=48 (full 0):
 garbage-first heap   total 219136K, used 59060K [0x00000000a0000000, 0x0000000100000000)
  region size 1024K, 6 young (6144K), 6 survivors (6144K)
 Metaspace       used 67314K, committed 67840K, reserved 1114112K
  class space    used 8503K, committed 8768K, reserved 1048576K
}
Event: 60.495 GC heap before
{Heap before GC invocations=48 (full 0):
 garbage-first heap   total 219136K, used 182964K [0x00000000a0000000, 0x0000000100000000)
  region size 1024K, 128 young (131072K), 6 survivors (6144K)
 Metaspace       used 67314K, committed 67840K, reserved 1114112K
  class space    used 8503K, committed 8768K, reserved 1048576K
}
Event: 60.499 GC heap after
{Heap after GC invocations=49 (full 0):
 garbage-first heap   total 219136K, used 59299K [0x00000000a0000000, 0x0000000100000000)
  region size 1024K, 7 young (7168K), 7 survivors (7168K)
 Metaspace       used 67314K, committed 67840K, reserved 1114112K
  class space    used 8503K, committed 8768K, reserved 1048576K
}
Event: 60.676 GC heap before
{Heap before GC invocations=49 (full 0):
 garbage-first heap   total 219136K, used 190371K [0x00000000a0000000, 0x0000000100000000)
  region size 1024K, 128 young (131072K), 7 survivors (7168K)
 Metaspace       used 67317K, committed 67840K, reserved 1114112K
  class space    used 8503K, committed 8768K, reserved 1048576K
}
Event: 60.681 GC heap after
{Heap after GC invocations=50 (full 0):
 garbage-first heap   total 219136K, used 61502K [0x00000000a0000000, 0x0000000100000000)
  region size 1024K, 6 young (6144K), 6 survivors (6144K)
 Metaspace       used 67317K, committed 67840K, reserved 1114112K
  class space    used 8503K, committed 8768K, reserved 1048576K
}
Event: 60.875 GC heap before
{Heap before GC invocations=50 (full 0):
 garbage-first heap   total 219136K, used 185406K [0x00000000a0000000, 0x0000000100000000)
  region size 1024K, 128 young (131072K), 6 survivors (6144K)
 Metaspace       used 67318K, committed 67840K, reserved 1114112K
  class space    used 8503K, committed 8768K, reserved 1048576K
}
Event: 60.879 GC heap after
{Heap after GC invocations=51 (full 0):
 garbage-first heap   total 263168K, used 60204K [0x00000000a0000000, 0x0000000100000000)
  region size 1024K, 5 young (5120K), 5 survivors (5120K)
 Metaspace       used 67318K, committed 67840K, reserved 1114112K
  class space    used 8503K, committed 8768K, reserved 1048576K
}
Event: 61.136 GC heap before
{Heap before GC invocations=51 (full 0):
 garbage-first heap   total 263168K, used 211756K [0x00000000a0000000, 0x0000000100000000)
  region size 1024K, 154 young (157696K), 5 survivors (5120K)
 Metaspace       used 67324K, committed 67840K, reserved 1114112K
  class space    used 8503K, committed 8768K, reserved 1048576K
}
Event: 61.139 GC heap after
{Heap after GC invocations=52 (full 0):
 garbage-first heap   total 263168K, used 59970K [0x00000000a0000000, 0x0000000100000000)
  region size 1024K, 4 young (4096K), 4 survivors (4096K)
 Metaspace       used 67324K, committed 67840K, reserved 1114112K
  class space    used 8503K, committed 8768K, reserved 1048576K
}
Event: 61.304 GC heap before
{Heap before GC invocations=52 (full 0):
 garbage-first heap   total 263168K, used 212546K [0x00000000a0000000, 0x0000000100000000)
  region size 1024K, 154 young (157696K), 4 survivors (4096K)
 Metaspace       used 67329K, committed 67840K, reserved 1114112K
  class space    used 8503K, committed 8768K, reserved 1048576K
}
Event: 61.309 GC heap after
{Heap after GC invocations=53 (full 0):
 garbage-first heap   total 263168K, used 60089K [0x00000000a0000000, 0x0000000100000000)
  region size 1024K, 4 young (4096K), 4 survivors (4096K)
 Metaspace       used 67329K, committed 67840K, reserved 1114112K
  class space    used 8503K, committed 8768K, reserved 1048576K
}
Event: 61.530 GC heap before
{Heap before GC invocations=53 (full 0):
 garbage-first heap   total 263168K, used 212665K [0x00000000a0000000, 0x0000000100000000)
  region size 1024K, 154 young (157696K), 4 survivors (4096K)
 Metaspace       used 67335K, committed 67840K, reserved 1114112K
  class space    used 8503K, committed 8768K, reserved 1048576K
}
Event: 61.534 GC heap after
{Heap after GC invocations=54 (full 0):
 garbage-first heap   total 263168K, used 60821K [0x00000000a0000000, 0x0000000100000000)
  region size 1024K, 5 young (5120K), 5 survivors (5120K)
 Metaspace       used 67335K, committed 67840K, reserved 1114112K
  class space    used 8503K, committed 8768K, reserved 1048576K
}
Event: 61.885 GC heap before
{Heap before GC invocations=54 (full 0):
 garbage-first heap   total 263168K, used 212373K [0x00000000a0000000, 0x0000000100000000)
  region size 1024K, 154 young (157696K), 5 survivors (5120K)
 Metaspace       used 67335K, committed 67840K, reserved 1114112K
  class space    used 8503K, committed 8768K, reserved 1048576K
}
Event: 61.889 GC heap after
{Heap after GC invocations=55 (full 0):
 garbage-first heap   total 263168K, used 60275K [0x00000000a0000000, 0x0000000100000000)
  region size 1024K, 5 young (5120K), 5 survivors (5120K)
 Metaspace       used 67335K, committed 67840K, reserved 1114112K
  class space    used 8503K, committed 8768K, reserved 1048576K
}
Event: 62.214 GC heap before
{Heap before GC invocations=55 (full 0):
 garbage-first heap   total 263168K, used 211827K [0x00000000a0000000, 0x0000000100000000)
  region size 1024K, 154 young (157696K), 5 survivors (5120K)
 Metaspace       used 67335K, committed 67840K, reserved 1114112K
  class space    used 8503K, committed 8768K, reserved 1048576K
}
Event: 62.217 GC heap after
{Heap after GC invocations=56 (full 0):
 garbage-first heap   total 263168K, used 61906K [0x00000000a0000000, 0x0000000100000000)
  region size 1024K, 6 young (6144K), 6 survivors (6144K)
 Metaspace       used 67335K, committed 67840K, reserved 1114112K
  class space    used 8503K, committed 8768K, reserved 1048576K
}

Dll operation events (2 events):
Event: 0.013 Loaded shared library C:\Program Files\Android\Android Studio\jbr\bin\java.dll
Event: 0.545 Loaded shared library C:\Program Files\Android\Android Studio\jbr\bin\verify.dll

Deoptimization events (20 events):
Event: 62.245 Thread 0x0000024cc5083560 DEOPT PACKING pc=0x0000024cb11beb94 sp=0x000000e75dffd7a0
Event: 62.245 Thread 0x0000024cc5083560 DEOPT UNPACKING pc=0x0000024cb06b69a3 sp=0x000000e75dffd7b8 mode 2
Event: 62.246 Thread 0x0000024cc5080070 DEOPT PACKING pc=0x0000024caa47005a sp=0x000000e75e2fe180
Event: 62.246 Thread 0x0000024cc5080070 DEOPT UNPACKING pc=0x0000024cb06b7143 sp=0x000000e75e2fd890 mode 0
Event: 62.248 Thread 0x0000024cc5084d70 DEOPT PACKING pc=0x0000024caa47005a sp=0x000000e75defdd80
Event: 62.248 Thread 0x0000024cc5084d70 DEOPT UNPACKING pc=0x0000024cb06b7143 sp=0x000000e75defd490 mode 0
Event: 62.251 Thread 0x0000024cc5084d70 DEOPT PACKING pc=0x0000024caa47005a sp=0x000000e75defdd80
Event: 62.251 Thread 0x0000024cc5084d70 DEOPT UNPACKING pc=0x0000024cb06b7143 sp=0x000000e75defd490 mode 0
Event: 62.265 Thread 0x0000024cc5083560 DEOPT PACKING pc=0x0000024caa47005a sp=0x000000e75dffdad0
Event: 62.265 Thread 0x0000024cc5083560 DEOPT UNPACKING pc=0x0000024cb06b7143 sp=0x000000e75dffd1e0 mode 0
Event: 62.272 Thread 0x0000024cc5080070 DEOPT PACKING pc=0x0000024caa47005a sp=0x000000e75e2fe180
Event: 62.272 Thread 0x0000024cc5080070 DEOPT UNPACKING pc=0x0000024cb06b7143 sp=0x000000e75e2fd890 mode 0
Event: 62.274 Thread 0x0000024cc5080070 DEOPT PACKING pc=0x0000024caa47005a sp=0x000000e75e2fe180
Event: 62.274 Thread 0x0000024cc5080070 DEOPT UNPACKING pc=0x0000024cb06b7143 sp=0x000000e75e2fd890 mode 0
Event: 62.280 Thread 0x0000024cc5083560 DEOPT PACKING pc=0x0000024caa47005a sp=0x000000e75dffdad0
Event: 62.280 Thread 0x0000024cc5083560 DEOPT UNPACKING pc=0x0000024cb06b7143 sp=0x000000e75dffd1e0 mode 0
Event: 62.289 Thread 0x0000024cc5080070 DEOPT PACKING pc=0x0000024caa47005a sp=0x000000e75e2fe180
Event: 62.289 Thread 0x0000024cc5080070 DEOPT UNPACKING pc=0x0000024cb06b7143 sp=0x000000e75e2fd890 mode 0
Event: 62.293 Thread 0x0000024cc5080070 DEOPT PACKING pc=0x0000024caa47005a sp=0x000000e75e2fe180
Event: 62.293 Thread 0x0000024cc5080070 DEOPT UNPACKING pc=0x0000024cb06b7143 sp=0x000000e75e2fd890 mode 0

Classes unloaded (8 events):
Event: 8.903 Thread 0x0000024cbe7e76a0 Unloading class 0x0000000100638000 '_BuildScript_'
Event: 15.619 Thread 0x0000024cbe7e76a0 Unloading class 0x00000001006c1820 '_BuildScript_$_run_closure1$_closure3'
Event: 15.619 Thread 0x0000024cbe7e76a0 Unloading class 0x00000001006c1410 '_BuildScript_$_run_closure1$_closure2'
Event: 15.619 Thread 0x0000024cbe7e76a0 Unloading class 0x00000001006c1000 '_BuildScript_$_run_closure1'
Event: 15.619 Thread 0x0000024cbe7e76a0 Unloading class 0x00000001006c0800 '_BuildScript_'
Event: 15.619 Thread 0x0000024cbe7e76a0 Unloading class 0x00000001006486d0 '_BuildScript_'
Event: 15.619 Thread 0x0000024cbe7e76a0 Unloading class 0x00000001006482c0 'FlutterAppPluginLoaderPlugin$_apply_closure1'
Event: 15.619 Thread 0x0000024cbe7e76a0 Unloading class 0x0000000100648000 'FlutterAppPluginLoaderPlugin'

Classes redefined (0 events):
No events

Internal exceptions (20 events):
Event: 61.381 Thread 0x0000024cc50843d0 Exception <a 'sun/nio/fs/WindowsException'{0x00000000acd52a88}> (0x00000000acd52a88) 
thrown [s\src\hotspot\share\prims\jni.cpp, line 517]
Event: 61.395 Thread 0x0000024cc50843d0 Exception <a 'sun/nio/fs/WindowsException'{0x00000000ab975e30}> (0x00000000ab975e30) 
thrown [s\src\hotspot\share\prims\jni.cpp, line 517]
Event: 61.397 Thread 0x0000024cc50843d0 Exception <a 'sun/nio/fs/WindowsException'{0x00000000ab975ff0}> (0x00000000ab975ff0) 
thrown [s\src\hotspot\share\prims\jni.cpp, line 517]
Event: 61.402 Thread 0x0000024cc50843d0 Exception <a 'sun/nio/fs/WindowsException'{0x00000000ab285050}> (0x00000000ab285050) 
thrown [s\src\hotspot\share\prims\jni.cpp, line 517]
Event: 61.412 Thread 0x0000024cc5083f00 Exception <a 'sun/nio/fs/WindowsException'{0x00000000aa9245d8}> (0x00000000aa9245d8) 
thrown [s\src\hotspot\share\prims\jni.cpp, line 517]
Event: 61.413 Thread 0x0000024cc5083f00 Exception <a 'sun/nio/fs/WindowsException'{0x00000000aa924798}> (0x00000000aa924798) 
thrown [s\src\hotspot\share\prims\jni.cpp, line 517]
Event: 61.417 Thread 0x0000024cbf8a88c0 Exception <a 'sun/nio/fs/WindowsException'{0x00000000aa509118}> (0x00000000aa509118) 
thrown [s\src\hotspot\share\prims\jni.cpp, line 517]
Event: 61.418 Thread 0x0000024cbf8a88c0 Exception <a 'sun/nio/fs/WindowsException'{0x00000000aa5092e0}> (0x00000000aa5092e0) 
thrown [s\src\hotspot\share\prims\jni.cpp, line 517]
Event: 61.418 Thread 0x0000024cc5083f00 Exception <a 'sun/nio/fs/WindowsException'{0x00000000aa41cc70}> (0x00000000aa41cc70) 
thrown [s\src\hotspot\share\prims\jni.cpp, line 517]
Event: 61.423 Thread 0x0000024cbf8a88c0 Exception <a 'sun/nio/fs/WindowsException'{0x00000000aa51d6d0}> (0x00000000aa51d6d0) 
thrown [s\src\hotspot\share\prims\jni.cpp, line 517]
Event: 61.456 Thread 0x0000024cbf8a88c0 Exception <a 'sun/nio/fs/WindowsException'{0x00000000a8e3f140}> (0x00000000a8e3f140) 
thrown [s\src\hotspot\share\prims\jni.cpp, line 517]
Event: 61.457 Thread 0x0000024cbf8a88c0 Exception <a 'sun/nio/fs/WindowsException'{0x00000000a8e3f2d8}> (0x00000000a8e3f2d8) 
thrown [s\src\hotspot\share\prims\jni.cpp, line 517]
Event: 61.495 Thread 0x0000024cc50843d0 Exception <a 'sun/nio/fs/WindowsException'{0x00000000a7868570}> (0x00000000a7868570) 
thrown [s\src\hotspot\share\prims\jni.cpp, line 517]
Event: 61.496 Thread 0x0000024cc50843d0 Exception <a 'sun/nio/fs/WindowsException'{0x00000000a7868718}> (0x00000000a7868718) 
thrown [s\src\hotspot\share\prims\jni.cpp, line 517]
Event: 61.718 Thread 0x0000024cc5083a30 Exception <a 'sun/nio/fs/WindowsException'{0x00000000aba8c6b8}> (0x00000000aba8c6b8) 
thrown [s\src\hotspot\share\prims\jni.cpp, line 517]
Event: 61.719 Thread 0x0000024cc5083a30 Exception <a 'sun/nio/fs/WindowsException'{0x00000000aba8c870}> (0x00000000aba8c870) 
thrown [s\src\hotspot\share\prims\jni.cpp, line 517]
Event: 61.775 Thread 0x0000024cc5083f00 Exception <a 'sun/nio/fs/WindowsException'{0x00000000a92d8bb0}> (0x00000000a92d8bb0) 
thrown [s\src\hotspot\share\prims\jni.cpp, line 517]
Event: 61.776 Thread 0x0000024cc5083f00 Exception <a 'sun/nio/fs/WindowsException'{0x00000000a92d8d58}> (0x00000000a92d8d58) 
thrown [s\src\hotspot\share\prims\jni.cpp, line 517]
Event: 61.787 Thread 0x0000024cc5080540 Exception <a 'sun/nio/fs/WindowsException'{0x00000000a8dc31f0}> (0x00000000a8dc31f0) 
thrown [s\src\hotspot\share\prims\jni.cpp, line 517]
Event: 61.789 Thread 0x0000024cc5080540 Exception <a 'sun/nio/fs/WindowsException'{0x00000000a8dc33b0}> (0x00000000a8dc33b0) 
thrown [s\src\hotspot\share\prims\jni.cpp, line 517]

VM Operations (20 events):
Event: 60.674 Executing VM operation: G1CollectForAllocation
Event: 60.674 Executing VM operation: G1CollectForAllocation done
Event: 60.674 Executing VM operation: G1CollectForAllocation
Event: 60.682 Executing VM operation: G1CollectForAllocation done
Event: 60.872 Executing VM operation: G1CollectForAllocation
Event: 60.874 Executing VM operation: G1CollectForAllocation done
Event: 60.875 Executing VM operation: G1CollectForAllocation
Event: 60.879 Executing VM operation: G1CollectForAllocation done
Event: 61.124 Executing VM operation: G1CollectForAllocation
Event: 61.140 Executing VM operation: G1CollectForAllocation done
Event: 61.304 Executing VM operation: G1CollectForAllocation
Event: 61.304 Executing VM operation: G1CollectForAllocation done
Event: 61.304 Executing VM operation: G1CollectForAllocation
Event: 61.310 Executing VM operation: G1CollectForAllocation done
Event: 61.519 Executing VM operation: G1CollectForAllocation
Event: 61.551 Executing VM operation: G1CollectForAllocation done
Event: 61.881 Executing VM operation: G1CollectForAllocation
Event: 61.895 Executing VM operation: G1CollectForAllocation done
Event: 62.214 Executing VM operation: G1CollectForAllocation
Event: 62.218 Executing VM operation: G1CollectForAllocation done

Events (20 events):
Event: 30.975 Thread 0x0000024cbf0834d0 flushing nmethod 0x0000024caa05b910
Event: 30.975 Thread 0x0000024cbf0834d0 flushing nmethod 0x0000024caa0f1490
Event: 30.976 Thread 0x0000024cbf0834d0 flushing nmethod 0x0000024caa147590
Event: 30.976 Thread 0x0000024cbf0834d0 flushing nmethod 0x0000024caa14a410
Event: 35.733 Thread 0x0000024cc37d0920 Thread added: 0x0000024cc37d0920
Event: 36.404 Thread 0x0000024cc37d0920 Thread exited: 0x0000024cc37d0920
Event: 40.160 loading class jdk/internal/misc/ScopedMemoryAccess$Scope$Handle
Event: 40.160 loading class jdk/internal/misc/ScopedMemoryAccess$Scope$Handle done
Event: 52.324 Thread 0x0000024cbf8a83f0 Thread added: 0x0000024cbf8a83f0
Event: 57.864 Thread 0x0000024cbf8a88c0 Thread added: 0x0000024cbf8a88c0
Event: 57.878 Thread 0x0000024cc37cff00 Thread added: 0x0000024cc37cff00
Event: 58.244 loading class sun/security/ssl/Alert
Event: 58.244 loading class sun/security/ssl/Alert done
Event: 58.245 loading class sun/security/ssl/Alert$AlertConsumer
Event: 58.245 loading class sun/security/ssl/Alert$AlertConsumer done
Event: 58.245 loading class sun/security/ssl/Alert$Level
Event: 58.245 loading class sun/security/ssl/Alert$Level done
Event: 59.291 loading class sun/nio/fs/WindowsSecurity$Privilege
Event: 59.291 loading class sun/nio/fs/WindowsSecurity$Privilege done
Event: 59.750 Thread 0x0000024cbf0834d0 flushing nmethod 0x0000024ca97bd110


Dynamic libraries:
0x00007ff737e20000 - 0x00007ff737e2a000 	C:\Program Files\Android\Android Studio\jbr\bin\java.exe
0x00007ffa4c190000 - 0x00007ffa4c3a7000 	C:\WINDOWS\SYSTEM32\ntdll.dll
0x00007ffa4aa10000 - 0x00007ffa4aad4000 	C:\WINDOWS\System32\KERNEL32.DLL
0x00007ffa49b00000 - 0x00007ffa49ea5000 	C:\WINDOWS\System32\KERNELBASE.dll
0x00007ffa499e0000 - 0x00007ffa49af1000 	C:\WINDOWS\System32\ucrtbase.dll
0x00007ffa3ecf0000 - 0x00007ffa3ed07000 	C:\Program Files\Android\Android Studio\jbr\bin\jli.dll
0x00007ffa44230000 - 0x00007ffa4424b000 	C:\Program Files\Android\Android Studio\jbr\bin\VCRUNTIME140.dll
0x00007ffa4b7f0000 - 0x00007ffa4b99e000 	C:\WINDOWS\System32\USER32.dll
0x00007ffa49eb0000 - 0x00007ffa49ed6000 	C:\WINDOWS\System32\win32u.dll
0x00007ffa4a360000 - 0x00007ffa4a389000 	C:\WINDOWS\System32\GDI32.dll
0x00007ffa30a10000 - 0x00007ffa30ca3000 	C:\WINDOWS\WinSxS\amd64_microsoft.windows.common-controls_6595b64144ccf1df_6.0.22621.2506_none_270c5ae97388e100\COMCTL32.dll
0x00007ffa49670000 - 0x00007ffa49789000 	C:\WINDOWS\System32\gdi32full.dll
0x00007ffa49810000 - 0x00007ffa498aa000 	C:\WINDOWS\System32\msvcp_win.dll
0x00007ffa4c020000 - 0x00007ffa4c0c7000 	C:\WINDOWS\System32\msvcrt.dll
0x00007ffa4aeb0000 - 0x00007ffa4aee1000 	C:\WINDOWS\System32\IMM32.DLL
0x00007ffa455f0000 - 0x00007ffa455fc000 	C:\Program Files\Android\Android Studio\jbr\bin\vcruntime140_1.dll
0x00007ffa12b80000 - 0x00007ffa12c0d000 	C:\Program Files\Android\Android Studio\jbr\bin\msvcp140.dll
0x00007ff9d2cb0000 - 0x00007ff9d391e000 	C:\Program Files\Android\Android Studio\jbr\bin\server\jvm.dll
0x00007ffa4ac30000 - 0x00007ffa4ace1000 	C:\WINDOWS\System32\ADVAPI32.dll
0x00007ffa4bd10000 - 0x00007ffa4bdb6000 	C:\WINDOWS\System32\sechost.dll
0x00007ffa4bbf0000 - 0x00007ffa4bd07000 	C:\WINDOWS\System32\RPCRT4.dll
0x00007ffa27a50000 - 0x00007ffa27a59000 	C:\WINDOWS\SYSTEM32\WSOCK32.dll
0x00007ffa40e50000 - 0x00007ffa40e5a000 	C:\WINDOWS\SYSTEM32\VERSION.dll
0x00007ffa4a400000 - 0x00007ffa4a471000 	C:\WINDOWS\System32\WS2_32.dll
0x00007ffa42850000 - 0x00007ffa42884000 	C:\WINDOWS\SYSTEM32\WINMM.dll
0x00007ffa48590000 - 0x00007ffa485a8000 	C:\WINDOWS\SYSTEM32\kernel.appcore.dll
0x00007ffa42b90000 - 0x00007ffa42b9a000 	C:\Program Files\Android\Android Studio\jbr\bin\jimage.dll
0x00007ffa32190000 - 0x00007ffa323c3000 	C:\WINDOWS\SYSTEM32\DBGHELP.DLL
0x00007ffa4a480000 - 0x00007ffa4a809000 	C:\WINDOWS\System32\combase.dll
0x00007ffa4a810000 - 0x00007ffa4a8e7000 	C:\WINDOWS\System32\OLEAUT32.dll
0x00007ffa27470000 - 0x00007ffa274a2000 	C:\WINDOWS\SYSTEM32\dbgcore.DLL
0x00007ffa49790000 - 0x00007ffa4980a000 	C:\WINDOWS\System32\bcryptPrimitives.dll
0x00007ffa3eb90000 - 0x00007ffa3ebb5000 	C:\Program Files\Android\Android Studio\jbr\bin\java.dll
0x00007ffa3ecd0000 - 0x00007ffa3ece8000 	C:\Program Files\Android\Android Studio\jbr\bin\zip.dll
0x00007ffa4aef0000 - 0x00007ffa4b749000 	C:\WINDOWS\System32\SHELL32.dll
0x00007ffa47430000 - 0x00007ffa47d24000 	C:\WINDOWS\SYSTEM32\windows.storage.dll
0x00007ffa472e0000 - 0x00007ffa4741e000 	C:\WINDOWS\SYSTEM32\wintypes.dll
0x00007ffa4a8f0000 - 0x00007ffa4a9e3000 	C:\WINDOWS\System32\SHCORE.dll
0x00007ffa4bdc0000 - 0x00007ffa4be1e000 	C:\WINDOWS\System32\shlwapi.dll
0x00007ffa49430000 - 0x00007ffa49456000 	C:\WINDOWS\SYSTEM32\profapi.dll
0x00007ffa3eb70000 - 0x00007ffa3eb89000 	C:\Program Files\Android\Android Studio\jbr\bin\net.dll
0x00007ffa43810000 - 0x00007ffa43947000 	C:\WINDOWS\SYSTEM32\WINHTTP.dll
0x00007ffa48a70000 - 0x00007ffa48ad9000 	C:\WINDOWS\system32\mswsock.dll
0x00007ffa1b9f0000 - 0x00007ffa1ba06000 	C:\Program Files\Android\Android Studio\jbr\bin\nio.dll
0x00007ffa31f60000 - 0x00007ffa31f70000 	C:\Program Files\Android\Android Studio\jbr\bin\verify.dll
0x00007ffa153c0000 - 0x00007ffa153e7000 	C:\Users\77755\.gradle\native\e1d6ef7f7dcc3fd88c89a11ec53ec762bb8ba0a96d01ffa2cd45eb1d1d8dd5c5\windows-amd64\native-platform.dll
0x00007ff9e46f0000 - 0x00007ff9e4834000 	C:\Users\77755\.gradle\native\0d407fdbe67a94daf76414ababcb853783967236a71b16ec16e742cd7a986fd3\windows-amd64\native-platform-file-events.dll
0x00007ffa30cb0000 - 0x00007ffa30cb9000 	C:\Program Files\Android\Android Studio\jbr\bin\management.dll
0x00007ffa2cd80000 - 0x00007ffa2cd8b000 	C:\Program Files\Android\Android Studio\jbr\bin\management_ext.dll
0x00007ffa4b750000 - 0x00007ffa4b758000 	C:\WINDOWS\System32\PSAPI.DLL
0x00007ffa48cc0000 - 0x00007ffa48cdb000 	C:\WINDOWS\SYSTEM32\CRYPTSP.dll
0x00007ffa48550000 - 0x00007ffa48585000 	C:\WINDOWS\system32\rsaenh.dll
0x00007ffa48b60000 - 0x00007ffa48b8c000 	C:\WINDOWS\SYSTEM32\USERENV.dll
0x00007ffa48e90000 - 0x00007ffa48eb8000 	C:\WINDOWS\SYSTEM32\bcrypt.dll
0x00007ffa48ce0000 - 0x00007ffa48cec000 	C:\WINDOWS\SYSTEM32\CRYPTBASE.dll
0x00007ffa48000000 - 0x00007ffa4802d000 	C:\WINDOWS\SYSTEM32\IPHLPAPI.DLL
0x00007ffa4aa00000 - 0x00007ffa4aa09000 	C:\WINDOWS\System32\NSI.dll
0x00007ffa439d0000 - 0x00007ffa439e9000 	C:\WINDOWS\SYSTEM32\dhcpcsvc6.DLL
0x00007ffa43430000 - 0x00007ffa4344f000 	C:\WINDOWS\SYSTEM32\dhcpcsvc.DLL
0x00007ffa48070000 - 0x00007ffa48169000 	C:\WINDOWS\SYSTEM32\DNSAPI.dll
0x00007ffa259c0000 - 0x00007ffa259c8000 	C:\WINDOWS\system32\wshunix.dll
0x00007ffa40df0000 - 0x00007ffa40dfa000 	C:\Windows\System32\rasadhlp.dll
0x00007ffa42d70000 - 0x00007ffa42df3000 	C:\WINDOWS\System32\fwpuclnt.dll
0x00007ffa48610000 - 0x00007ffa48644000 	C:\WINDOWS\SYSTEM32\ntmarta.dll

dbghelp: loaded successfully - version: 4.0.5 - missing functions: none
symbol engine: initialized successfully - sym options: 0x614 - pdb path: .;C:\Program Files\Android\Android Studio\jbr\bin;C:\WINDOWS\SYSTEM32;C:\WINDOWS\WinSxS\amd64_microsoft.windows.common-controls_6595b64144ccf1df_6.0.22621.2506_none_270c5ae97388e100;C:\Program Files\Android\Android Studio\jbr\bin\server;C:\Users\77755\.gradle\native\e1d6ef7f7dcc3fd88c89a11ec53ec762bb8ba0a96d01ffa2cd45eb1d1d8dd5c5\windows-amd64;C:\Users\77755\.gradle\native\0d407fdbe67a94daf76414ababcb853783967236a71b16ec16e742cd7a986fd3\windows-amd64

VM Arguments:
jvm_args: --add-opens=java.base/java.util=ALL-UNNAMED --add-opens=java.base/java.lang=ALL-UNNAMED --add-opens=java.base/java.lang.invoke=ALL-UNNAMED --add-opens=java.base/java.util=ALL-UNNAMED --add-opens=java.prefs/java.util.prefs=ALL-UNNAMED --add-opens=java.prefs/java.util.prefs=ALL-UNNAMED --add-opens=java.base/java.nio.charset=ALL-UNNAMED --add-opens=java.base/java.net=ALL-UNNAMED --add-opens=java.base/java.util.concurrent.atomic=ALL-UNNAMED -Xmx1536M -Dfile.encoding=windows-1252 -Duser.country=US -Duser.language=en -Duser.variant 
java_command: org.gradle.launcher.daemon.bootstrap.GradleDaemon 7.5
java_class_path (initial): C:\Users\77755\.gradle\wrapper\dists\gradle-7.5-all\6qsw290k5lz422uaf8jf6m7co\gradle-7.5\lib\gradle-launcher-7.5.jar
Launcher Type: SUN_STANDARD

[Global flags]
     intx CICompilerCount                          = 4                                         {product} {ergonomic}
     uint ConcGCThreads                            = 2                                         {product} {ergonomic}
     uint G1ConcRefinementThreads                  = 8                                         {product} {ergonomic}
   size_t G1HeapRegionSize                         = 1048576                                   {product} {ergonomic}
    uintx GCDrainStackTargetSize                   = 64                                        {product} {ergonomic}
   size_t InitialHeapSize                          = 132120576                                 {product} {ergonomic}
   size_t MarkStackSize                            = 4194304                                   {product} {ergonomic}
   size_t MaxHeapSize                              = 1610612736                                {product} {command line}
   size_t MaxNewSize                               = 965738496                                 {product} {ergonomic}
   size_t MinHeapDeltaBytes                        = 1048576                                   {product} {ergonomic}
   size_t MinHeapSize                              = 8388608                                   {product} {ergonomic}
    uintx NonNMethodCodeHeapSize                   = 5839372                                {pd product} {ergonomic}
    uintx NonProfiledCodeHeapSize                  = 122909434                              {pd product} {ergonomic}
    uintx ProfiledCodeHeapSize                     = 122909434                              {pd product} {ergonomic}
    uintx ReservedCodeCacheSize                    = 251658240                              {pd product} {ergonomic}
     bool SegmentedCodeCache                       = true                                      {product} {ergonomic}
   size_t SoftMaxHeapSize                          = 1610612736                             {manageable} {ergonomic}
     bool UseCompressedClassPointers               = true                           {product lp64_product} {ergonomic}
     bool UseCompressedOops                        = true                           {product lp64_product} {ergonomic}
     bool UseG1GC                                  = true                                      {product} {ergonomic}
     bool UseLargePagesIndividualAllocation        = false                                  {pd product} {ergonomic}

Logging:
Log output configuration:
 #0: stdout all=warning uptime,level,tags
 #1: stderr all=off uptime,level,tags

Environment Variables:
JAVA_HOME=C:\Program Files\Android\Android Studio\jbr
CLASSPATH=C:\Users\77755\flutter_source\android\\gradle\wrapper\gradle-wrapper.jar
PATH=C:\Program Files\Android\Android Studio\jbr\bin;C:\Games\flutter\bin;C:\WINDOWS\system32;C:\WINDOWS;C:\WINDOWS\System32\Wbem;C:\WINDOWS\System32\WindowsPowerShell\v1.0\;C:\WINDOWS\System32\OpenSSH\;C:\Program Files\dotnet\;C:\Program Files\Git\cmd;C:\Program Files\Cloudflare\Cloudflare WARP\;C:\Program Files\NVIDIA Corporation\NVIDIA NvDLISR;C:\Program Files\Microsoft SQL Server\150\Tools\Binn\;C:\Program Files\Microsoft SQL Server\Client SDK\ODBC\170\Tools\Binn\;C:\Program Files (x86)\NVIDIA Corporation\PhysX\Common;C:\Program Files\PuTTY\;C:\Users\77755\AppData\Local\Microsoft\WindowsApps;C:\Users\77755\AppData\Local\Programs\Microsoft VS Code\bin;C:\Games\flutter\bin;C:\Users\77755\.dotnet\tools;C:\Users\77755\src\flutter\bin;;C:\Games\flutter\bin\mingit\cmd;C:\Games\flutter\bin\mingit\cmd
USERNAME=77755
OS=Windows_NT
PROCESSOR_IDENTIFIER=Intel64 Family 6 Model 158 Stepping 13, GenuineIntel
TMP=C:\Users\77755\AppData\Local\Temp
TEMP=C:\Users\77755\AppData\Local\Temp


JNI global refs:
JNI global refs: 26, weak refs: 78

JNI global refs memory usage: 843, weak refs: 1473


---------------  S Y S T E M  ---------------

OS:
 Windows 11 , 64 bit Build 22621 (10.0.22621.2506)
OS uptime: 6 days 16:15 hours

CPU: total 8 (initial active 8) (4 cores per cpu, 2 threads per core) family 6 model 158 stepping 13 microcode 0xde, cx8, cmov, fxsr, ht, mmx, 3dnowpref, sse, sse2, sse3, ssse3, sse4.1, sse4.2, popcnt, lzcnt, tsc, tscinvbit, avx, avx2, aes, erms, clmul, bmi1, bmi2, adx, fma, vzeroupper, clflush, clflushopt

Memory: 4k page, system-wide physical 8034M (448M free)
TotalPageFile size 16226M (AvailPageFile size 4M)
current process WorkingSet (physical memory assigned to process): 493M, peak: 503M
current process commit charge ("private bytes"): 534M, peak: 543M

vm_info: OpenJDK 64-Bit Server VM (17.0.6+0-b2043.56-10027231) for windows-amd64 JRE (17.0.6+0-b2043.56-10027231), built on Apr 28 2023 00:43:19 by "androidbuild" with MS VC++ 16.10 / 16.11 (VS2019)

END.
