#
# There is insufficient memory for the Java Runtime Environment to continue.
# Native memory allocation (malloc) failed to allocate 1046096 bytes for Chunk::new
# Possible reasons:
#   The system is out of physical RAM or swap space
#   The process is running with CompressedOops enabled, and the Java Heap may be blocking the growth of the native heap
# Possible solutions:
#   Reduce memory load on the system
#   Increase physical memory or swap space
#   Check if swap backing store is full
#   Decrease Java heap size (-Xmx/-Xms)
#   Decrease number of Java threads
#   Decrease Java thread stack sizes (-Xss)
#   Set larger code cache with -XX:ReservedCodeCacheSize=
#   JVM is running with Unscaled Compressed Oops mode in which the Java heap is
#     placed in the first 4GB address space. The Java Heap base address is the
#     maximum limit for the native heap growth. Please use -XX:HeapBaseMinAddress
#     to set the Java Heap base and to place the Java Heap above 4GB virtual address.
# This output file may be truncated or incomplete.
#
#  Out of Memory Error (arena.cpp:189), pid=16172, tid=9980
#
# JRE version: OpenJDK Runtime Environment (17.0.6) (build 17.0.6+0-b2043.56-10027231)
# Java VM: OpenJDK 64-Bit Server VM (17.0.6+0-b2043.56-10027231, mixed mode, tiered, compressed oops, compressed class ptrs, g1 gc, windows-amd64)
# No core dump will be written. Minidumps are not enabled by default on client versions of Windows
#

---------------  S U M M A R Y ------------

Command Line: --add-opens=java.base/java.util=ALL-UNNAMED --add-opens=java.base/java.lang=ALL-UNNAMED --add-opens=java.base/java.lang.invoke=ALL-UNNAMED --add-opens=java.base/java.util=ALL-UNNAMED --add-opens=java.prefs/java.util.prefs=ALL-UNNAMED --add-opens=java.prefs/java.util.prefs=ALL-UNNAMED --add-opens=java.base/java.nio.charset=ALL-UNNAMED --add-opens=java.base/java.net=ALL-UNNAMED --add-opens=java.base/java.util.concurrent.atomic=ALL-UNNAMED -Xmx1536M -Dfile.encoding=windows-1252 -Duser.country=US -Duser.language=en -Duser.variant org.gradle.launcher.daemon.bootstrap.GradleDaemon 7.5

Host: Intel(R) Core(TM) i5-9300H CPU @ 2.40GHz, 8 cores, 7G,  Windows 11 , 64 bit Build 22621 (10.0.22621.2506)
Time: Tue Dec 12 17:07:38 2023 Central Asia Standard Time elapsed time: 20.295386 seconds (0d 0h 0m 20s)

---------------  T H R E A D  ---------------

Current thread (0x0000018b26426b50):  JavaThread "C2 CompilerThread0" daemon [_thread_in_native, id=9980, stack(0x0000005de8800000,0x0000005de8900000)]


Current CompileTask:
C2:  20295 4396   !   4       java.net.URLClassLoader::findClass (47 bytes)

Stack: [0x0000005de8800000,0x0000005de8900000]
Native frames: (J=compiled Java code, j=interpreted, Vv=VM code, C=native code)
V  [jvm.dll+0x683c9a]
V  [jvm.dll+0x8427a4]
V  [jvm.dll+0x843f9e]
V  [jvm.dll+0x844603]
V  [jvm.dll+0x249b75]
V  [jvm.dll+0xabcac]
V  [jvm.dll+0xac27c]
V  [jvm.dll+0x2b0eef]
V  [jvm.dll+0x58a267]
V  [jvm.dll+0x2243b2]
V  [jvm.dll+0x22478f]
V  [jvm.dll+0x21e055]
V  [jvm.dll+0x21b51b]
V  [jvm.dll+0x1a4fdd]
V  [jvm.dll+0x22b098]
V  [jvm.dll+0x229159]
V  [jvm.dll+0x7f81ec]
V  [jvm.dll+0x7f274a]
V  [jvm.dll+0x682ad5]
C  [ucrtbase.dll+0x29363]
C  [KERNEL32.DLL+0x1257d]
C  [ntdll.dll+0x5aa58]


---------------  P R O C E S S  ---------------

Threads class SMR info:
_java_thread_list=0x0000018b2be2e440, length=36, elements={
0x0000018b0cd2d0e0, 0x0000018b2589e020, 0x0000018b258a09f0, 0x0000018b26422410,
0x0000018b26422dd0, 0x0000018b264256a0, 0x0000018b26425f60, 0x0000018b26426b50,
0x0000018b26429460, 0x0000018b2642a150, 0x0000018b265aa870, 0x0000018b265ad570,
0x0000018b290aa5c0, 0x0000018b27803640, 0x0000018b27aa6610, 0x0000018b2888d090,
0x0000018b27e36940, 0x0000018b277f0fa0, 0x0000018b28a17c20, 0x0000018b27415660,
0x0000018b27413980, 0x0000018b27412b10, 0x0000018b27415b30, 0x0000018b274147f0,
0x0000018b27414cc0, 0x0000018b27412fe0, 0x0000018b27415190, 0x0000018b27412170,
0x0000018b27412640, 0x0000018b274134b0, 0x0000018b27414320, 0x0000018b278f95b0,
0x0000018b278fb290, 0x0000018b278f8c10, 0x0000018b2aaed980, 0x0000018b278f90e0
}

Java Threads: ( => current thread )
  0x0000018b0cd2d0e0 JavaThread "main" [_thread_blocked, id=9268, stack(0x0000005de7b00000,0x0000005de7c00000)]
  0x0000018b2589e020 JavaThread "Reference Handler" daemon [_thread_blocked, id=9792, stack(0x0000005de8200000,0x0000005de8300000)]
  0x0000018b258a09f0 JavaThread "Finalizer" daemon [_thread_blocked, id=6456, stack(0x0000005de8300000,0x0000005de8400000)]
  0x0000018b26422410 JavaThread "Signal Dispatcher" daemon [_thread_blocked, id=5132, stack(0x0000005de8400000,0x0000005de8500000)]
  0x0000018b26422dd0 JavaThread "Attach Listener" daemon [_thread_blocked, id=4840, stack(0x0000005de8500000,0x0000005de8600000)]
  0x0000018b264256a0 JavaThread "Service Thread" daemon [_thread_blocked, id=9880, stack(0x0000005de8600000,0x0000005de8700000)]
  0x0000018b26425f60 JavaThread "Monitor Deflation Thread" daemon [_thread_blocked, id=22360, stack(0x0000005de8700000,0x0000005de8800000)]
=>0x0000018b26426b50 JavaThread "C2 CompilerThread0" daemon [_thread_in_native, id=9980, stack(0x0000005de8800000,0x0000005de8900000)]
  0x0000018b26429460 JavaThread "C1 CompilerThread0" daemon [_thread_blocked, id=9892, stack(0x0000005de8900000,0x0000005de8a00000)]
  0x0000018b2642a150 JavaThread "Sweeper thread" daemon [_thread_blocked, id=17728, stack(0x0000005de8a00000,0x0000005de8b00000)]
  0x0000018b265aa870 JavaThread "Common-Cleaner" daemon [_thread_blocked, id=7568, stack(0x0000005de8b00000,0x0000005de8c00000)]
  0x0000018b265ad570 JavaThread "Notification Thread" daemon [_thread_blocked, id=6232, stack(0x0000005de8c00000,0x0000005de8d00000)]
  0x0000018b290aa5c0 JavaThread "Daemon health stats" [_thread_blocked, id=16372, stack(0x0000005de9200000,0x0000005de9300000)]
  0x0000018b27803640 JavaThread "Incoming local TCP Connector on port 51739" [_thread_in_native, id=18544, stack(0x0000005de9300000,0x0000005de9400000)]
  0x0000018b27aa6610 JavaThread "Daemon periodic checks" [_thread_blocked, id=8740, stack(0x0000005de9400000,0x0000005de9500000)]
  0x0000018b2888d090 JavaThread "Daemon" [_thread_blocked, id=8664, stack(0x0000005de9500000,0x0000005de9600000)]
  0x0000018b27e36940 JavaThread "Handler for socket connection from /127.0.0.1:51739 to /127.0.0.1:51740" [_thread_in_native, id=9348, stack(0x0000005de9600000,0x0000005de9700000)]
  0x0000018b277f0fa0 JavaThread "Cancel handler" [_thread_blocked, id=15008, stack(0x0000005de9700000,0x0000005de9800000)]
  0x0000018b28a17c20 JavaThread "Daemon worker" [_thread_in_native, id=19372, stack(0x0000005de9800000,0x0000005de9900000)]
  0x0000018b27415660 JavaThread "Asynchronous log dispatcher for DefaultDaemonConnection: socket connection from /127.0.0.1:51739 to /127.0.0.1:51740" [_thread_blocked, id=17572, stack(0x0000005de9900000,0x0000005de9a00000)]
  0x0000018b27413980 JavaThread "Stdin handler" [_thread_blocked, id=14580, stack(0x0000005de9a00000,0x0000005de9b00000)]
  0x0000018b27412b10 JavaThread "Daemon client event forwarder" [_thread_blocked, id=3840, stack(0x0000005de9b00000,0x0000005de9c00000)]
  0x0000018b27415b30 JavaThread "Cache worker for journal cache (C:\Users\77755\.gradle\caches\journal-1)" [_thread_blocked, id=15252, stack(0x0000005de9c00000,0x0000005de9d00000)]
  0x0000018b274147f0 JavaThread "File lock request listener" [_thread_in_native, id=9124, stack(0x0000005de9d00000,0x0000005de9e00000)]
  0x0000018b27414cc0 JavaThread "Cache worker for file hash cache (C:\Users\77755\.gradle\caches\7.5\fileHashes)" [_thread_blocked, id=18364, stack(0x0000005dea200000,0x0000005dea300000)]
  0x0000018b27412fe0 JavaThread "File watcher server" daemon [_thread_in_native, id=17864, stack(0x0000005dea400000,0x0000005dea500000)]
  0x0000018b27415190 JavaThread "File watcher consumer" daemon [_thread_blocked, id=12364, stack(0x0000005dea500000,0x0000005dea600000)]
  0x0000018b27412170 JavaThread "Cache worker for checksums cache (C:\Users\77755\flutter_source\android\.gradle\7.5\checksums)" [_thread_blocked, id=5440, stack(0x0000005dea600000,0x0000005dea700000)]
  0x0000018b27412640 JavaThread "Cache worker for cache directory md-rule (C:\Users\77755\.gradle\caches\7.5\md-rule)" [_thread_blocked, id=11452, stack(0x0000005dea700000,0x0000005dea800000)]
  0x0000018b274134b0 JavaThread "Cache worker for file content cache (C:\Users\77755\.gradle\caches\7.5\fileContent)" [_thread_blocked, id=17680, stack(0x0000005dea800000,0x0000005dea900000)]
  0x0000018b27414320 JavaThread "Cache worker for file hash cache (C:\Users\77755\flutter_source\android\.gradle\7.5\fileHashes)" [_thread_blocked, id=9480, stack(0x0000005dea300000,0x0000005dea400000)]
  0x0000018b278f95b0 JavaThread "Cache worker for cache directory md-supplier (C:\Users\77755\.gradle\caches\7.5\md-supplier)" [_thread_blocked, id=18712, stack(0x0000005dea900000,0x0000005deaa00000)]
  0x0000018b278fb290 JavaThread "Cache worker for execution history cache (C:\Users\77755\.gradle\caches\7.5\executionHistory)" [_thread_blocked, id=12540, stack(0x0000005deaa00000,0x0000005deab00000)]
  0x0000018b278f8c10 JavaThread "jar transforms" [_thread_blocked, id=19820, stack(0x0000005dead00000,0x0000005deae00000)]
  0x0000018b2aaed980 JavaThread "C2 CompilerThread1" daemon [_thread_in_native, id=4496, stack(0x0000005deab00000,0x0000005deac00000)]
  0x0000018b278f90e0 JavaThread "jar transforms Thread 2" [_thread_blocked, id=17272, stack(0x0000005deae00000,0x0000005deaf00000)]

Other Threads:
  0x0000018b25823920 VMThread "VM Thread" [stack: 0x0000005de8100000,0x0000005de8200000] [id=13780]
  0x0000018b265ae470 WatcherThread [stack: 0x0000005de8d00000,0x0000005de8e00000] [id=21184]
  0x0000018b0cd7b870 GCTaskThread "GC Thread#0" [stack: 0x0000005de7c00000,0x0000005de7d00000] [id=2504]
  0x0000018b26fed290 GCTaskThread "GC Thread#1" [stack: 0x0000005de8f00000,0x0000005de9000000] [id=17028]
  0x0000018b272fa220 GCTaskThread "GC Thread#2" [stack: 0x0000005de9000000,0x0000005de9100000] [id=18196]
  0x0000018b274ab740 GCTaskThread "GC Thread#3" [stack: 0x0000005de9100000,0x0000005de9200000] [id=22160]
  0x0000018b27ca7320 GCTaskThread "GC Thread#4" [stack: 0x0000005de8e00000,0x0000005de8f00000] [id=2388]
  0x0000018b269f61c0 GCTaskThread "GC Thread#5" [stack: 0x0000005de9e00000,0x0000005de9f00000] [id=21516]
  0x0000018b269f51a0 GCTaskThread "GC Thread#6" [stack: 0x0000005de9f00000,0x0000005dea000000] [id=7892]
  0x0000018b269f5700 GCTaskThread "GC Thread#7" [stack: 0x0000005dea000000,0x0000005dea100000] [id=9988]
  0x0000018b0cd88560 ConcurrentGCThread "G1 Main Marker" [stack: 0x0000005de7d00000,0x0000005de7e00000] [id=1488]
  0x0000018b0cd88d20 ConcurrentGCThread "G1 Conc#0" [stack: 0x0000005de7e00000,0x0000005de7f00000] [id=5476]
  0x0000018b269f59b0 ConcurrentGCThread "G1 Conc#1" [stack: 0x0000005dea100000,0x0000005dea200000] [id=18724]
  0x0000018b0cdeec90 ConcurrentGCThread "G1 Refine#0" [stack: 0x0000005de7f00000,0x0000005de8000000] [id=19704]
  0x0000018b2bc13740 ConcurrentGCThread "G1 Refine#1" [stack: 0x0000005deac00000,0x0000005dead00000] [id=8912]
  0x0000018b256d25a0 ConcurrentGCThread "G1 Service" [stack: 0x0000005de8000000,0x0000005de8100000] [id=20380]

Threads with active compile tasks:
C2 CompilerThread0    20334 4396   !   4       java.net.URLClassLoader::findClass (47 bytes)
C2 CompilerThread1    20334 4383       4       java.net.URLClassLoader$1::run (5 bytes)

VM state: not at safepoint (normal execution)

VM Mutex/Monitor currently owned by a thread: None

Heap address: 0x00000000a0000000, size: 1536 MB, Compressed Oops mode: 32-bit

CDS archive(s) not mapped
Compressed class space mapped at: 0x0000000100000000-0x0000000140000000, reserved size: 1073741824
Narrow klass base: 0x0000000000000000, Narrow klass shift: 3, Narrow klass range: 0x140000000

GC Precious Log:
 CPUs: 8 total, 8 available
 Memory: 8034M
 Large Page Support: Disabled
 NUMA Support: Disabled
 Compressed Oops: Enabled (32-bit)
 Heap Region Size: 1M
 Heap Min Capacity: 8M
 Heap Initial Capacity: 126M
 Heap Max Capacity: 1536M
 Pre-touch: Disabled
 Parallel Workers: 8
 Concurrent Workers: 2
 Concurrent Refinement Workers: 8
 Periodic GC: Disabled

Heap:
 garbage-first heap   total 65536K, used 35230K [0x00000000a0000000, 0x0000000100000000)
  region size 1024K, 11 young (11264K), 3 survivors (3072K)
 Metaspace       used 46148K, committed 46528K, reserved 1089536K
  class space    used 6112K, committed 6272K, reserved 1048576K

Heap Regions: E=young(eden), S=young(survivor), O=old, HS=humongous(starts), HC=humongous(continues), CS=collection set, F=free, OA=open archive, CA=closed archive, TAMS=top-at-mark-start (previous, next)
|   0|0x00000000a0000000, 0x00000000a0100000, 0x00000000a0100000|100%| O|  |TAMS 0x00000000a0100000, 0x00000000a0000000| Untracked 
|   1|0x00000000a0100000, 0x00000000a0200000, 0x00000000a0200000|100%| O|  |TAMS 0x00000000a0200000, 0x00000000a0100000| Untracked 
|   2|0x00000000a0200000, 0x00000000a0300000, 0x00000000a0300000|100%| O|  |TAMS 0x00000000a0300000, 0x00000000a0200000| Untracked 
|   3|0x00000000a0300000, 0x00000000a0400000, 0x00000000a0400000|100%|HS|  |TAMS 0x00000000a0400000, 0x00000000a0300000| Complete 
|   4|0x00000000a0400000, 0x00000000a0500000, 0x00000000a0500000|100%|HC|  |TAMS 0x00000000a0500000, 0x00000000a0400000| Complete 
|   5|0x00000000a0500000, 0x00000000a0600000, 0x00000000a0600000|100%|HC|  |TAMS 0x00000000a0600000, 0x00000000a0500000| Complete 
|   6|0x00000000a0600000, 0x00000000a0700000, 0x00000000a0700000|100%| O|  |TAMS 0x00000000a0700000, 0x00000000a0600000| Untracked 
|   7|0x00000000a0700000, 0x00000000a0800000, 0x00000000a0800000|100%| O|  |TAMS 0x00000000a0800000, 0x00000000a0700000| Untracked 
|   8|0x00000000a0800000, 0x00000000a0900000, 0x00000000a0900000|100%| O|  |TAMS 0x00000000a0900000, 0x00000000a0800000| Untracked 
|   9|0x00000000a0900000, 0x00000000a0a00000, 0x00000000a0a00000|100%| O|  |TAMS 0x00000000a0a00000, 0x00000000a0900000| Untracked 
|  10|0x00000000a0a00000, 0x00000000a0a6fc00, 0x00000000a0b00000| 43%| O|  |TAMS 0x00000000a0a6fc00, 0x00000000a0a00000| Untracked 
|  11|0x00000000a0b00000, 0x00000000a0c00000, 0x00000000a0c00000|100%| O|  |TAMS 0x00000000a0c00000, 0x00000000a0b00000| Untracked 
|  12|0x00000000a0c00000, 0x00000000a0d00000, 0x00000000a0d00000|100%| O|  |TAMS 0x00000000a0d00000, 0x00000000a0c00000| Untracked 
|  13|0x00000000a0d00000, 0x00000000a0e00000, 0x00000000a0e00000|100%| O|  |TAMS 0x00000000a0e00000, 0x00000000a0d00000| Untracked 
|  14|0x00000000a0e00000, 0x00000000a0f00000, 0x00000000a0f00000|100%| O|  |TAMS 0x00000000a0f00000, 0x00000000a0e00000| Untracked 
|  15|0x00000000a0f00000, 0x00000000a1000000, 0x00000000a1000000|100%| O|  |TAMS 0x00000000a1000000, 0x00000000a0f00000| Untracked 
|  16|0x00000000a1000000, 0x00000000a1100000, 0x00000000a1100000|100%| O|  |TAMS 0x00000000a1100000, 0x00000000a1000000| Untracked 
|  17|0x00000000a1100000, 0x00000000a1200000, 0x00000000a1200000|100%| O|  |TAMS 0x00000000a1200000, 0x00000000a1100000| Untracked 
|  18|0x00000000a1200000, 0x00000000a1300000, 0x00000000a1300000|100%| O|  |TAMS 0x00000000a1300000, 0x00000000a1200000| Untracked 
|  19|0x00000000a1300000, 0x00000000a1400000, 0x00000000a1400000|100%| O|  |TAMS 0x00000000a1393800, 0x00000000a1300000| Untracked 
|  20|0x00000000a1400000, 0x00000000a1500000, 0x00000000a1500000|100%| O|  |TAMS 0x00000000a1400000, 0x00000000a1400000| Untracked 
|  21|0x00000000a1500000, 0x00000000a1600000, 0x00000000a1600000|100%| O|  |TAMS 0x00000000a1500000, 0x00000000a1500000| Untracked 
|  22|0x00000000a1600000, 0x00000000a1700000, 0x00000000a1700000|100%| O|  |TAMS 0x00000000a1600000, 0x00000000a1600000| Untracked 
|  23|0x00000000a1700000, 0x00000000a1800000, 0x00000000a1800000|100%| O|  |TAMS 0x00000000a1700000, 0x00000000a1700000| Untracked 
|  24|0x00000000a1800000, 0x00000000a1900000, 0x00000000a1900000|100%| O|  |TAMS 0x00000000a1800000, 0x00000000a1800000| Untracked 
|  25|0x00000000a1900000, 0x00000000a1938c00, 0x00000000a1a00000| 22%| O|  |TAMS 0x00000000a1900000, 0x00000000a1900000| Untracked 
|  26|0x00000000a1a00000, 0x00000000a1a00000, 0x00000000a1b00000|  0%| F|  |TAMS 0x00000000a1a00000, 0x00000000a1a00000| Untracked 
|  27|0x00000000a1b00000, 0x00000000a1b00000, 0x00000000a1c00000|  0%| F|  |TAMS 0x00000000a1b00000, 0x00000000a1b00000| Untracked 
|  28|0x00000000a1c00000, 0x00000000a1c00000, 0x00000000a1d00000|  0%| F|  |TAMS 0x00000000a1c00000, 0x00000000a1c00000| Untracked 
|  29|0x00000000a1d00000, 0x00000000a1d00000, 0x00000000a1e00000|  0%| F|  |TAMS 0x00000000a1d00000, 0x00000000a1d00000| Untracked 
|  30|0x00000000a1e00000, 0x00000000a1e00000, 0x00000000a1f00000|  0%| F|  |TAMS 0x00000000a1e00000, 0x00000000a1e00000| Untracked 
|  31|0x00000000a1f00000, 0x00000000a1f00000, 0x00000000a2000000|  0%| F|  |TAMS 0x00000000a1f00000, 0x00000000a1f00000| Untracked 
|  32|0x00000000a2000000, 0x00000000a2000000, 0x00000000a2100000|  0%| F|  |TAMS 0x00000000a2000000, 0x00000000a2000000| Untracked 
|  33|0x00000000a2100000, 0x00000000a2100000, 0x00000000a2200000|  0%| F|  |TAMS 0x00000000a2100000, 0x00000000a2100000| Untracked 
|  34|0x00000000a2200000, 0x00000000a2200000, 0x00000000a2300000|  0%| F|  |TAMS 0x00000000a2200000, 0x00000000a2200000| Untracked 
|  35|0x00000000a2300000, 0x00000000a2300000, 0x00000000a2400000|  0%| F|  |TAMS 0x00000000a2300000, 0x00000000a2300000| Untracked 
|  36|0x00000000a2400000, 0x00000000a2400000, 0x00000000a2500000|  0%| F|  |TAMS 0x00000000a2400000, 0x00000000a2400000| Untracked 
|  37|0x00000000a2500000, 0x00000000a25bf3b0, 0x00000000a2600000| 74%| S|CS|TAMS 0x00000000a2500000, 0x00000000a2500000| Complete 
|  38|0x00000000a2600000, 0x00000000a2700000, 0x00000000a2700000|100%| S|CS|TAMS 0x00000000a2600000, 0x00000000a2600000| Complete 
|  39|0x00000000a2700000, 0x00000000a2700000, 0x00000000a2800000|  0%| F|  |TAMS 0x00000000a2700000, 0x00000000a2700000| Untracked 
|  40|0x00000000a2800000, 0x00000000a2800000, 0x00000000a2900000|  0%| F|  |TAMS 0x00000000a2800000, 0x00000000a2800000| Untracked 
|  41|0x00000000a2900000, 0x00000000a2a00000, 0x00000000a2a00000|100%| S|CS|TAMS 0x00000000a2900000, 0x00000000a2900000| Complete 
|  42|0x00000000a2a00000, 0x00000000a2a00000, 0x00000000a2b00000|  0%| F|  |TAMS 0x00000000a2a00000, 0x00000000a2a00000| Untracked 
|  43|0x00000000a2b00000, 0x00000000a2b00000, 0x00000000a2c00000|  0%| F|  |TAMS 0x00000000a2b00000, 0x00000000a2b00000| Untracked 
|  44|0x00000000a2c00000, 0x00000000a2c00000, 0x00000000a2d00000|  0%| F|  |TAMS 0x00000000a2c00000, 0x00000000a2c00000| Untracked 
|  45|0x00000000a2d00000, 0x00000000a2d00000, 0x00000000a2e00000|  0%| F|  |TAMS 0x00000000a2d00000, 0x00000000a2d00000| Untracked 
|  46|0x00000000a2e00000, 0x00000000a2e00000, 0x00000000a2f00000|  0%| F|  |TAMS 0x00000000a2e00000, 0x00000000a2e00000| Untracked 
|  47|0x00000000a2f00000, 0x00000000a2f00000, 0x00000000a3000000|  0%| F|  |TAMS 0x00000000a2f00000, 0x00000000a2f00000| Untracked 
|  48|0x00000000a3000000, 0x00000000a3000000, 0x00000000a3100000|  0%| F|  |TAMS 0x00000000a3000000, 0x00000000a3000000| Untracked 
|  49|0x00000000a3100000, 0x00000000a3100000, 0x00000000a3200000|  0%| F|  |TAMS 0x00000000a3100000, 0x00000000a3100000| Untracked 
|  50|0x00000000a3200000, 0x00000000a3200000, 0x00000000a3300000|  0%| F|  |TAMS 0x00000000a3200000, 0x00000000a3200000| Untracked 
|  51|0x00000000a3300000, 0x00000000a3300000, 0x00000000a3400000|  0%| F|  |TAMS 0x00000000a3300000, 0x00000000a3300000| Untracked 
|  52|0x00000000a3400000, 0x00000000a3400000, 0x00000000a3500000|  0%| F|  |TAMS 0x00000000a3400000, 0x00000000a3400000| Untracked 
|  53|0x00000000a3500000, 0x00000000a3500000, 0x00000000a3600000|  0%| F|  |TAMS 0x00000000a3500000, 0x00000000a3500000| Untracked 
|  54|0x00000000a3600000, 0x00000000a3600000, 0x00000000a3700000|  0%| F|  |TAMS 0x00000000a3600000, 0x00000000a3600000| Untracked 
|  71|0x00000000a4700000, 0x00000000a4700000, 0x00000000a4800000|  0%| F|  |TAMS 0x00000000a4700000, 0x00000000a4700000| Untracked 
|  72|0x00000000a4800000, 0x00000000a48d84b0, 0x00000000a4900000| 84%| E|  |TAMS 0x00000000a4800000, 0x00000000a4800000| Complete 
|  73|0x00000000a4900000, 0x00000000a4a00000, 0x00000000a4a00000|100%| E|CS|TAMS 0x00000000a4900000, 0x00000000a4900000| Complete 
|  74|0x00000000a4a00000, 0x00000000a4b00000, 0x00000000a4b00000|100%| E|CS|TAMS 0x00000000a4a00000, 0x00000000a4a00000| Complete 
|  75|0x00000000a4b00000, 0x00000000a4c00000, 0x00000000a4c00000|100%| E|CS|TAMS 0x00000000a4b00000, 0x00000000a4b00000| Complete 
|  76|0x00000000a4c00000, 0x00000000a4d00000, 0x00000000a4d00000|100%| E|CS|TAMS 0x00000000a4c00000, 0x00000000a4c00000| Complete 
|  77|0x00000000a4d00000, 0x00000000a4e00000, 0x00000000a4e00000|100%| E|CS|TAMS 0x00000000a4d00000, 0x00000000a4d00000| Complete 
|  78|0x00000000a4e00000, 0x00000000a4f00000, 0x00000000a4f00000|100%| E|CS|TAMS 0x00000000a4e00000, 0x00000000a4e00000| Complete 
| 125|0x00000000a7d00000, 0x00000000a7e00000, 0x00000000a7e00000|100%| E|CS|TAMS 0x00000000a7d00000, 0x00000000a7d00000| Complete 

Card table byte_map: [0x0000018b1f830000,0x0000018b1fb30000] _byte_map_base: 0x0000018b1f330000

Marking Bits (Prev, Next): (CMBitMap*) 0x0000018b0cd7bc30, (CMBitMap*) 0x0000018b0cd7bc70
 Prev Bits: [0x0000018b1fe30000, 0x0000018b21630000)
 Next Bits: [0x0000018b21630000, 0x0000018b22e30000)

Polling page: 0x0000018b0c4f0000

Metaspace:

Usage:
  Non-class:     39.11 MB used.
      Class:      5.97 MB used.
       Both:     45.09 MB used.

Virtual space:
  Non-class space:       40.00 MB reserved,      39.31 MB ( 98%) committed,  5 nodes.
      Class space:        1.00 GB reserved,       6.12 MB ( <1%) committed,  1 nodes.
             Both:        1.04 GB reserved,      45.44 MB (  4%) committed. 

Chunk freelists:
   Non-Class:  480.00 KB
       Class:  1.70 MB
        Both:  2.17 MB

MaxMetaspaceSize: unlimited
CompressedClassSpaceSize: 1.00 GB
Initial GC threshold: 21.00 MB
Current GC threshold: 58.69 MB
CDS: off
MetaspaceReclaimPolicy: balanced
 - commit_granule_bytes: 65536.
 - commit_granule_words: 8192.
 - virtual_space_node_default_size: 1048576.
 - enlarge_chunks_in_place: 1.
 - new_chunks_are_fully_committed: 0.
 - uncommit_free_chunks: 1.
 - use_allocation_guard: 0.
 - handle_deallocations: 1.


Internal statistics:

num_allocs_failed_limit: 6.
num_arena_births: 294.
num_arena_deaths: 0.
num_vsnodes_births: 6.
num_vsnodes_deaths: 0.
num_space_committed: 727.
num_space_uncommitted: 0.
num_chunks_returned_to_freelist: 6.
num_chunks_taken_from_freelist: 1565.
num_chunk_merges: 3.
num_chunk_splits: 1084.
num_chunks_enlarged: 836.
num_purges: 0.
num_inconsistent_stats: 0.

CodeHeap 'non-profiled nmethods': size=120000Kb used=1812Kb max_used=2885Kb free=118187Kb
 bounds [0x0000018b17cc0000, 0x0000018b17fa0000, 0x0000018b1f1f0000]
CodeHeap 'profiled nmethods': size=120000Kb used=7119Kb max_used=8967Kb free=112880Kb
 bounds [0x0000018b101f0000, 0x0000018b10ac0000, 0x0000018b17720000]
CodeHeap 'non-nmethods': size=5760Kb used=1602Kb max_used=1676Kb free=4158Kb
 bounds [0x0000018b17720000, 0x0000018b17990000, 0x0000018b17cc0000]
 total_blobs=4411 nmethods=3739 adapters=584
 compilation: enabled
              stopped_count=0, restarted_count=0
 full_count=0

Compilation events (20 events):
Event: 20.157 Thread 0x0000018b26429460 nmethod 4431 0x0000018b10289010 code [0x0000018b102891a0, 0x0000018b102892b8]
Event: 20.174 Thread 0x0000018b26429460 4432       2       java.io.BufferedInputStream::read1 (108 bytes)
Event: 20.175 Thread 0x0000018b26429460 nmethod 4432 0x0000018b10270990 code [0x0000018b10270ba0, 0x0000018b102710d8]
Event: 20.183 Thread 0x0000018b26429460 4434       3       jdk.internal.misc.Unsafe::weakCompareAndSetReference (11 bytes)
Event: 20.183 Thread 0x0000018b26429460 nmethod 4434 0x0000018b102be910 code [0x0000018b102beaa0, 0x0000018b102bec18]
Event: 20.183 Thread 0x0000018b2aaed980 4383       4       java.net.URLClassLoader$1::run (5 bytes)
Event: 20.184 Thread 0x0000018b26429460 4435       3       java.util.concurrent.atomic.AtomicReferenceArray::get (12 bytes)
Event: 20.185 Thread 0x0000018b26429460 nmethod 4435 0x0000018b103e8490 code [0x0000018b103e8700, 0x0000018b103e9468]
Event: 20.185 Thread 0x0000018b26429460 4436       3       java.lang.invoke.VarHandleGuards::guard_LI_L (89 bytes)
Event: 20.187 Thread 0x0000018b26429460 nmethod 4436 0x0000018b10220c10 code [0x0000018b10220fa0, 0x0000018b102230a8]
Event: 20.194 Thread 0x0000018b26429460 4437       3       sun.security.provider.MD5::implCompress (13 bytes)
Event: 20.194 Thread 0x0000018b26429460 nmethod 4437 0x0000018b10238910 code [0x0000018b10238b00, 0x0000018b10238f48]
Event: 20.194 Thread 0x0000018b26429460 4438       3       sun.security.provider.MD5::implCompressCheck (27 bytes)
Event: 20.194 Thread 0x0000018b26429460 nmethod 4438 0x0000018b104e4990 code [0x0000018b104e4b60, 0x0000018b104e4f18]
Event: 20.246 Thread 0x0000018b26429460 4439       3       org.objectweb.asm.ClassReader::readUnsignedShort (26 bytes)
Event: 20.247 Thread 0x0000018b26429460 nmethod 4439 0x0000018b102f7a90 code [0x0000018b102f7c20, 0x0000018b102f7d98]
Event: 20.247 Thread 0x0000018b26429460 4440       3       org.objectweb.asm.MethodVisitor::visitLabel (16 bytes)
Event: 20.247 Thread 0x0000018b26429460 nmethod 4440 0x0000018b10250d10 code [0x0000018b10250ec0, 0x0000018b102510c8]
Event: 20.248 Thread 0x0000018b26429460 4441       3       org.objectweb.asm.MethodVisitor::visitJumpInsn (17 bytes)
Event: 20.248 Thread 0x0000018b26429460 nmethod 4441 0x0000018b102a1e10 code [0x0000018b102a1fc0, 0x0000018b102a21c8]

GC Heap History (20 events):
Event: 2.097 GC heap before
{Heap before GC invocations=0 (full 0):
 garbage-first heap   total 129024K, used 28672K [0x00000000a0000000, 0x0000000100000000)
  region size 1024K, 23 young (23552K), 0 survivors (0K)
 Metaspace       used 10235K, committed 10432K, reserved 1064960K
  class space    used 1057K, committed 1152K, reserved 1048576K
}
Event: 2.113 GC heap after
{Heap after GC invocations=1 (full 0):
 garbage-first heap   total 129024K, used 9557K [0x00000000a0000000, 0x0000000100000000)
  region size 1024K, 3 young (3072K), 3 survivors (3072K)
 Metaspace       used 10235K, committed 10432K, reserved 1064960K
  class space    used 1057K, committed 1152K, reserved 1048576K
}
Event: 3.469 GC heap before
{Heap before GC invocations=1 (full 0):
 garbage-first heap   total 129024K, used 37205K [0x00000000a0000000, 0x0000000100000000)
  region size 1024K, 30 young (30720K), 3 survivors (3072K)
 Metaspace       used 11188K, committed 11392K, reserved 1064960K
  class space    used 1160K, committed 1280K, reserved 1048576K
}
Event: 3.476 GC heap after
{Heap after GC invocations=2 (full 0):
 garbage-first heap   total 129024K, used 13074K [0x00000000a0000000, 0x0000000100000000)
  region size 1024K, 4 young (4096K), 4 survivors (4096K)
 Metaspace       used 11188K, committed 11392K, reserved 1064960K
  class space    used 1160K, committed 1280K, reserved 1048576K
}
Event: 8.058 GC heap before
{Heap before GC invocations=2 (full 0):
 garbage-first heap   total 129024K, used 56082K [0x00000000a0000000, 0x0000000100000000)
  region size 1024K, 47 young (48128K), 4 survivors (4096K)
 Metaspace       used 21320K, committed 21504K, reserved 1073152K
  class space    used 2591K, committed 2688K, reserved 1048576K
}
Event: 8.068 GC heap after
{Heap after GC invocations=3 (full 0):
 garbage-first heap   total 129024K, used 17730K [0x00000000a0000000, 0x0000000100000000)
  region size 1024K, 8 young (8192K), 8 survivors (8192K)
 Metaspace       used 21320K, committed 21504K, reserved 1073152K
  class space    used 2591K, committed 2688K, reserved 1048576K
}
Event: 10.295 GC heap before
{Heap before GC invocations=4 (full 0):
 garbage-first heap   total 65536K, used 48450K [0x00000000a0000000, 0x0000000100000000)
  region size 1024K, 38 young (38912K), 8 survivors (8192K)
 Metaspace       used 26353K, committed 26624K, reserved 1073152K
  class space    used 3450K, committed 3584K, reserved 1048576K
}
Event: 10.306 GC heap after
{Heap after GC invocations=5 (full 0):
 garbage-first heap   total 65536K, used 19673K [0x00000000a0000000, 0x0000000100000000)
  region size 1024K, 3 young (3072K), 3 survivors (3072K)
 Metaspace       used 26353K, committed 26624K, reserved 1073152K
  class space    used 3450K, committed 3584K, reserved 1048576K
}
Event: 12.323 GC heap before
{Heap before GC invocations=5 (full 0):
 garbage-first heap   total 65536K, used 44249K [0x00000000a0000000, 0x0000000100000000)
  region size 1024K, 27 young (27648K), 3 survivors (3072K)
 Metaspace       used 30164K, committed 30464K, reserved 1081344K
  class space    used 4067K, committed 4160K, reserved 1048576K
}
Event: 12.327 GC heap after
{Heap after GC invocations=6 (full 0):
 garbage-first heap   total 65536K, used 20707K [0x00000000a0000000, 0x0000000100000000)
  region size 1024K, 4 young (4096K), 4 survivors (4096K)
 Metaspace       used 30164K, committed 30464K, reserved 1081344K
  class space    used 4067K, committed 4160K, reserved 1048576K
}
Event: 14.441 GC heap before
{Heap before GC invocations=6 (full 0):
 garbage-first heap   total 65536K, used 46307K [0x00000000a0000000, 0x0000000100000000)
  region size 1024K, 29 young (29696K), 4 survivors (4096K)
 Metaspace       used 35205K, committed 35456K, reserved 1081344K
  class space    used 4682K, committed 4800K, reserved 1048576K
}
Event: 14.450 GC heap after
{Heap after GC invocations=7 (full 0):
 garbage-first heap   total 65536K, used 23041K [0x00000000a0000000, 0x0000000100000000)
  region size 1024K, 4 young (4096K), 4 survivors (4096K)
 Metaspace       used 35205K, committed 35456K, reserved 1081344K
  class space    used 4682K, committed 4800K, reserved 1048576K
}
Event: 14.551 GC heap before
{Heap before GC invocations=7 (full 0):
 garbage-first heap   total 65536K, used 23041K [0x00000000a0000000, 0x0000000100000000)
  region size 1024K, 5 young (5120K), 4 survivors (4096K)
 Metaspace       used 35675K, committed 35968K, reserved 1081344K
  class space    used 4719K, committed 4864K, reserved 1048576K
}
Event: 14.556 GC heap after
{Heap after GC invocations=8 (full 0):
 garbage-first heap   total 65536K, used 23297K [0x00000000a0000000, 0x0000000100000000)
  region size 1024K, 1 young (1024K), 1 survivors (1024K)
 Metaspace       used 35675K, committed 35968K, reserved 1081344K
  class space    used 4719K, committed 4864K, reserved 1048576K
}
Event: 15.791 GC heap before
{Heap before GC invocations=9 (full 0):
 garbage-first heap   total 65536K, used 47873K [0x00000000a0000000, 0x0000000100000000)
  region size 1024K, 26 young (26624K), 1 survivors (1024K)
 Metaspace       used 38541K, committed 38848K, reserved 1089536K
  class space    used 5055K, committed 5184K, reserved 1048576K
}
Event: 15.795 GC heap after
{Heap after GC invocations=10 (full 0):
 garbage-first heap   total 65536K, used 25784K [0x00000000a0000000, 0x0000000100000000)
  region size 1024K, 3 young (3072K), 3 survivors (3072K)
 Metaspace       used 38541K, committed 38848K, reserved 1089536K
  class space    used 5055K, committed 5184K, reserved 1048576K
}
Event: 17.647 GC heap before
{Heap before GC invocations=10 (full 0):
 garbage-first heap   total 65536K, used 49336K [0x00000000a0000000, 0x0000000100000000)
  region size 1024K, 26 young (26624K), 3 survivors (3072K)
 Metaspace       used 42007K, committed 42368K, reserved 1089536K
  class space    used 5634K, committed 5760K, reserved 1048576K
}
Event: 17.653 GC heap after
{Heap after GC invocations=11 (full 0):
 garbage-first heap   total 65536K, used 26887K [0x00000000a0000000, 0x0000000100000000)
  region size 1024K, 2 young (2048K), 2 survivors (2048K)
 Metaspace       used 42007K, committed 42368K, reserved 1089536K
  class space    used 5634K, committed 5760K, reserved 1048576K
}
Event: 19.492 GC heap before
{Heap before GC invocations=11 (full 0):
 garbage-first heap   total 65536K, used 49415K [0x00000000a0000000, 0x0000000100000000)
  region size 1024K, 24 young (24576K), 2 survivors (2048K)
 Metaspace       used 44536K, committed 44928K, reserved 1089536K
  class space    used 5950K, committed 6144K, reserved 1048576K
}
Event: 19.496 GC heap after
{Heap after GC invocations=12 (full 0):
 garbage-first heap   total 65536K, used 28062K [0x00000000a0000000, 0x0000000100000000)
  region size 1024K, 3 young (3072K), 3 survivors (3072K)
 Metaspace       used 44536K, committed 44928K, reserved 1089536K
  class space    used 5950K, committed 6144K, reserved 1048576K
}

Dll operation events (2 events):
Event: 0.015 Loaded shared library C:\Program Files\Android\Android Studio\jbr\bin\java.dll
Event: 1.101 Loaded shared library C:\Program Files\Android\Android Studio\jbr\bin\verify.dll

Deoptimization events (20 events):
Event: 20.197 Thread 0x0000018b28a17c20 Uncommon trap: trap_request=0xffffffc6 fr.pc=0x0000018b17ecaa98 relative=0x0000000000000518
Event: 20.197 Thread 0x0000018b28a17c20 Uncommon trap: reason=bimorphic_or_optimized_type_check action=maybe_recompile pc=0x0000018b17ecaa98 method=java.util.stream.AbstractPipeline.copyIntoWithCancel(Ljava/util/stream/Sink;Ljava/util/Spliterator;)Z @ 24 c2
Event: 20.197 Thread 0x0000018b28a17c20 DEOPT PACKING pc=0x0000018b17ecaa98 sp=0x0000005de98f8be0
Event: 20.197 Thread 0x0000018b28a17c20 DEOPT UNPACKING pc=0x0000018b177769a3 sp=0x0000005de98f8a98 mode 2
Event: 20.197 Thread 0x0000018b28a17c20 Uncommon trap: trap_request=0xffffffc6 fr.pc=0x0000018b17eafdc4 relative=0x0000000000000244
Event: 20.197 Thread 0x0000018b28a17c20 Uncommon trap: reason=bimorphic_or_optimized_type_check action=maybe_recompile pc=0x0000018b17eafdc4 method=java.util.stream.ReferencePipeline.forEachWithCancel(Ljava/util/Spliterator;Ljava/util/stream/Sink;)Z @ 1 c2
Event: 20.197 Thread 0x0000018b28a17c20 DEOPT PACKING pc=0x0000018b17eafdc4 sp=0x0000005de98f8a80
Event: 20.197 Thread 0x0000018b28a17c20 DEOPT UNPACKING pc=0x0000018b177769a3 sp=0x0000005de98f8a28 mode 2
Event: 20.236 Thread 0x0000018b278f90e0 Uncommon trap: trap_request=0xffffff45 fr.pc=0x0000018b17d7e048 relative=0x0000000000000228
Event: 20.236 Thread 0x0000018b278f90e0 Uncommon trap: reason=unstable_if action=reinterpret pc=0x0000018b17d7e048 method=java.util.StringTokenizer.scanToken(I)I @ 42 c2
Event: 20.236 Thread 0x0000018b278f90e0 DEOPT PACKING pc=0x0000018b17d7e048 sp=0x0000005deaefe500
Event: 20.236 Thread 0x0000018b278f90e0 DEOPT UNPACKING pc=0x0000018b177769a3 sp=0x0000005deaefe490 mode 2
Event: 20.255 Thread 0x0000018b278f90e0 Uncommon trap: trap_request=0xffffff45 fr.pc=0x0000018b17f3d810 relative=0x0000000000000550
Event: 20.255 Thread 0x0000018b278f90e0 Uncommon trap: reason=unstable_if action=reinterpret pc=0x0000018b17f3d810 method=java.lang.StringLatin1.regionMatchesCI([BI[BII)Z @ 72 c2
Event: 20.255 Thread 0x0000018b278f90e0 DEOPT PACKING pc=0x0000018b17f3d810 sp=0x0000005deaefe620
Event: 20.255 Thread 0x0000018b278f90e0 DEOPT UNPACKING pc=0x0000018b177769a3 sp=0x0000005deaefe490 mode 2
Event: 20.255 Thread 0x0000018b278f90e0 Uncommon trap: trap_request=0xffffff45 fr.pc=0x0000018b17dc33c8 relative=0x0000000000000688
Event: 20.255 Thread 0x0000018b278f90e0 Uncommon trap: reason=unstable_if action=reinterpret pc=0x0000018b17dc33c8 method=java.lang.StringLatin1.regionMatchesCI([BI[BII)Z @ 72 c2
Event: 20.255 Thread 0x0000018b278f90e0 DEOPT PACKING pc=0x0000018b17dc33c8 sp=0x0000005deaefe610
Event: 20.255 Thread 0x0000018b278f90e0 DEOPT UNPACKING pc=0x0000018b177769a3 sp=0x0000005deaefe508 mode 2

Classes unloaded (0 events):
No events

Classes redefined (0 events):
No events

Internal exceptions (20 events):
Event: 15.786 Thread 0x0000018b28a17c20 Exception <a 'java/lang/ClassNotFoundException'{0x00000000a26c3100}: org/gradle/internal/extensibility/DefaultExtraPropertiesExtensionBeanInfo> (0x00000000a26c3100) 
thrown [s\src\hotspot\share\classfile\systemDictionary.cpp, line 256]
Event: 15.787 Thread 0x0000018b28a17c20 Exception <a 'java/lang/ClassNotFoundException'{0x00000000a26d9ba8}: groovy/lang/GroovyObjectSupportBeanInfo> (0x00000000a26d9ba8) 
thrown [s\src\hotspot\share\classfile\systemDictionary.cpp, line 256]
Event: 15.789 Thread 0x0000018b28a17c20 Exception <a 'java/lang/ClassNotFoundException'{0x00000000a26f0418}: groovy/lang/GroovyObjectSupportCustomizer> (0x00000000a26f0418) 
thrown [s\src\hotspot\share\classfile\systemDictionary.cpp, line 256]
Event: 15.802 Thread 0x0000018b28a17c20 Exception <a 'java/lang/ClassNotFoundException'{0x00000000a7d09208}: org/gradle/internal/extensibility/DefaultExtraPropertiesExtensionCustomizer> (0x00000000a7d09208) 
thrown [s\src\hotspot\share\classfile\systemDictionary.cpp, line 256]
Event: 16.112 Thread 0x0000018b28a17c20 Exception <a 'java/lang/NoSuchMethodError'{0x00000000a4c09d80}: 'void java.lang.invoke.DirectMethodHandle$Holder.invokeVirtual(java.lang.Object, java.lang.Object)'> (0x00000000a4c09d80) 
thrown [s\src\hotspot\share\interpreter\linkResolver.cpp, line 771]
Event: 16.132 Thread 0x0000018b28a17c20 Exception <a 'java/lang/NoSuchMethodError'{0x00000000a4c53978}: 'void java.lang.invoke.DirectMethodHandle$Holder.invokeStatic(java.lang.Object, java.lang.Object, java.lang.Object, java.lang.Object, java.lang.Object, java.lang.Object)'> (0x00000000a4c53978) 
thrown [s\src\hotspot\share\interpreter\linkResolver.cpp, line 771]
Event: 17.007 Thread 0x0000018b27aa6610 Implicit null exception at 0x0000018b17d2f8d5 to 0x0000018b17d2fedc
Event: 17.007 Thread 0x0000018b27aa6610 Implicit null exception at 0x0000018b17cfdaf2 to 0x0000018b17cfe10c
Event: 18.322 Thread 0x0000018b28a17c20 Implicit null exception at 0x0000018b17e6dbec to 0x0000018b17e6dc90
Event: 18.543 Thread 0x0000018b28a17c20 Exception <a 'java/lang/NoSuchMethodError'{0x00000000a47a40d0}: 'java.lang.Object java.lang.invoke.DirectMethodHandle$Holder.newInvokeSpecial(java.lang.Object, java.lang.Object, long)'> (0x00000000a47a40d0) 
thrown [s\src\hotspot\share\interpreter\linkResolver.cpp, line 771]
Event: 18.547 Thread 0x0000018b28a17c20 Exception <a 'java/lang/NoSuchMethodError'{0x00000000a47a8988}: 'java.lang.Object java.lang.invoke.Invokers$Holder.linkToTargetMethod(java.lang.Object, long, java.lang.Object)'> (0x00000000a47a8988) 
thrown [s\src\hotspot\share\interpreter\linkResolver.cpp, line 771]
Event: 18.595 Thread 0x0000018b28a17c20 Exception <a 'java/lang/NoSuchMethodError'{0x00000000a366e5d0}: 'int java.lang.invoke.DirectMethodHandle$Holder.invokeInterface(java.lang.Object, java.lang.Object)'> (0x00000000a366e5d0) 
thrown [s\src\hotspot\share\interpreter\linkResolver.cpp, line 771]
Event: 18.623 Thread 0x0000018b28a17c20 Exception <a 'java/lang/NoSuchMethodError'{0x00000000a3694970}: 'java.lang.Object java.lang.invoke.DirectMethodHandle$Holder.invokeStatic(java.lang.Object, java.lang.Object, int, java.lang.Object)'> (0x00000000a3694970) 
thrown [s\src\hotspot\share\interpreter\linkResolver.cpp, line 771]
Event: 18.639 Thread 0x0000018b28a17c20 Exception <a 'java/lang/NoSuchMethodError'{0x00000000a369c528}: 'java.lang.Object java.lang.invoke.DirectMethodHandle$Holder.newInvokeSpecial(java.lang.Object, java.lang.Object, int, java.lang.Object)'> (0x00000000a369c528) 
thrown [s\src\hotspot\share\interpreter\linkResolver.cpp, line 771]
Event: 18.651 Thread 0x0000018b28a17c20 Exception <a 'java/lang/NoSuchMethodError'{0x00000000a36a0e10}: 'java.lang.Object java.lang.invoke.DirectMethodHandle$Holder.invokeSpecial(java.lang.Object, java.lang.Object, java.lang.Object, int, java.lang.Object)'> (0x00000000a36a0e10) 
thrown [s\src\hotspot\share\interpreter\linkResolver.cpp, line 771]
Event: 18.687 Thread 0x0000018b278f8c10 Exception <a 'sun/nio/fs/WindowsException'{0x00000000a36e2b18}> (0x00000000a36e2b18) 
thrown [s\src\hotspot\share\prims\jni.cpp, line 517]
Event: 18.749 Thread 0x0000018b278f8c10 Exception <a 'sun/nio/fs/WindowsException'{0x00000000a352d640}> (0x00000000a352d640) 
thrown [s\src\hotspot\share\prims\jni.cpp, line 517]
Event: 18.751 Thread 0x0000018b278f8c10 Exception <a 'sun/nio/fs/WindowsException'{0x00000000a352d860}> (0x00000000a352d860) 
thrown [s\src\hotspot\share\prims\jni.cpp, line 517]
Event: 18.984 Thread 0x0000018b28a17c20 Exception <a 'java/lang/NoSuchMethodError'{0x00000000a317be88}: 'void java.lang.invoke.DirectMethodHandle$Holder.invokeSpecialIFC(java.lang.Object, java.lang.Object, java.lang.Object)'> (0x00000000a317be88) 
thrown [s\src\hotspot\share\interpreter\linkResolver.cpp, line 771]
Event: 20.216 Thread 0x0000018b278f90e0 Exception <a 'sun/nio/fs/WindowsException'{0x00000000a496e6b0}> (0x00000000a496e6b0) 
thrown [s\src\hotspot\share\prims\jni.cpp, line 517]

VM Operations (20 events):
Event: 19.418 Executing VM operation: HandshakeAllThreads
Event: 19.418 Executing VM operation: HandshakeAllThreads done
Event: 19.491 Executing VM operation: G1CollectForAllocation
Event: 19.496 Executing VM operation: G1CollectForAllocation done
Event: 19.624 Executing VM operation: HandshakeAllThreads
Event: 19.624 Executing VM operation: HandshakeAllThreads done
Event: 19.713 Executing VM operation: HandshakeAllThreads
Event: 19.713 Executing VM operation: HandshakeAllThreads done
Event: 20.071 Executing VM operation: HandshakeAllThreads
Event: 20.071 Executing VM operation: HandshakeAllThreads done
Event: 20.071 Executing VM operation: HandshakeAllThreads
Event: 20.071 Executing VM operation: HandshakeAllThreads done
Event: 20.102 Executing VM operation: HandshakeAllThreads
Event: 20.102 Executing VM operation: HandshakeAllThreads done
Event: 20.110 Executing VM operation: HandshakeAllThreads
Event: 20.111 Executing VM operation: HandshakeAllThreads done
Event: 20.182 Executing VM operation: HandshakeAllThreads
Event: 20.182 Executing VM operation: HandshakeAllThreads done
Event: 20.251 Executing VM operation: HandshakeAllThreads
Event: 20.251 Executing VM operation: HandshakeAllThreads done

Events (20 events):
Event: 20.117 Thread 0x0000018b2642a150 flushing nmethod 0x0000018b109ee110
Event: 20.117 Thread 0x0000018b2642a150 flushing nmethod 0x0000018b109ee710
Event: 20.117 Thread 0x0000018b2642a150 flushing nmethod 0x0000018b109eed10
Event: 20.117 Thread 0x0000018b2642a150 flushing nmethod 0x0000018b109f0190
Event: 20.117 Thread 0x0000018b2642a150 flushing nmethod 0x0000018b109f0990
Event: 20.117 Thread 0x0000018b2642a150 flushing nmethod 0x0000018b10a0fb10
Event: 20.117 Thread 0x0000018b2642a150 flushing nmethod 0x0000018b10a10110
Event: 20.117 Thread 0x0000018b2642a150 flushing nmethod 0x0000018b10a10710
Event: 20.117 Thread 0x0000018b2642a150 flushing nmethod 0x0000018b10a1b290
Event: 20.117 Thread 0x0000018b2642a150 flushing nmethod 0x0000018b10a23310
Event: 20.117 Thread 0x0000018b2642a150 flushing nmethod 0x0000018b10a42c90
Event: 20.117 Thread 0x0000018b2642a150 flushing nmethod 0x0000018b10a45490
Event: 20.117 Thread 0x0000018b2642a150 flushing nmethod 0x0000018b10a4be10
Event: 20.117 Thread 0x0000018b2642a150 flushing nmethod 0x0000018b10a56b10
Event: 20.183 Thread 0x0000018b2aaed980 Thread added: 0x0000018b2aaed980
Event: 20.202 Thread 0x0000018b278f90e0 Thread added: 0x0000018b278f90e0
Event: 20.227 loading class java/nio/channels/Channels
Event: 20.234 loading class java/nio/channels/Channels done
Event: 20.234 loading class sun/nio/ch/ChannelInputStream
Event: 20.235 loading class sun/nio/ch/ChannelInputStream done


Dynamic libraries:
0x00007ff706ef0000 - 0x00007ff706efa000 	C:\Program Files\Android\Android Studio\jbr\bin\java.exe
0x00007ffa4c190000 - 0x00007ffa4c3a7000 	C:\WINDOWS\SYSTEM32\ntdll.dll
0x00007ffa4aa10000 - 0x00007ffa4aad4000 	C:\WINDOWS\System32\KERNEL32.DLL
0x00007ffa49b00000 - 0x00007ffa49ea5000 	C:\WINDOWS\System32\KERNELBASE.dll
0x00007ffa499e0000 - 0x00007ffa49af1000 	C:\WINDOWS\System32\ucrtbase.dll
0x00007ffa18320000 - 0x00007ffa1833b000 	C:\Program Files\Android\Android Studio\jbr\bin\VCRUNTIME140.dll
0x00007ffa19140000 - 0x00007ffa19157000 	C:\Program Files\Android\Android Studio\jbr\bin\jli.dll
0x00007ffa4b7f0000 - 0x00007ffa4b99e000 	C:\WINDOWS\System32\USER32.dll
0x00007ffa49eb0000 - 0x00007ffa49ed6000 	C:\WINDOWS\System32\win32u.dll
0x00007ffa30a10000 - 0x00007ffa30ca3000 	C:\WINDOWS\WinSxS\amd64_microsoft.windows.common-controls_6595b64144ccf1df_6.0.22621.2506_none_270c5ae97388e100\COMCTL32.dll
0x00007ffa4a360000 - 0x00007ffa4a389000 	C:\WINDOWS\System32\GDI32.dll
0x00007ffa49670000 - 0x00007ffa49789000 	C:\WINDOWS\System32\gdi32full.dll
0x00007ffa4c020000 - 0x00007ffa4c0c7000 	C:\WINDOWS\System32\msvcrt.dll
0x00007ffa49810000 - 0x00007ffa498aa000 	C:\WINDOWS\System32\msvcp_win.dll
0x00007ffa4aeb0000 - 0x00007ffa4aee1000 	C:\WINDOWS\System32\IMM32.DLL
0x00007ffa320c0000 - 0x00007ffa320cc000 	C:\Program Files\Android\Android Studio\jbr\bin\vcruntime140_1.dll
0x00007ff9fa5f0000 - 0x00007ff9fa67d000 	C:\Program Files\Android\Android Studio\jbr\bin\msvcp140.dll
0x00007ff9d2cb0000 - 0x00007ff9d391e000 	C:\Program Files\Android\Android Studio\jbr\bin\server\jvm.dll
0x00007ffa4ac30000 - 0x00007ffa4ace1000 	C:\WINDOWS\System32\ADVAPI32.dll
0x00007ffa4bd10000 - 0x00007ffa4bdb6000 	C:\WINDOWS\System32\sechost.dll
0x00007ffa4bbf0000 - 0x00007ffa4bd07000 	C:\WINDOWS\System32\RPCRT4.dll
0x00007ffa27a50000 - 0x00007ffa27a59000 	C:\WINDOWS\SYSTEM32\WSOCK32.dll
0x00007ffa42850000 - 0x00007ffa42884000 	C:\WINDOWS\SYSTEM32\WINMM.dll
0x00007ffa4a400000 - 0x00007ffa4a471000 	C:\WINDOWS\System32\WS2_32.dll
0x00007ffa40e50000 - 0x00007ffa40e5a000 	C:\WINDOWS\SYSTEM32\VERSION.dll
0x00007ffa48590000 - 0x00007ffa485a8000 	C:\WINDOWS\SYSTEM32\kernel.appcore.dll
0x00007ffa31f60000 - 0x00007ffa31f6a000 	C:\Program Files\Android\Android Studio\jbr\bin\jimage.dll
0x00007ffa32190000 - 0x00007ffa323c3000 	C:\WINDOWS\SYSTEM32\DBGHELP.DLL
0x00007ffa4a480000 - 0x00007ffa4a809000 	C:\WINDOWS\System32\combase.dll
0x00007ffa4a810000 - 0x00007ffa4a8e7000 	C:\WINDOWS\System32\OLEAUT32.dll
0x00007ffa27470000 - 0x00007ffa274a2000 	C:\WINDOWS\SYSTEM32\dbgcore.DLL
0x00007ffa49790000 - 0x00007ffa4980a000 	C:\WINDOWS\System32\bcryptPrimitives.dll
0x00007ffa15f10000 - 0x00007ffa15f35000 	C:\Program Files\Android\Android Studio\jbr\bin\java.dll
0x00007ffa15fe0000 - 0x00007ffa15ff8000 	C:\Program Files\Android\Android Studio\jbr\bin\zip.dll
0x00007ffa4aef0000 - 0x00007ffa4b749000 	C:\WINDOWS\System32\SHELL32.dll
0x00007ffa47430000 - 0x00007ffa47d24000 	C:\WINDOWS\SYSTEM32\windows.storage.dll
0x00007ffa472e0000 - 0x00007ffa4741e000 	C:\WINDOWS\SYSTEM32\wintypes.dll
0x00007ffa4a8f0000 - 0x00007ffa4a9e3000 	C:\WINDOWS\System32\SHCORE.dll
0x00007ffa4bdc0000 - 0x00007ffa4be1e000 	C:\WINDOWS\System32\shlwapi.dll
0x00007ffa49430000 - 0x00007ffa49456000 	C:\WINDOWS\SYSTEM32\profapi.dll
0x00007ffa15710000 - 0x00007ffa15729000 	C:\Program Files\Android\Android Studio\jbr\bin\net.dll
0x00007ffa43810000 - 0x00007ffa43947000 	C:\WINDOWS\SYSTEM32\WINHTTP.dll
0x00007ffa48a70000 - 0x00007ffa48ad9000 	C:\WINDOWS\system32\mswsock.dll
0x00007ffa15150000 - 0x00007ffa15166000 	C:\Program Files\Android\Android Studio\jbr\bin\nio.dll
0x00007ffa30cb0000 - 0x00007ffa30cc0000 	C:\Program Files\Android\Android Studio\jbr\bin\verify.dll
0x00007ffa153c0000 - 0x00007ffa153e7000 	C:\Users\77755\.gradle\native\e1d6ef7f7dcc3fd88c89a11ec53ec762bb8ba0a96d01ffa2cd45eb1d1d8dd5c5\windows-amd64\native-platform.dll
0x00007ff9e46f0000 - 0x00007ff9e4834000 	C:\Users\77755\.gradle\native\0d407fdbe67a94daf76414ababcb853783967236a71b16ec16e742cd7a986fd3\windows-amd64\native-platform-file-events.dll
0x00007ffa2cd80000 - 0x00007ffa2cd89000 	C:\Program Files\Android\Android Studio\jbr\bin\management.dll
0x00007ffa259c0000 - 0x00007ffa259cb000 	C:\Program Files\Android\Android Studio\jbr\bin\management_ext.dll
0x00007ffa4b750000 - 0x00007ffa4b758000 	C:\WINDOWS\System32\PSAPI.DLL
0x00007ffa48cc0000 - 0x00007ffa48cdb000 	C:\WINDOWS\SYSTEM32\CRYPTSP.dll
0x00007ffa48550000 - 0x00007ffa48585000 	C:\WINDOWS\system32\rsaenh.dll
0x00007ffa48b60000 - 0x00007ffa48b8c000 	C:\WINDOWS\SYSTEM32\USERENV.dll
0x00007ffa48e90000 - 0x00007ffa48eb8000 	C:\WINDOWS\SYSTEM32\bcrypt.dll
0x00007ffa48ce0000 - 0x00007ffa48cec000 	C:\WINDOWS\SYSTEM32\CRYPTBASE.dll
0x00007ffa48000000 - 0x00007ffa4802d000 	C:\WINDOWS\SYSTEM32\IPHLPAPI.DLL
0x00007ffa4aa00000 - 0x00007ffa4aa09000 	C:\WINDOWS\System32\NSI.dll
0x00007ffa439d0000 - 0x00007ffa439e9000 	C:\WINDOWS\SYSTEM32\dhcpcsvc6.DLL
0x00007ffa43430000 - 0x00007ffa4344f000 	C:\WINDOWS\SYSTEM32\dhcpcsvc.DLL
0x00007ffa48070000 - 0x00007ffa48169000 	C:\WINDOWS\SYSTEM32\DNSAPI.dll
0x00007ffa22fb0000 - 0x00007ffa22fb8000 	C:\WINDOWS\system32\wshunix.dll

dbghelp: loaded successfully - version: 4.0.5 - missing functions: none
symbol engine: initialized successfully - sym options: 0x614 - pdb path: .;C:\Program Files\Android\Android Studio\jbr\bin;C:\WINDOWS\SYSTEM32;C:\WINDOWS\WinSxS\amd64_microsoft.windows.common-controls_6595b64144ccf1df_6.0.22621.2506_none_270c5ae97388e100;C:\Program Files\Android\Android Studio\jbr\bin\server;C:\Users\77755\.gradle\native\e1d6ef7f7dcc3fd88c89a11ec53ec762bb8ba0a96d01ffa2cd45eb1d1d8dd5c5\windows-amd64;C:\Users\77755\.gradle\native\0d407fdbe67a94daf76414ababcb853783967236a71b16ec16e742cd7a986fd3\windows-amd64

VM Arguments:
jvm_args: --add-opens=java.base/java.util=ALL-UNNAMED --add-opens=java.base/java.lang=ALL-UNNAMED --add-opens=java.base/java.lang.invoke=ALL-UNNAMED --add-opens=java.base/java.util=ALL-UNNAMED --add-opens=java.prefs/java.util.prefs=ALL-UNNAMED --add-opens=java.prefs/java.util.prefs=ALL-UNNAMED --add-opens=java.base/java.nio.charset=ALL-UNNAMED --add-opens=java.base/java.net=ALL-UNNAMED --add-opens=java.base/java.util.concurrent.atomic=ALL-UNNAMED -Xmx1536M -Dfile.encoding=windows-1252 -Duser.country=US -Duser.language=en -Duser.variant 
java_command: org.gradle.launcher.daemon.bootstrap.GradleDaemon 7.5
java_class_path (initial): C:\Users\77755\.gradle\wrapper\dists\gradle-7.5-all\6qsw290k5lz422uaf8jf6m7co\gradle-7.5\lib\gradle-launcher-7.5.jar
Launcher Type: SUN_STANDARD

[Global flags]
     intx CICompilerCount                          = 4                                         {product} {ergonomic}
     uint ConcGCThreads                            = 2                                         {product} {ergonomic}
     uint G1ConcRefinementThreads                  = 8                                         {product} {ergonomic}
   size_t G1HeapRegionSize                         = 1048576                                   {product} {ergonomic}
    uintx GCDrainStackTargetSize                   = 64                                        {product} {ergonomic}
   size_t InitialHeapSize                          = 132120576                                 {product} {ergonomic}
   size_t MarkStackSize                            = 4194304                                   {product} {ergonomic}
   size_t MaxHeapSize                              = 1610612736                                {product} {command line}
   size_t MaxNewSize                               = 965738496                                 {product} {ergonomic}
   size_t MinHeapDeltaBytes                        = 1048576                                   {product} {ergonomic}
   size_t MinHeapSize                              = 8388608                                   {product} {ergonomic}
    uintx NonNMethodCodeHeapSize                   = 5839372                                {pd product} {ergonomic}
    uintx NonProfiledCodeHeapSize                  = 122909434                              {pd product} {ergonomic}
    uintx ProfiledCodeHeapSize                     = 122909434                              {pd product} {ergonomic}
    uintx ReservedCodeCacheSize                    = 251658240                              {pd product} {ergonomic}
     bool SegmentedCodeCache                       = true                                      {product} {ergonomic}
   size_t SoftMaxHeapSize                          = 1610612736                             {manageable} {ergonomic}
     bool UseCompressedClassPointers               = true                           {product lp64_product} {ergonomic}
     bool UseCompressedOops                        = true                           {product lp64_product} {ergonomic}
     bool UseG1GC                                  = true                                      {product} {ergonomic}
     bool UseLargePagesIndividualAllocation        = false                                  {pd product} {ergonomic}

Logging:
Log output configuration:
 #0: stdout all=warning uptime,level,tags
 #1: stderr all=off uptime,level,tags

Environment Variables:
JAVA_HOME=C:\Program Files\Android\Android Studio\jbr
CLASSPATH=C:\Users\77755\flutter_source\android\\gradle\wrapper\gradle-wrapper.jar
PATH=C:\Program Files\Android\Android Studio\jbr\bin;C:\Games\flutter\bin;C:\WINDOWS\system32;C:\WINDOWS;C:\WINDOWS\System32\Wbem;C:\WINDOWS\System32\WindowsPowerShell\v1.0\;C:\WINDOWS\System32\OpenSSH\;C:\Program Files\dotnet\;C:\Program Files\Git\cmd;C:\Program Files\Cloudflare\Cloudflare WARP\;C:\Program Files\NVIDIA Corporation\NVIDIA NvDLISR;C:\Program Files\Microsoft SQL Server\150\Tools\Binn\;C:\Program Files\Microsoft SQL Server\Client SDK\ODBC\170\Tools\Binn\;C:\Program Files (x86)\NVIDIA Corporation\PhysX\Common;C:\Program Files\PuTTY\;C:\Users\77755\AppData\Local\Microsoft\WindowsApps;C:\Users\77755\AppData\Local\Programs\Microsoft VS Code\bin;C:\Games\flutter\bin;C:\Users\77755\.dotnet\tools;C:\Users\77755\src\flutter\bin;;C:\Games\flutter\bin\mingit\cmd;C:\Games\flutter\bin\mingit\cmd
USERNAME=77755
OS=Windows_NT
PROCESSOR_IDENTIFIER=Intel64 Family 6 Model 158 Stepping 13, GenuineIntel
TMP=C:\Users\77755\AppData\Local\Temp
TEMP=C:\Users\77755\AppData\Local\Temp


JNI global refs:
JNI global refs: 23, weak refs: 1

JNI global refs memory usage: 843, weak refs: 841


---------------  S Y S T E M  ---------------

OS:
 Windows 11 , 64 bit Build 22621 (10.0.22621.2506)
OS uptime: 6 days 16:09 hours

CPU: total 8 (initial active 8) (4 cores per cpu, 2 threads per core) family 6 model 158 stepping 13 microcode 0xde, cx8, cmov, fxsr, ht, mmx, 3dnowpref, sse, sse2, sse3, ssse3, sse4.1, sse4.2, popcnt, lzcnt, tsc, tscinvbit, avx, avx2, aes, erms, clmul, bmi1, bmi2, adx, fma, vzeroupper, clflush, clflushopt

Memory: 4k page, system-wide physical 8034M (449M free)
TotalPageFile size 16226M (AvailPageFile size 11M)
current process WorkingSet (physical memory assigned to process): 218M, peak: 218M
current process commit charge ("private bytes"): 251M, peak: 251M

vm_info: OpenJDK 64-Bit Server VM (17.0.6+0-b2043.56-10027231) for windows-amd64 JRE (17.0.6+0-b2043.56-10027231), built on Apr 28 2023 00:43:19 by "androidbuild" with MS VC++ 16.10 / 16.11 (VS2019)

END.
