#
# There is insufficient memory for the Java Runtime Environment to continue.
# Native memory allocation (mmap) failed to map 90177536 bytes for G1 virtual space
# Possible reasons:
#   The system is out of physical RAM or swap space
#   The process is running with CompressedOops enabled, and the Java Heap may be blocking the growth of the native heap
# Possible solutions:
#   Reduce memory load on the system
#   Increase physical memory or swap space
#   Check if swap backing store is full
#   Decrease Java heap size (-Xmx/-Xms)
#   Decrease number of Java threads
#   Decrease Java thread stack sizes (-Xss)
#   Set larger code cache with -XX:ReservedCodeCacheSize=
#   JVM is running with Unscaled Compressed Oops mode in which the Java heap is
#     placed in the first 4GB address space. The Java Heap base address is the
#     maximum limit for the native heap growth. Please use -XX:HeapBaseMinAddress
#     to set the Java Heap base and to place the Java Heap above 4GB virtual address.
# This output file may be truncated or incomplete.
#
#  Out of Memory Error (os_windows.cpp:3769), pid=8248, tid=17308
#
# JRE version: OpenJDK Runtime Environment (17.0.6) (build 17.0.6+0-b2043.56-10027231)
# Java VM: OpenJDK 64-Bit Server VM (17.0.6+0-b2043.56-10027231, mixed mode, tiered, compressed oops, compressed class ptrs, g1 gc, windows-amd64)
# No core dump will be written. Minidumps are not enabled by default on client versions of Windows
#

---------------  S U M M A R Y ------------

Command Line: --add-opens=java.base/java.util=ALL-UNNAMED --add-opens=java.base/java.lang=ALL-UNNAMED --add-opens=java.base/java.lang.invoke=ALL-UNNAMED --add-opens=java.base/java.util=ALL-UNNAMED --add-opens=java.prefs/java.util.prefs=ALL-UNNAMED --add-opens=java.prefs/java.util.prefs=ALL-UNNAMED --add-opens=java.base/java.nio.charset=ALL-UNNAMED --add-opens=java.base/java.net=ALL-UNNAMED --add-opens=java.base/java.util.concurrent.atomic=ALL-UNNAMED -Xmx1536M -Dfile.encoding=windows-1252 -Duser.country=US -Duser.language=en -Duser.variant org.gradle.launcher.daemon.bootstrap.GradleDaemon 7.5

Host: Intel(R) Core(TM) i5-9300H CPU @ 2.40GHz, 8 cores, 7G,  Windows 11 , 64 bit Build 22621 (10.0.22621.2506)
Time: Tue Dec 12 17:23:31 2023 Central Asia Standard Time elapsed time: 31.827598 seconds (0d 0h 0m 31s)

---------------  T H R E A D  ---------------

Current thread (0x000001df1b715390):  VMThread "VM Thread" [stack: 0x0000000230200000,0x0000000230300000] [id=17308]

Stack: [0x0000000230200000,0x0000000230300000]
Native frames: (J=compiled Java code, j=interpreted, Vv=VM code, C=native code)
V  [jvm.dll+0x683c9a]
V  [jvm.dll+0x8427a4]
V  [jvm.dll+0x843f9e]
V  [jvm.dll+0x844603]
V  [jvm.dll+0x249b75]
V  [jvm.dll+0x680b69]
V  [jvm.dll+0x67505a]
V  [jvm.dll+0x309acb]
V  [jvm.dll+0x310f86]
V  [jvm.dll+0x3608ee]
V  [jvm.dll+0x360b1f]
V  [jvm.dll+0x2dfbf8]
V  [jvm.dll+0x2ddec4]
V  [jvm.dll+0x2dd4cc]
V  [jvm.dll+0x321f3b]
V  [jvm.dll+0x848ccb]
V  [jvm.dll+0x849a04]
V  [jvm.dll+0x849f1d]
V  [jvm.dll+0x84a2f4]
V  [jvm.dll+0x84a3c0]
V  [jvm.dll+0x7f274a]
V  [jvm.dll+0x682ad5]
C  [ucrtbase.dll+0x29363]
C  [KERNEL32.DLL+0x1257d]
C  [ntdll.dll+0x5aa58]

VM_Operation (0x00000002357f9d80): G1CollectForAllocation, mode: safepoint, requested by thread 0x000001df20416da0


---------------  P R O C E S S  ---------------

Threads class SMR info:
_java_thread_list=0x000001df27a4fc90, length=141, elements={
0x000001df02c0c3e0, 0x000001df1b753060, 0x000001df1b753c10, 0x000001df1b76f510,
0x000001df1b76ffd0, 0x000001df1c135410, 0x000001df1c13dce0, 0x000001df1c1423e0,
0x000001df1c143290, 0x000001df1c144ba0, 0x000001df1c2b3660, 0x000001df1c2b3b30,
0x000001df1ea8f910, 0x000001df1eb54150, 0x000001df1f4c39f0, 0x000001df1ec89ed0,
0x000001df1ec8a3a0, 0x000001df1ec229a0, 0x000001df1f09efc0, 0x000001df1ed3b080,
0x000001df1ed3ea40, 0x000001df1ed3e570, 0x000001df1ed3bef0, 0x000001df1ed3c3c0,
0x000001df1ed3d700, 0x000001df1ed3cd60, 0x000001df1ed3ba20, 0x000001df1ed3e0a0,
0x000001df1ed3b550, 0x000001df1ed3dbd0, 0x000001df1ed3c890, 0x000001df1ed3d230,
0x000001df20d5daf0, 0x000001df20d57f80, 0x000001df20d56c40, 0x000001df20d5b940,
0x000001df20d58920, 0x000001df20d5b470, 0x000001df20d5c2e0, 0x000001df20d575e0,
0x000001df20d5a130, 0x000001df20d5be10, 0x000001df20d59c60, 0x000001df20d58df0,
0x000001df20d5a600, 0x000001df20d592c0, 0x000001df20d5c7b0, 0x000001df20d5aad0,
0x000001df20d5afa0, 0x000001df20d5d620, 0x000001df20d5cc80, 0x000001df20d5d150,
0x000001df2041a760, 0x000001df2041b100, 0x000001df2041ac30, 0x000001df20419dc0,
0x000001df2041b5d0, 0x000001df2041d2b0, 0x000001df2041baa0, 0x000001df2041bf70,
0x000001df2041a290, 0x000001df20417740, 0x000001df2041c440, 0x000001df20417c10,
0x000001df2041c910, 0x000001df20418a80, 0x000001df204168d0, 0x000001df2041d780,
0x000001df20418f50, 0x000001df2041cde0, 0x000001df2041dc50, 0x000001df20416400,
0x000001df20419420, 0x000001df204180e0, 0x000001df20416da0, 0x000001df204198f0,
0x000001df20417270, 0x000001df204185b0, 0x000001df226fa1f0, 0x000001df226fab90,
0x000001df226fb060, 0x000001df226f8eb0, 0x000001df226fb530, 0x000001df226fba00,
0x000001df226fa6c0, 0x000001df226f9850, 0x000001df226f9380, 0x000001df226fbed0,
0x000001df226f8510, 0x000001df226f9d20, 0x000001df226f89e0, 0x000001df2288bec0,
0x000001df2288eee0, 0x000001df2288e070, 0x000001df2288b520, 0x000001df2288b050,
0x000001df228906f0, 0x000001df2288c860, 0x000001df22891f00, 0x000001df2288ab80,
0x000001df2288b9f0, 0x000001df2288dba0, 0x000001df2288c390, 0x000001df2288cd30,
0x000001df22891a30, 0x000001df22891090, 0x000001df2288d200, 0x000001df2288d6d0,
0x000001df2288f3b0, 0x000001df2288e540, 0x000001df2288f880, 0x000001df2288fd50,
0x000001df22890bc0, 0x000001df22891560, 0x000001df2288a6b0, 0x000001df2288ea10,
0x000001df22890220, 0x000001df2231b610, 0x000001df22317780, 0x000001df2231d2f0,
0x000001df2231c480, 0x000001df2231a2d0, 0x000001df2231ac70, 0x000001df22317c50,
0x000001df2231ce20, 0x000001df2231e160, 0x000001df22316910, 0x000001df22319460,
0x000001df22316de0, 0x000001df223172b0, 0x000001df22319930, 0x000001df22319e00,
0x000001df23ed71b0, 0x000001df23ed6810, 0x000001df23edc380, 0x000001df23ed7b50,
0x000001df23eda1d0, 0x000001df23edab70, 0x000001df23edb510, 0x000001df1d556b40,
0x000001df23ed7680
}

Java Threads: ( => current thread )
  0x000001df02c0c3e0 JavaThread "main" [_thread_blocked, id=19876, stack(0x000000022fc00000,0x000000022fd00000)]
  0x000001df1b753060 JavaThread "Reference Handler" daemon [_thread_blocked, id=4340, stack(0x0000000230300000,0x0000000230400000)]
  0x000001df1b753c10 JavaThread "Finalizer" daemon [_thread_blocked, id=21412, stack(0x0000000230400000,0x0000000230500000)]
  0x000001df1b76f510 JavaThread "Signal Dispatcher" daemon [_thread_blocked, id=7100, stack(0x0000000230500000,0x0000000230600000)]
  0x000001df1b76ffd0 JavaThread "Attach Listener" daemon [_thread_blocked, id=12400, stack(0x0000000230600000,0x0000000230700000)]
  0x000001df1c135410 JavaThread "Service Thread" daemon [_thread_blocked, id=708, stack(0x0000000230700000,0x0000000230800000)]
  0x000001df1c13dce0 JavaThread "Monitor Deflation Thread" daemon [_thread_blocked, id=528, stack(0x0000000230800000,0x0000000230900000)]
  0x000001df1c1423e0 JavaThread "C2 CompilerThread0" daemon [_thread_blocked, id=8796, stack(0x0000000230900000,0x0000000230a00000)]
  0x000001df1c143290 JavaThread "C1 CompilerThread0" daemon [_thread_blocked, id=22004, stack(0x0000000230a00000,0x0000000230b00000)]
  0x000001df1c144ba0 JavaThread "Sweeper thread" daemon [_thread_blocked, id=10104, stack(0x0000000230b00000,0x0000000230c00000)]
  0x000001df1c2b3660 JavaThread "Common-Cleaner" daemon [_thread_blocked, id=3732, stack(0x0000000230c00000,0x0000000230d00000)]
  0x000001df1c2b3b30 JavaThread "Notification Thread" daemon [_thread_blocked, id=8280, stack(0x0000000230d00000,0x0000000230e00000)]
  0x000001df1ea8f910 JavaThread "Daemon health stats" [_thread_blocked, id=13340, stack(0x0000000231400000,0x0000000231500000)]
  0x000001df1eb54150 JavaThread "Incoming local TCP Connector on port 53474" [_thread_in_native, id=13796, stack(0x0000000231500000,0x0000000231600000)]
  0x000001df1f4c39f0 JavaThread "Daemon periodic checks" [_thread_blocked, id=2896, stack(0x0000000231600000,0x0000000231700000)]
  0x000001df1ec89ed0 JavaThread "Daemon" [_thread_blocked, id=4148, stack(0x0000000231700000,0x0000000231800000)]
  0x000001df1ec8a3a0 JavaThread "Handler for socket connection from /127.0.0.1:53474 to /127.0.0.1:53475" [_thread_in_native, id=8004, stack(0x0000000231800000,0x0000000231900000)]
  0x000001df1ec229a0 JavaThread "Cancel handler" [_thread_blocked, id=4592, stack(0x0000000231900000,0x0000000231a00000)]
  0x000001df1f09efc0 JavaThread "Daemon worker" [_thread_blocked, id=7852, stack(0x0000000231a00000,0x0000000231b00000)]
  0x000001df1ed3b080 JavaThread "Asynchronous log dispatcher for DefaultDaemonConnection: socket connection from /127.0.0.1:53474 to /127.0.0.1:53475" [_thread_blocked, id=16148, stack(0x0000000231b00000,0x0000000231c00000)]
  0x000001df1ed3ea40 JavaThread "Stdin handler" [_thread_blocked, id=19304, stack(0x0000000231c00000,0x0000000231d00000)]
  0x000001df1ed3e570 JavaThread "Daemon client event forwarder" [_thread_blocked, id=7752, stack(0x0000000231d00000,0x0000000231e00000)]
  0x000001df1ed3bef0 JavaThread "Cache worker for journal cache (C:\Users\77755\.gradle\caches\journal-1)" [_thread_blocked, id=17332, stack(0x0000000231e00000,0x0000000231f00000)]
  0x000001df1ed3c3c0 JavaThread "File lock request listener" [_thread_in_native, id=18196, stack(0x0000000231f00000,0x0000000232000000)]
  0x000001df1ed3d700 JavaThread "Cache worker for file hash cache (C:\Users\77755\.gradle\caches\7.5\fileHashes)" [_thread_blocked, id=18740, stack(0x0000000232400000,0x0000000232500000)]
  0x000001df1ed3cd60 JavaThread "File watcher server" daemon [_thread_blocked, id=11276, stack(0x0000000232500000,0x0000000232600000)]
  0x000001df1ed3ba20 JavaThread "File watcher consumer" daemon [_thread_blocked, id=17244, stack(0x0000000232600000,0x0000000232700000)]
  0x000001df1ed3e0a0 JavaThread "Cache worker for checksums cache (C:\Users\77755\flutter_source\android\.gradle\7.5\checksums)" [_thread_blocked, id=19616, stack(0x0000000232700000,0x0000000232800000)]
  0x000001df1ed3b550 JavaThread "Cache worker for cache directory md-rule (C:\Users\77755\.gradle\caches\7.5\md-rule)" [_thread_blocked, id=20804, stack(0x0000000232800000,0x0000000232900000)]
  0x000001df1ed3dbd0 JavaThread "Cache worker for file content cache (C:\Users\77755\.gradle\caches\7.5\fileContent)" [_thread_blocked, id=3540, stack(0x0000000232900000,0x0000000232a00000)]
  0x000001df1ed3c890 JavaThread "Cache worker for file hash cache (C:\Users\77755\flutter_source\android\.gradle\7.5\fileHashes)" [_thread_blocked, id=7784, stack(0x0000000232a00000,0x0000000232b00000)]
  0x000001df1ed3d230 JavaThread "Cache worker for cache directory md-supplier (C:\Users\77755\.gradle\caches\7.5\md-supplier)" [_thread_blocked, id=20148, stack(0x0000000232b00000,0x0000000232c00000)]
  0x000001df20d5daf0 JavaThread "Cache worker for execution history cache (C:\Users\77755\.gradle\caches\7.5\executionHistory)" [_thread_blocked, id=20100, stack(0x0000000232c00000,0x0000000232d00000)]
  0x000001df20d57f80 JavaThread "jar transforms" [_thread_blocked, id=2904, stack(0x0000000232e00000,0x0000000232f00000)]
  0x000001df20d56c40 JavaThread "jar transforms Thread 2" [_thread_blocked, id=14320, stack(0x0000000232f00000,0x0000000233000000)]
  0x000001df20d5b940 JavaThread "jar transforms Thread 3" [_thread_blocked, id=6216, stack(0x0000000233000000,0x0000000233100000)]
  0x000001df20d58920 JavaThread "jar transforms Thread 4" [_thread_blocked, id=9488, stack(0x0000000233100000,0x0000000233200000)]
  0x000001df20d5b470 JavaThread "jar transforms Thread 5" [_thread_blocked, id=5444, stack(0x0000000233200000,0x0000000233300000)]
  0x000001df20d5c2e0 JavaThread "jar transforms Thread 6" [_thread_blocked, id=18408, stack(0x0000000233300000,0x0000000233400000)]
  0x000001df20d575e0 JavaThread "Cache worker for dependencies-accessors (C:\Users\77755\flutter_source\android\.gradle\7.5\dependencies-accessors)" [_thread_blocked, id=16080, stack(0x0000000233400000,0x0000000233500000)]
  0x000001df20d5a130 JavaThread "jar transforms Thread 7" [_thread_blocked, id=12732, stack(0x0000000233500000,0x0000000233600000)]
  0x000001df20d5be10 JavaThread "Cache worker for Build Output Cleanup Cache (C:\Users\77755\flutter_source\android\.gradle\buildOutputCleanup)" [_thread_blocked, id=21072, stack(0x0000000233600000,0x0000000233700000)]
  0x000001df20d59c60 JavaThread "Unconstrained build operations" [_thread_blocked, id=14500, stack(0x0000000233700000,0x0000000233800000)]
  0x000001df20d58df0 JavaThread "Unconstrained build operations Thread 2" [_thread_blocked, id=8736, stack(0x0000000233800000,0x0000000233900000)]
  0x000001df20d5a600 JavaThread "Unconstrained build operations Thread 3" [_thread_blocked, id=10400, stack(0x0000000233900000,0x0000000233a00000)]
  0x000001df20d592c0 JavaThread "Unconstrained build operations Thread 4" [_thread_blocked, id=14648, stack(0x0000000233a00000,0x0000000233b00000)]
  0x000001df20d5c7b0 JavaThread "Unconstrained build operations Thread 5" [_thread_blocked, id=5060, stack(0x0000000233b00000,0x0000000233c00000)]
  0x000001df20d5aad0 JavaThread "Unconstrained build operations Thread 6" [_thread_blocked, id=15488, stack(0x0000000233c00000,0x0000000233d00000)]
  0x000001df20d5afa0 JavaThread "Unconstrained build operations Thread 7" [_thread_blocked, id=8056, stack(0x0000000233d00000,0x0000000233e00000)]
  0x000001df20d5d620 JavaThread "Unconstrained build operations Thread 8" [_thread_blocked, id=12220, stack(0x0000000233e00000,0x0000000233f00000)]
  0x000001df20d5cc80 JavaThread "Unconstrained build operations Thread 9" [_thread_blocked, id=356, stack(0x0000000233f00000,0x0000000234000000)]
  0x000001df20d5d150 JavaThread "Unconstrained build operations Thread 10" [_thread_blocked, id=8928, stack(0x0000000234000000,0x0000000234100000)]
  0x000001df2041a760 JavaThread "Unconstrained build operations Thread 11" [_thread_blocked, id=18836, stack(0x0000000234100000,0x0000000234200000)]
  0x000001df2041b100 JavaThread "Unconstrained build operations Thread 12" [_thread_blocked, id=14044, stack(0x0000000234200000,0x0000000234300000)]
  0x000001df2041ac30 JavaThread "Unconstrained build operations Thread 13" [_thread_blocked, id=22064, stack(0x0000000234300000,0x0000000234400000)]
  0x000001df20419dc0 JavaThread "Unconstrained build operations Thread 14" [_thread_blocked, id=10892, stack(0x0000000234400000,0x0000000234500000)]
  0x000001df2041b5d0 JavaThread "Unconstrained build operations Thread 15" [_thread_blocked, id=16356, stack(0x0000000234500000,0x0000000234600000)]
  0x000001df2041d2b0 JavaThread "Unconstrained build operations Thread 16" [_thread_blocked, id=7708, stack(0x0000000234600000,0x0000000234700000)]
  0x000001df2041baa0 JavaThread "Unconstrained build operations Thread 17" [_thread_blocked, id=8044, stack(0x0000000234700000,0x0000000234800000)]
  0x000001df2041bf70 JavaThread "Unconstrained build operations Thread 18" [_thread_blocked, id=13492, stack(0x0000000234800000,0x0000000234900000)]
  0x000001df2041a290 JavaThread "Unconstrained build operations Thread 19" [_thread_blocked, id=20092, stack(0x0000000234900000,0x0000000234a00000)]
  0x000001df20417740 JavaThread "Unconstrained build operations Thread 20" [_thread_blocked, id=20120, stack(0x0000000234a00000,0x0000000234b00000)]
  0x000001df2041c440 JavaThread "Unconstrained build operations Thread 21" [_thread_blocked, id=11704, stack(0x0000000234b00000,0x0000000234c00000)]
  0x000001df20417c10 JavaThread "Unconstrained build operations Thread 22" [_thread_blocked, id=22192, stack(0x0000000234c00000,0x0000000234d00000)]
  0x000001df2041c910 JavaThread "Unconstrained build operations Thread 23" [_thread_blocked, id=17452, stack(0x0000000234d00000,0x0000000234e00000)]
  0x000001df20418a80 JavaThread "Unconstrained build operations Thread 24" [_thread_blocked, id=968, stack(0x0000000234e00000,0x0000000234f00000)]
  0x000001df204168d0 JavaThread "Unconstrained build operations Thread 25" [_thread_blocked, id=3908, stack(0x0000000234f00000,0x0000000235000000)]
  0x000001df2041d780 JavaThread "Unconstrained build operations Thread 26" [_thread_blocked, id=3284, stack(0x0000000235000000,0x0000000235100000)]
  0x000001df20418f50 JavaThread "Unconstrained build operations Thread 27" [_thread_blocked, id=2312, stack(0x0000000235100000,0x0000000235200000)]
  0x000001df2041cde0 JavaThread "Unconstrained build operations Thread 28" [_thread_blocked, id=19536, stack(0x0000000235200000,0x0000000235300000)]
  0x000001df2041dc50 JavaThread "Unconstrained build operations Thread 29" [_thread_blocked, id=1384, stack(0x0000000235300000,0x0000000235400000)]
  0x000001df20416400 JavaThread "Unconstrained build operations Thread 30" [_thread_blocked, id=1256, stack(0x0000000235400000,0x0000000235500000)]
  0x000001df20419420 JavaThread "Unconstrained build operations Thread 31" [_thread_blocked, id=2452, stack(0x0000000235500000,0x0000000235600000)]
  0x000001df204180e0 JavaThread "Unconstrained build operations Thread 32" [_thread_blocked, id=2296, stack(0x0000000235600000,0x0000000235700000)]
  0x000001df20416da0 JavaThread "Unconstrained build operations Thread 33" [_thread_blocked, id=22168, stack(0x0000000235700000,0x0000000235800000)]
  0x000001df204198f0 JavaThread "Unconstrained build operations Thread 34" [_thread_blocked, id=17892, stack(0x0000000235800000,0x0000000235900000)]
  0x000001df20417270 JavaThread "Unconstrained build operations Thread 35" [_thread_blocked, id=22236, stack(0x0000000235900000,0x0000000235a00000)]
  0x000001df204185b0 JavaThread "Unconstrained build operations Thread 36" [_thread_blocked, id=9736, stack(0x0000000235a00000,0x0000000235b00000)]
  0x000001df226fa1f0 JavaThread "Unconstrained build operations Thread 37" [_thread_blocked, id=19952, stack(0x0000000235b00000,0x0000000235c00000)]
  0x000001df226fab90 JavaThread "Unconstrained build operations Thread 38" [_thread_blocked, id=21260, stack(0x0000000235c00000,0x0000000235d00000)]
  0x000001df226fb060 JavaThread "Unconstrained build operations Thread 39" [_thread_blocked, id=19328, stack(0x0000000235d00000,0x0000000235e00000)]
  0x000001df226f8eb0 JavaThread "Unconstrained build operations Thread 40" [_thread_blocked, id=18888, stack(0x0000000235e00000,0x0000000235f00000)]
  0x000001df226fb530 JavaThread "Unconstrained build operations Thread 41" [_thread_blocked, id=11752, stack(0x0000000235f00000,0x0000000236000000)]
  0x000001df226fba00 JavaThread "Unconstrained build operations Thread 42" [_thread_blocked, id=9472, stack(0x0000000236000000,0x0000000236100000)]
  0x000001df226fa6c0 JavaThread "Unconstrained build operations Thread 43" [_thread_blocked, id=10620, stack(0x0000000236100000,0x0000000236200000)]
  0x000001df226f9850 JavaThread "Unconstrained build operations Thread 44" [_thread_blocked, id=5392, stack(0x0000000236200000,0x0000000236300000)]
  0x000001df226f9380 JavaThread "Unconstrained build operations Thread 45" [_thread_blocked, id=6912, stack(0x0000000236300000,0x0000000236400000)]
  0x000001df226fbed0 JavaThread "Unconstrained build operations Thread 46" [_thread_blocked, id=18584, stack(0x0000000236400000,0x0000000236500000)]
  0x000001df226f8510 JavaThread "Unconstrained build operations Thread 47" [_thread_blocked, id=9224, stack(0x0000000236500000,0x0000000236600000)]
  0x000001df226f9d20 JavaThread "Unconstrained build operations Thread 48" [_thread_blocked, id=5952, stack(0x0000000236600000,0x0000000236700000)]
  0x000001df226f89e0 JavaThread "Unconstrained build operations Thread 49" [_thread_blocked, id=19528, stack(0x0000000236700000,0x0000000236800000)]
  0x000001df2288bec0 JavaThread "Unconstrained build operations Thread 50" [_thread_blocked, id=14936, stack(0x0000000236800000,0x0000000236900000)]
  0x000001df2288eee0 JavaThread "Unconstrained build operations Thread 51" [_thread_blocked, id=6456, stack(0x0000000236900000,0x0000000236a00000)]
  0x000001df2288e070 JavaThread "Unconstrained build operations Thread 52" [_thread_blocked, id=3904, stack(0x0000000236a00000,0x0000000236b00000)]
  0x000001df2288b520 JavaThread "Unconstrained build operations Thread 53" [_thread_blocked, id=11608, stack(0x0000000236b00000,0x0000000236c00000)]
  0x000001df2288b050 JavaThread "Unconstrained build operations Thread 54" [_thread_blocked, id=14516, stack(0x0000000236c00000,0x0000000236d00000)]
  0x000001df228906f0 JavaThread "Unconstrained build operations Thread 55" [_thread_blocked, id=12988, stack(0x0000000236d00000,0x0000000236e00000)]
  0x000001df2288c860 JavaThread "Unconstrained build operations Thread 56" [_thread_blocked, id=20596, stack(0x0000000236e00000,0x0000000236f00000)]
  0x000001df22891f00 JavaThread "Unconstrained build operations Thread 57" [_thread_blocked, id=20060, stack(0x0000000236f00000,0x0000000237000000)]
  0x000001df2288ab80 JavaThread "Unconstrained build operations Thread 58" [_thread_blocked, id=19972, stack(0x0000000237000000,0x0000000237100000)]
  0x000001df2288b9f0 JavaThread "Unconstrained build operations Thread 59" [_thread_blocked, id=10060, stack(0x0000000237100000,0x0000000237200000)]
  0x000001df2288dba0 JavaThread "Unconstrained build operations Thread 60" [_thread_blocked, id=1380, stack(0x0000000237200000,0x0000000237300000)]
  0x000001df2288c390 JavaThread "Unconstrained build operations Thread 61" [_thread_blocked, id=6872, stack(0x0000000237300000,0x0000000237400000)]
  0x000001df2288cd30 JavaThread "Unconstrained build operations Thread 62" [_thread_blocked, id=15824, stack(0x0000000237400000,0x0000000237500000)]
  0x000001df22891a30 JavaThread "Unconstrained build operations Thread 63" [_thread_blocked, id=18980, stack(0x0000000237500000,0x0000000237600000)]
  0x000001df22891090 JavaThread "Unconstrained build operations Thread 64" [_thread_blocked, id=5860, stack(0x0000000237600000,0x0000000237700000)]
  0x000001df2288d200 JavaThread "Unconstrained build operations Thread 65" [_thread_blocked, id=21040, stack(0x0000000237700000,0x0000000237800000)]
  0x000001df2288d6d0 JavaThread "Unconstrained build operations Thread 66" [_thread_blocked, id=1656, stack(0x0000000237800000,0x0000000237900000)]
  0x000001df2288f3b0 JavaThread "Unconstrained build operations Thread 67" [_thread_blocked, id=18008, stack(0x0000000237900000,0x0000000237a00000)]
  0x000001df2288e540 JavaThread "Unconstrained build operations Thread 68" [_thread_blocked, id=21004, stack(0x0000000237a00000,0x0000000237b00000)]
  0x000001df2288f880 JavaThread "Unconstrained build operations Thread 69" [_thread_blocked, id=13876, stack(0x0000000237b00000,0x0000000237c00000)]
  0x000001df2288fd50 JavaThread "Unconstrained build operations Thread 70" [_thread_blocked, id=6224, stack(0x0000000237c00000,0x0000000237d00000)]
  0x000001df22890bc0 JavaThread "Unconstrained build operations Thread 71" [_thread_blocked, id=9976, stack(0x0000000237d00000,0x0000000237e00000)]
  0x000001df22891560 JavaThread "Unconstrained build operations Thread 72" [_thread_blocked, id=10512, stack(0x0000000237e00000,0x0000000237f00000)]
  0x000001df2288a6b0 JavaThread "Unconstrained build operations Thread 73" [_thread_blocked, id=2416, stack(0x0000000237f00000,0x0000000238000000)]
  0x000001df2288ea10 JavaThread "Unconstrained build operations Thread 74" [_thread_blocked, id=20980, stack(0x0000000238000000,0x0000000238100000)]
  0x000001df22890220 JavaThread "Unconstrained build operations Thread 75" [_thread_blocked, id=9244, stack(0x0000000238100000,0x0000000238200000)]
  0x000001df2231b610 JavaThread "Unconstrained build operations Thread 76" [_thread_blocked, id=10304, stack(0x0000000238200000,0x0000000238300000)]
  0x000001df22317780 JavaThread "Unconstrained build operations Thread 77" [_thread_blocked, id=3856, stack(0x0000000238300000,0x0000000238400000)]
  0x000001df2231d2f0 JavaThread "Unconstrained build operations Thread 78" [_thread_blocked, id=12712, stack(0x0000000238400000,0x0000000238500000)]
  0x000001df2231c480 JavaThread "Unconstrained build operations Thread 79" [_thread_blocked, id=14864, stack(0x0000000238500000,0x0000000238600000)]
  0x000001df2231a2d0 JavaThread "Unconstrained build operations Thread 80" [_thread_blocked, id=11192, stack(0x0000000238600000,0x0000000238700000)]
  0x000001df2231ac70 JavaThread "jar transforms Thread 8" [_thread_blocked, id=21860, stack(0x0000000238700000,0x0000000238800000)]
  0x000001df22317c50 JavaThread "Memory manager" [_thread_blocked, id=21880, stack(0x0000000238900000,0x0000000238a00000)]
  0x000001df2231ce20 JavaThread "Cache worker for kotlin-dsl (C:\Users\77755\.gradle\caches\7.5\kotlin-dsl)" [_thread_blocked, id=4588, stack(0x0000000238a00000,0x0000000238b00000)]
  0x000001df2231e160 JavaThread "pool-3-thread-1" [_thread_blocked, id=9848, stack(0x0000000238d00000,0x0000000238e00000)]
  0x000001df22316910 JavaThread "build event listener" [_thread_blocked, id=9268, stack(0x0000000238e00000,0x0000000238f00000)]
  0x000001df22319460 JavaThread "included builds" [_thread_blocked, id=1484, stack(0x0000000238f00000,0x0000000239000000)]
  0x000001df22316de0 JavaThread "Execution worker" [_thread_blocked, id=1396, stack(0x0000000239000000,0x0000000239100000)]
  0x000001df223172b0 JavaThread "Execution worker Thread 2" [_thread_blocked, id=8884, stack(0x0000000239100000,0x0000000239200000)]
  0x000001df22319930 JavaThread "Execution worker Thread 3" [_thread_blocked, id=2232, stack(0x0000000239200000,0x0000000239300000)]
  0x000001df22319e00 JavaThread "Execution worker Thread 4" [_thread_blocked, id=1424, stack(0x0000000239300000,0x0000000239400000)]
  0x000001df23ed71b0 JavaThread "Execution worker Thread 5" [_thread_blocked, id=1536, stack(0x0000000239400000,0x0000000239500000)]
  0x000001df23ed6810 JavaThread "Execution worker Thread 6" [_thread_blocked, id=11456, stack(0x0000000239500000,0x0000000239600000)]
  0x000001df23edc380 JavaThread "Execution worker Thread 7" [_thread_blocked, id=10768, stack(0x0000000239600000,0x0000000239700000)]
  0x000001df23ed7b50 JavaThread "Cache worker for execution history cache (C:\Users\77755\flutter_source\android\.gradle\7.5\executionHistory)" [_thread_blocked, id=15140, stack(0x0000000239700000,0x0000000239800000)]
  0x000001df23eda1d0 JavaThread "Exec process" [_thread_blocked, id=7032, stack(0x0000000239800000,0x0000000239900000)]
  0x000001df23edab70 JavaThread "Exec process Thread 2" [_thread_blocked, id=7048, stack(0x0000000239900000,0x0000000239a00000)]
  0x000001df23edb510 JavaThread "Exec process Thread 3" [_thread_blocked, id=22356, stack(0x0000000239a00000,0x0000000239b00000)]
  0x000001df1d556b40 JavaThread "C2 CompilerThread1" daemon [_thread_blocked, id=22272, stack(0x0000000230f00000,0x0000000231000000)]
  0x000001df23ed7680 JavaThread "WorkerExecutor Queue" [_thread_blocked, id=10580, stack(0x0000000238800000,0x0000000238900000)]

Other Threads:
=>0x000001df1b715390 VMThread "VM Thread" [stack: 0x0000000230200000,0x0000000230300000] [id=17308]
  0x000001df02c72c60 WatcherThread [stack: 0x0000000230e00000,0x0000000230f00000] [id=12232]
  0x000001df02c59b80 GCTaskThread "GC Thread#0" [stack: 0x000000022fd00000,0x000000022fe00000] [id=13420]
  0x000001df1cadb720 GCTaskThread "GC Thread#1" [stack: 0x0000000231100000,0x0000000231200000] [id=11580]
  0x000001df1d434e60 GCTaskThread "GC Thread#2" [stack: 0x0000000231200000,0x0000000231300000] [id=16284]
  0x000001df1d1ad050 GCTaskThread "GC Thread#3" [stack: 0x0000000231300000,0x0000000231400000] [id=17648]
  0x000001df1e8a7d60 GCTaskThread "GC Thread#4" [stack: 0x0000000231000000,0x0000000231100000] [id=21444]
  0x000001df1f4ef020 GCTaskThread "GC Thread#5" [stack: 0x0000000232000000,0x0000000232100000] [id=19540]
  0x000001df1edc1600 GCTaskThread "GC Thread#6" [stack: 0x0000000232100000,0x0000000232200000] [id=5076]
  0x000001df1d586920 GCTaskThread "GC Thread#7" [stack: 0x0000000232200000,0x0000000232300000] [id=9116]
  0x000001df02c66960 ConcurrentGCThread "G1 Main Marker" [stack: 0x000000022fe00000,0x000000022ff00000] [id=15828]
  0x000001df02c67210 ConcurrentGCThread "G1 Conc#0" [stack: 0x000000022ff00000,0x0000000230000000] [id=21752]
  0x000001df1f1e4870 ConcurrentGCThread "G1 Conc#1" [stack: 0x0000000232300000,0x0000000232400000] [id=20268]
  0x000001df02ccd4c0 ConcurrentGCThread "G1 Refine#0" [stack: 0x0000000230000000,0x0000000230100000] [id=10352]
  0x000001df21cd3370 ConcurrentGCThread "G1 Refine#1" [stack: 0x0000000232d00000,0x0000000232e00000] [id=21896]
  0x000001df1ca03260 ConcurrentGCThread "G1 Refine#2" [stack: 0x0000000238b00000,0x0000000238c00000] [id=6372]
  0x000001df279b3580 ConcurrentGCThread "G1 Refine#3" [stack: 0x0000000238c00000,0x0000000238d00000] [id=8052]
  0x000001df02ccdd80 ConcurrentGCThread "G1 Service" [stack: 0x0000000230100000,0x0000000230200000] [id=18084]

Threads with active compile tasks:
C2 CompilerThread0    31864 15498   !   4       jdk.internal.loader.URLClassPath$JarLoader::getResource (354 bytes)
C1 CompilerThread0    31864 15768       2       com.android.tools.r8.internal.xa::<init> (445 bytes)
C2 CompilerThread1    31864 15744 % !   4       java.util.concurrent.ConcurrentHashMap::transfer @ 96 (849 bytes)

VM state: at safepoint (normal execution)

VM Mutex/Monitor currently owned by a thread:  ([mutex/lock_event])
[0x000001df02c08080] Threads_lock - owner thread: 0x000001df1b715390
[0x000001df02c08500] Heap_lock - owner thread: 0x000001df20416da0

Heap address: 0x00000000a0000000, size: 1536 MB, Compressed Oops mode: 32-bit

CDS archive(s) not mapped
Compressed class space mapped at: 0x0000000100000000-0x0000000140000000, reserved size: 1073741824
Narrow klass base: 0x0000000000000000, Narrow klass shift: 3, Narrow klass range: 0x140000000

GC Precious Log:
 CPUs: 8 total, 8 available
 Memory: 8034M
 Large Page Support: Disabled
 NUMA Support: Disabled
 Compressed Oops: Enabled (32-bit)
 Heap Region Size: 1M
 Heap Min Capacity: 8M
 Heap Initial Capacity: 126M
 Heap Max Capacity: 1536M
 Pre-touch: Disabled
 Parallel Workers: 8
 Concurrent Workers: 2
 Concurrent Refinement Workers: 8
 Periodic GC: Disabled

Heap:
 garbage-first heap   total 217088K, used 161890K [0x00000000a0000000, 0x0000000100000000)
  region size 1024K, 4 young (4096K), 4 survivors (4096K)
 Metaspace       used 111586K, committed 112576K, reserved 1146880K
  class space    used 15169K, committed 15616K, reserved 1048576K

Heap Regions: E=young(eden), S=young(survivor), O=old, HS=humongous(starts), HC=humongous(continues), CS=collection set, F=free, OA=open archive, CA=closed archive, TAMS=top-at-mark-start (previous, next)
|   0|0x00000000a0000000, 0x00000000a0100000, 0x00000000a0100000|100%| O|  |TAMS 0x00000000a0100000, 0x00000000a0000000| Untracked 
|   1|0x00000000a0100000, 0x00000000a0200000, 0x00000000a0200000|100%| O|  |TAMS 0x00000000a0200000, 0x00000000a0100000| Untracked 
|   2|0x00000000a0200000, 0x00000000a02eb000, 0x00000000a0300000| 91%| O|  |TAMS 0x00000000a02eb000, 0x00000000a0200000| Untracked 
|   3|0x00000000a0300000, 0x00000000a0400000, 0x00000000a0400000|100%|HS|  |TAMS 0x00000000a0400000, 0x00000000a0300000| Complete 
|   4|0x00000000a0400000, 0x00000000a0500000, 0x00000000a0500000|100%|HC|  |TAMS 0x00000000a0500000, 0x00000000a0400000| Complete 
|   5|0x00000000a0500000, 0x00000000a0600000, 0x00000000a0600000|100%|HC|  |TAMS 0x00000000a0600000, 0x00000000a0500000| Complete 
|   6|0x00000000a0600000, 0x00000000a0700000, 0x00000000a0700000|100%| O|  |TAMS 0x00000000a0700000, 0x00000000a0600000| Untracked 
|   7|0x00000000a0700000, 0x00000000a0800000, 0x00000000a0800000|100%| O|  |TAMS 0x00000000a0800000, 0x00000000a0700000| Untracked 
|   8|0x00000000a0800000, 0x00000000a0900000, 0x00000000a0900000|100%| O|  |TAMS 0x00000000a0900000, 0x00000000a0800000| Untracked 
|   9|0x00000000a0900000, 0x00000000a0a00000, 0x00000000a0a00000|100%| O|  |TAMS 0x00000000a0a00000, 0x00000000a0900000| Untracked 
|  10|0x00000000a0a00000, 0x00000000a0b00000, 0x00000000a0b00000|100%| O|  |TAMS 0x00000000a0b00000, 0x00000000a0a00000| Untracked 
|  11|0x00000000a0b00000, 0x00000000a0c00000, 0x00000000a0c00000|100%| O|  |TAMS 0x00000000a0c00000, 0x00000000a0b00000| Untracked 
|  12|0x00000000a0c00000, 0x00000000a0d00000, 0x00000000a0d00000|100%| O|  |TAMS 0x00000000a0d00000, 0x00000000a0c00000| Untracked 
|  13|0x00000000a0d00000, 0x00000000a0e00000, 0x00000000a0e00000|100%| O|  |TAMS 0x00000000a0e00000, 0x00000000a0d00000| Untracked 
|  14|0x00000000a0e00000, 0x00000000a0f00000, 0x00000000a0f00000|100%| O|  |TAMS 0x00000000a0f00000, 0x00000000a0e00000| Untracked 
|  15|0x00000000a0f00000, 0x00000000a1000000, 0x00000000a1000000|100%| O|  |TAMS 0x00000000a1000000, 0x00000000a0f00000| Untracked 
|  16|0x00000000a1000000, 0x00000000a1100000, 0x00000000a1100000|100%| O|  |TAMS 0x00000000a1100000, 0x00000000a1000000| Untracked 
|  17|0x00000000a1100000, 0x00000000a1200000, 0x00000000a1200000|100%| O|  |TAMS 0x00000000a1200000, 0x00000000a1100000| Untracked 
|  18|0x00000000a1200000, 0x00000000a1300000, 0x00000000a1300000|100%| O|  |TAMS 0x00000000a1300000, 0x00000000a1200000| Untracked 
|  19|0x00000000a1300000, 0x00000000a1400000, 0x00000000a1400000|100%| O|  |TAMS 0x00000000a1400000, 0x00000000a1300000| Untracked 
|  20|0x00000000a1400000, 0x00000000a1500000, 0x00000000a1500000|100%| O|  |TAMS 0x00000000a1500000, 0x00000000a1400000| Untracked 
|  21|0x00000000a1500000, 0x00000000a1600000, 0x00000000a1600000|100%| O|  |TAMS 0x00000000a1500000, 0x00000000a1500000| Untracked 
|  22|0x00000000a1600000, 0x00000000a1700000, 0x00000000a1700000|100%| O|  |TAMS 0x00000000a1700000, 0x00000000a1600000| Untracked 
|  23|0x00000000a1700000, 0x00000000a1800000, 0x00000000a1800000|100%| O|  |TAMS 0x00000000a1800000, 0x00000000a1700000| Untracked 
|  24|0x00000000a1800000, 0x00000000a1900000, 0x00000000a1900000|100%| O|  |TAMS 0x00000000a1900000, 0x00000000a1800000| Untracked 
|  25|0x00000000a1900000, 0x00000000a1a00000, 0x00000000a1a00000|100%| O|  |TAMS 0x00000000a1900000, 0x00000000a1900000| Untracked 
|  26|0x00000000a1a00000, 0x00000000a1b00000, 0x00000000a1b00000|100%| O|  |TAMS 0x00000000a1b00000, 0x00000000a1a00000| Untracked 
|  27|0x00000000a1b00000, 0x00000000a1c00000, 0x00000000a1c00000|100%| O|  |TAMS 0x00000000a1c00000, 0x00000000a1b00000| Untracked 
|  28|0x00000000a1c00000, 0x00000000a1d00000, 0x00000000a1d00000|100%| O|  |TAMS 0x00000000a1d00000, 0x00000000a1c00000| Untracked 
|  29|0x00000000a1d00000, 0x00000000a1e00000, 0x00000000a1e00000|100%| O|  |TAMS 0x00000000a1e00000, 0x00000000a1d00000| Untracked 
|  30|0x00000000a1e00000, 0x00000000a1f00000, 0x00000000a1f00000|100%| O|  |TAMS 0x00000000a1f00000, 0x00000000a1e00000| Untracked 
|  31|0x00000000a1f00000, 0x00000000a2000000, 0x00000000a2000000|100%| O|  |TAMS 0x00000000a2000000, 0x00000000a1f00000| Untracked 
|  32|0x00000000a2000000, 0x00000000a2100000, 0x00000000a2100000|100%|HS|  |TAMS 0x00000000a2100000, 0x00000000a2000000| Complete 
|  33|0x00000000a2100000, 0x00000000a2200000, 0x00000000a2200000|100%|HS|  |TAMS 0x00000000a2200000, 0x00000000a2100000| Complete 
|  34|0x00000000a2200000, 0x00000000a2300000, 0x00000000a2300000|100%|HS|  |TAMS 0x00000000a2300000, 0x00000000a2200000| Complete 
|  35|0x00000000a2300000, 0x00000000a2400000, 0x00000000a2400000|100%|HS|  |TAMS 0x00000000a2400000, 0x00000000a2300000| Complete 
|  36|0x00000000a2400000, 0x00000000a2500000, 0x00000000a2500000|100%|HC|  |TAMS 0x00000000a2500000, 0x00000000a2400000| Complete 
|  37|0x00000000a2500000, 0x00000000a2600000, 0x00000000a2600000|100%|HC|  |TAMS 0x00000000a2600000, 0x00000000a2500000| Complete 
|  38|0x00000000a2600000, 0x00000000a2700000, 0x00000000a2700000|100%|HC|  |TAMS 0x00000000a2700000, 0x00000000a2600000| Complete 
|  39|0x00000000a2700000, 0x00000000a2800000, 0x00000000a2800000|100%|HS|  |TAMS 0x00000000a2800000, 0x00000000a2700000| Complete 
|  40|0x00000000a2800000, 0x00000000a2900000, 0x00000000a2900000|100%|HC|  |TAMS 0x00000000a2900000, 0x00000000a2800000| Complete 
|  41|0x00000000a2900000, 0x00000000a2a00000, 0x00000000a2a00000|100%| O|  |TAMS 0x00000000a2a00000, 0x00000000a2900000| Untracked 
|  42|0x00000000a2a00000, 0x00000000a2b00000, 0x00000000a2b00000|100%| O|  |TAMS 0x00000000a2b00000, 0x00000000a2a00000| Untracked 
|  43|0x00000000a2b00000, 0x00000000a2c00000, 0x00000000a2c00000|100%| O|  |TAMS 0x00000000a2c00000, 0x00000000a2b00000| Untracked 
|  44|0x00000000a2c00000, 0x00000000a2d00000, 0x00000000a2d00000|100%| O|  |TAMS 0x00000000a2d00000, 0x00000000a2c00000| Untracked 
|  45|0x00000000a2d00000, 0x00000000a2e00000, 0x00000000a2e00000|100%| O|  |TAMS 0x00000000a2e00000, 0x00000000a2d00000| Untracked 
|  46|0x00000000a2e00000, 0x00000000a2f00000, 0x00000000a2f00000|100%| O|  |TAMS 0x00000000a2f00000, 0x00000000a2e00000| Untracked 
|  47|0x00000000a2f00000, 0x00000000a3000000, 0x00000000a3000000|100%| O|  |TAMS 0x00000000a3000000, 0x00000000a2f00000| Untracked 
|  48|0x00000000a3000000, 0x00000000a3100000, 0x00000000a3100000|100%| O|  |TAMS 0x00000000a3100000, 0x00000000a3000000| Untracked 
|  49|0x00000000a3100000, 0x00000000a3200000, 0x00000000a3200000|100%| O|  |TAMS 0x00000000a3200000, 0x00000000a3100000| Untracked 
|  50|0x00000000a3200000, 0x00000000a3300000, 0x00000000a3300000|100%| O|  |TAMS 0x00000000a3300000, 0x00000000a3200000| Untracked 
|  51|0x00000000a3300000, 0x00000000a3400000, 0x00000000a3400000|100%|HS|  |TAMS 0x00000000a3400000, 0x00000000a3300000| Complete 
|  52|0x00000000a3400000, 0x00000000a3500000, 0x00000000a3500000|100%| O|  |TAMS 0x00000000a3500000, 0x00000000a3400000| Untracked 
|  53|0x00000000a3500000, 0x00000000a3600000, 0x00000000a3600000|100%| O|  |TAMS 0x00000000a3600000, 0x00000000a3500000| Untracked 
|  54|0x00000000a3600000, 0x00000000a3700000, 0x00000000a3700000|100%| O|  |TAMS 0x00000000a3700000, 0x00000000a3600000| Untracked 
|  55|0x00000000a3700000, 0x00000000a3800000, 0x00000000a3800000|100%| O|  |TAMS 0x00000000a3800000, 0x00000000a3700000| Untracked 
|  56|0x00000000a3800000, 0x00000000a3900000, 0x00000000a3900000|100%| O|  |TAMS 0x00000000a3900000, 0x00000000a3800000| Untracked 
|  57|0x00000000a3900000, 0x00000000a3a00000, 0x00000000a3a00000|100%| O|  |TAMS 0x00000000a3a00000, 0x00000000a3900000| Untracked 
|  58|0x00000000a3a00000, 0x00000000a3b00000, 0x00000000a3b00000|100%|HS|  |TAMS 0x00000000a3b00000, 0x00000000a3a00000| Complete 
|  59|0x00000000a3b00000, 0x00000000a3c00000, 0x00000000a3c00000|100%| O|  |TAMS 0x00000000a3c00000, 0x00000000a3b00000| Untracked 
|  60|0x00000000a3c00000, 0x00000000a3d00000, 0x00000000a3d00000|100%| O|  |TAMS 0x00000000a3d00000, 0x00000000a3c00000| Untracked 
|  61|0x00000000a3d00000, 0x00000000a3e00000, 0x00000000a3e00000|100%| O|  |TAMS 0x00000000a3e00000, 0x00000000a3d00000| Untracked 
|  62|0x00000000a3e00000, 0x00000000a3f00000, 0x00000000a3f00000|100%| O|  |TAMS 0x00000000a3f00000, 0x00000000a3e00000| Untracked 
|  63|0x00000000a3f00000, 0x00000000a4000000, 0x00000000a4000000|100%| O|  |TAMS 0x00000000a4000000, 0x00000000a3f00000| Untracked 
|  64|0x00000000a4000000, 0x00000000a4100000, 0x00000000a4100000|100%| O|  |TAMS 0x00000000a4100000, 0x00000000a4000000| Untracked 
|  65|0x00000000a4100000, 0x00000000a4200000, 0x00000000a4200000|100%| O|  |TAMS 0x00000000a4200000, 0x00000000a4100000| Untracked 
|  66|0x00000000a4200000, 0x00000000a4300000, 0x00000000a4300000|100%| O|  |TAMS 0x00000000a4300000, 0x00000000a4200000| Untracked 
|  67|0x00000000a4300000, 0x00000000a4400000, 0x00000000a4400000|100%| O|  |TAMS 0x00000000a4400000, 0x00000000a4300000| Untracked 
|  68|0x00000000a4400000, 0x00000000a4500000, 0x00000000a4500000|100%| O|  |TAMS 0x00000000a4500000, 0x00000000a4400000| Untracked 
|  69|0x00000000a4500000, 0x00000000a4600000, 0x00000000a4600000|100%| O|  |TAMS 0x00000000a45b4400, 0x00000000a4500000| Untracked 
|  70|0x00000000a4600000, 0x00000000a4700000, 0x00000000a4700000|100%| O|  |TAMS 0x00000000a4600000, 0x00000000a4600000| Untracked 
|  71|0x00000000a4700000, 0x00000000a4800000, 0x00000000a4800000|100%| O|  |TAMS 0x00000000a4700000, 0x00000000a4700000| Untracked 
|  72|0x00000000a4800000, 0x00000000a4900000, 0x00000000a4900000|100%| O|  |TAMS 0x00000000a4800000, 0x00000000a4800000| Untracked 
|  73|0x00000000a4900000, 0x00000000a4a00000, 0x00000000a4a00000|100%| O|  |TAMS 0x00000000a4900000, 0x00000000a4900000| Untracked 
|  74|0x00000000a4a00000, 0x00000000a4b00000, 0x00000000a4b00000|100%| O|  |TAMS 0x00000000a4a00000, 0x00000000a4a00000| Untracked 
|  75|0x00000000a4b00000, 0x00000000a4c00000, 0x00000000a4c00000|100%| O|  |TAMS 0x00000000a4b00000, 0x00000000a4b00000| Untracked 
|  76|0x00000000a4c00000, 0x00000000a4d00000, 0x00000000a4d00000|100%| O|  |TAMS 0x00000000a4c00000, 0x00000000a4c00000| Untracked 
|  77|0x00000000a4d00000, 0x00000000a4e00000, 0x00000000a4e00000|100%| O|  |TAMS 0x00000000a4d00000, 0x00000000a4d00000| Untracked 
|  78|0x00000000a4e00000, 0x00000000a4f00000, 0x00000000a4f00000|100%| O|  |TAMS 0x00000000a4e00000, 0x00000000a4e00000| Untracked 
|  79|0x00000000a4f00000, 0x00000000a5000000, 0x00000000a5000000|100%|HS|  |TAMS 0x00000000a4f00000, 0x00000000a4f00000| Complete 
|  80|0x00000000a5000000, 0x00000000a5100000, 0x00000000a5100000|100%| O|  |TAMS 0x00000000a5000000, 0x00000000a5000000| Untracked 
|  81|0x00000000a5100000, 0x00000000a5200000, 0x00000000a5200000|100%| O|  |TAMS 0x00000000a5100000, 0x00000000a5100000| Untracked 
|  82|0x00000000a5200000, 0x00000000a5300000, 0x00000000a5300000|100%| O|  |TAMS 0x00000000a5200000, 0x00000000a5200000| Untracked 
|  83|0x00000000a5300000, 0x00000000a5400000, 0x00000000a5400000|100%| O|  |TAMS 0x00000000a5300000, 0x00000000a5300000| Untracked 
|  84|0x00000000a5400000, 0x00000000a5500000, 0x00000000a5500000|100%| O|  |TAMS 0x00000000a5400000, 0x00000000a5400000| Untracked 
|  85|0x00000000a5500000, 0x00000000a5600000, 0x00000000a5600000|100%| O|  |TAMS 0x00000000a5500000, 0x00000000a5500000| Untracked 
|  86|0x00000000a5600000, 0x00000000a5700000, 0x00000000a5700000|100%| O|  |TAMS 0x00000000a5600000, 0x00000000a5600000| Untracked 
|  87|0x00000000a5700000, 0x00000000a5800000, 0x00000000a5800000|100%| O|  |TAMS 0x00000000a5700000, 0x00000000a5700000| Untracked 
|  88|0x00000000a5800000, 0x00000000a5900000, 0x00000000a5900000|100%| O|  |TAMS 0x00000000a5800000, 0x00000000a5800000| Untracked 
|  89|0x00000000a5900000, 0x00000000a5a00000, 0x00000000a5a00000|100%| O|  |TAMS 0x00000000a5900000, 0x00000000a5900000| Untracked 
|  90|0x00000000a5a00000, 0x00000000a5b00000, 0x00000000a5b00000|100%| O|  |TAMS 0x00000000a5a00000, 0x00000000a5a00000| Untracked 
|  91|0x00000000a5b00000, 0x00000000a5c00000, 0x00000000a5c00000|100%| O|  |TAMS 0x00000000a5b00000, 0x00000000a5b00000| Untracked 
|  92|0x00000000a5c00000, 0x00000000a5d00000, 0x00000000a5d00000|100%| O|  |TAMS 0x00000000a5c00000, 0x00000000a5c00000| Untracked 
|  93|0x00000000a5d00000, 0x00000000a5e00000, 0x00000000a5e00000|100%| O|  |TAMS 0x00000000a5d00000, 0x00000000a5d00000| Untracked 
|  94|0x00000000a5e00000, 0x00000000a5f00000, 0x00000000a5f00000|100%| O|  |TAMS 0x00000000a5e00000, 0x00000000a5e00000| Untracked 
|  95|0x00000000a5f00000, 0x00000000a6000000, 0x00000000a6000000|100%| O|  |TAMS 0x00000000a5f00000, 0x00000000a5f00000| Untracked 
|  96|0x00000000a6000000, 0x00000000a6100000, 0x00000000a6100000|100%| O|  |TAMS 0x00000000a6000000, 0x00000000a6000000| Untracked 
|  97|0x00000000a6100000, 0x00000000a6200000, 0x00000000a6200000|100%| O|  |TAMS 0x00000000a6100000, 0x00000000a6100000| Untracked 
|  98|0x00000000a6200000, 0x00000000a6300000, 0x00000000a6300000|100%| O|  |TAMS 0x00000000a6200000, 0x00000000a6200000| Untracked 
|  99|0x00000000a6300000, 0x00000000a6400000, 0x00000000a6400000|100%| O|  |TAMS 0x00000000a6300000, 0x00000000a6300000| Untracked 
| 100|0x00000000a6400000, 0x00000000a6500000, 0x00000000a6500000|100%| O|  |TAMS 0x00000000a6400000, 0x00000000a6400000| Untracked 
| 101|0x00000000a6500000, 0x00000000a6600000, 0x00000000a6600000|100%| O|  |TAMS 0x00000000a6500000, 0x00000000a6500000| Untracked 
| 102|0x00000000a6600000, 0x00000000a6700000, 0x00000000a6700000|100%| O|  |TAMS 0x00000000a6600000, 0x00000000a6600000| Untracked 
| 103|0x00000000a6700000, 0x00000000a6800000, 0x00000000a6800000|100%| O|  |TAMS 0x00000000a6700000, 0x00000000a6700000| Untracked 
| 104|0x00000000a6800000, 0x00000000a6900000, 0x00000000a6900000|100%| O|  |TAMS 0x00000000a6800000, 0x00000000a6800000| Untracked 
| 105|0x00000000a6900000, 0x00000000a6a00000, 0x00000000a6a00000|100%| O|  |TAMS 0x00000000a6900000, 0x00000000a6900000| Untracked 
| 106|0x00000000a6a00000, 0x00000000a6b00000, 0x00000000a6b00000|100%| O|  |TAMS 0x00000000a6a00000, 0x00000000a6a00000| Untracked 
| 107|0x00000000a6b00000, 0x00000000a6c00000, 0x00000000a6c00000|100%| O|  |TAMS 0x00000000a6b00000, 0x00000000a6b00000| Untracked 
| 108|0x00000000a6c00000, 0x00000000a6d00000, 0x00000000a6d00000|100%| O|  |TAMS 0x00000000a6c00000, 0x00000000a6c00000| Untracked 
| 109|0x00000000a6d00000, 0x00000000a6e00000, 0x00000000a6e00000|100%| O|  |TAMS 0x00000000a6d00000, 0x00000000a6d00000| Untracked 
| 110|0x00000000a6e00000, 0x00000000a6f00000, 0x00000000a6f00000|100%| O|  |TAMS 0x00000000a6e00000, 0x00000000a6e00000| Untracked 
| 111|0x00000000a6f00000, 0x00000000a7000000, 0x00000000a7000000|100%| O|  |TAMS 0x00000000a6f00000, 0x00000000a6f00000| Untracked 
| 112|0x00000000a7000000, 0x00000000a7100000, 0x00000000a7100000|100%| O|  |TAMS 0x00000000a7000000, 0x00000000a7000000| Untracked 
| 113|0x00000000a7100000, 0x00000000a7200000, 0x00000000a7200000|100%| O|  |TAMS 0x00000000a7100000, 0x00000000a7100000| Untracked 
| 114|0x00000000a7200000, 0x00000000a7300000, 0x00000000a7300000|100%| O|  |TAMS 0x00000000a7200000, 0x00000000a7200000| Untracked 
| 115|0x00000000a7300000, 0x00000000a7400000, 0x00000000a7400000|100%| O|  |TAMS 0x00000000a7300000, 0x00000000a7300000| Untracked 
| 116|0x00000000a7400000, 0x00000000a7500000, 0x00000000a7500000|100%| O|  |TAMS 0x00000000a7400000, 0x00000000a7400000| Untracked 
| 117|0x00000000a7500000, 0x00000000a7600000, 0x00000000a7600000|100%| O|  |TAMS 0x00000000a7500000, 0x00000000a7500000| Untracked 
| 118|0x00000000a7600000, 0x00000000a7700000, 0x00000000a7700000|100%| O|  |TAMS 0x00000000a7600000, 0x00000000a7600000| Untracked 
| 119|0x00000000a7700000, 0x00000000a7800000, 0x00000000a7800000|100%| O|  |TAMS 0x00000000a7700000, 0x00000000a7700000| Untracked 
| 120|0x00000000a7800000, 0x00000000a7900000, 0x00000000a7900000|100%| O|  |TAMS 0x00000000a7800000, 0x00000000a7800000| Untracked 
| 121|0x00000000a7900000, 0x00000000a7a00000, 0x00000000a7a00000|100%| O|  |TAMS 0x00000000a7900000, 0x00000000a7900000| Untracked 
| 122|0x00000000a7a00000, 0x00000000a7b00000, 0x00000000a7b00000|100%| O|  |TAMS 0x00000000a7a00000, 0x00000000a7a00000| Untracked 
| 123|0x00000000a7b00000, 0x00000000a7c00000, 0x00000000a7c00000|100%| O|  |TAMS 0x00000000a7b00000, 0x00000000a7b00000| Untracked 
| 124|0x00000000a7c00000, 0x00000000a7d00000, 0x00000000a7d00000|100%| O|  |TAMS 0x00000000a7c00000, 0x00000000a7c00000| Untracked 
| 125|0x00000000a7d00000, 0x00000000a7e00000, 0x00000000a7e00000|100%| O|  |TAMS 0x00000000a7d00000, 0x00000000a7d00000| Untracked 
| 126|0x00000000a7e00000, 0x00000000a7f00000, 0x00000000a7f00000|100%| O|  |TAMS 0x00000000a7e00000, 0x00000000a7e00000| Untracked 
| 127|0x00000000a7f00000, 0x00000000a8000000, 0x00000000a8000000|100%| O|  |TAMS 0x00000000a7f00000, 0x00000000a7f00000| Untracked 
| 128|0x00000000a8000000, 0x00000000a8100000, 0x00000000a8100000|100%| O|  |TAMS 0x00000000a8000000, 0x00000000a8000000| Untracked 
| 129|0x00000000a8100000, 0x00000000a8200000, 0x00000000a8200000|100%| O|  |TAMS 0x00000000a8100000, 0x00000000a8100000| Untracked 
| 130|0x00000000a8200000, 0x00000000a8300000, 0x00000000a8300000|100%| O|  |TAMS 0x00000000a8200000, 0x00000000a8200000| Untracked 
| 131|0x00000000a8300000, 0x00000000a8400000, 0x00000000a8400000|100%|HS|  |TAMS 0x00000000a8300000, 0x00000000a8300000| Complete 
| 132|0x00000000a8400000, 0x00000000a8500000, 0x00000000a8500000|100%|HC|  |TAMS 0x00000000a8400000, 0x00000000a8400000| Complete 
| 133|0x00000000a8500000, 0x00000000a8600000, 0x00000000a8600000|100%| O|  |TAMS 0x00000000a8500000, 0x00000000a8500000| Untracked 
| 134|0x00000000a8600000, 0x00000000a8700000, 0x00000000a8700000|100%| O|  |TAMS 0x00000000a8600000, 0x00000000a8600000| Untracked 
| 135|0x00000000a8700000, 0x00000000a8800000, 0x00000000a8800000|100%| O|  |TAMS 0x00000000a8700000, 0x00000000a8700000| Untracked 
| 136|0x00000000a8800000, 0x00000000a8900000, 0x00000000a8900000|100%| O|  |TAMS 0x00000000a8800000, 0x00000000a8800000| Untracked 
| 137|0x00000000a8900000, 0x00000000a8a00000, 0x00000000a8a00000|100%| O|  |TAMS 0x00000000a8900000, 0x00000000a8900000| Untracked 
| 138|0x00000000a8a00000, 0x00000000a8b00000, 0x00000000a8b00000|100%| O|  |TAMS 0x00000000a8a00000, 0x00000000a8a00000| Untracked 
| 139|0x00000000a8b00000, 0x00000000a8c00000, 0x00000000a8c00000|100%| O|  |TAMS 0x00000000a8b00000, 0x00000000a8b00000| Untracked 
| 140|0x00000000a8c00000, 0x00000000a8d00000, 0x00000000a8d00000|100%| O|  |TAMS 0x00000000a8c00000, 0x00000000a8c00000| Untracked 
| 141|0x00000000a8d00000, 0x00000000a8e00000, 0x00000000a8e00000|100%| O|  |TAMS 0x00000000a8d00000, 0x00000000a8d00000| Untracked 
| 142|0x00000000a8e00000, 0x00000000a8f00000, 0x00000000a8f00000|100%| O|  |TAMS 0x00000000a8e00000, 0x00000000a8e00000| Untracked 
| 143|0x00000000a8f00000, 0x00000000a9000000, 0x00000000a9000000|100%| O|  |TAMS 0x00000000a8f00000, 0x00000000a8f00000| Untracked 
| 144|0x00000000a9000000, 0x00000000a9100000, 0x00000000a9100000|100%| O|  |TAMS 0x00000000a9000000, 0x00000000a9000000| Untracked 
| 145|0x00000000a9100000, 0x00000000a9200000, 0x00000000a9200000|100%| O|  |TAMS 0x00000000a9100000, 0x00000000a9100000| Untracked 
| 146|0x00000000a9200000, 0x00000000a9300000, 0x00000000a9300000|100%| O|  |TAMS 0x00000000a9200000, 0x00000000a9200000| Untracked 
| 147|0x00000000a9300000, 0x00000000a9400000, 0x00000000a9400000|100%| O|  |TAMS 0x00000000a9300000, 0x00000000a9300000| Untracked 
| 148|0x00000000a9400000, 0x00000000a9500000, 0x00000000a9500000|100%| O|  |TAMS 0x00000000a9400000, 0x00000000a9400000| Untracked 
| 149|0x00000000a9500000, 0x00000000a9600000, 0x00000000a9600000|100%| O|  |TAMS 0x00000000a9500000, 0x00000000a9500000| Untracked 
| 150|0x00000000a9600000, 0x00000000a9700000, 0x00000000a9700000|100%| O|  |TAMS 0x00000000a9600000, 0x00000000a9600000| Untracked 
| 151|0x00000000a9700000, 0x00000000a9800000, 0x00000000a9800000|100%| O|  |TAMS 0x00000000a9700000, 0x00000000a9700000| Untracked 
| 152|0x00000000a9800000, 0x00000000a9900000, 0x00000000a9900000|100%| O|  |TAMS 0x00000000a9800000, 0x00000000a9800000| Untracked 
| 153|0x00000000a9900000, 0x00000000a9a00000, 0x00000000a9a00000|100%| O|  |TAMS 0x00000000a9900000, 0x00000000a9900000| Untracked 
| 154|0x00000000a9a00000, 0x00000000a9a2d800, 0x00000000a9b00000| 17%| O|  |TAMS 0x00000000a9a00000, 0x00000000a9a00000| Untracked 
| 155|0x00000000a9b00000, 0x00000000a9b00000, 0x00000000a9c00000|  0%| F|  |TAMS 0x00000000a9b00000, 0x00000000a9b00000| Untracked 
| 156|0x00000000a9c00000, 0x00000000a9c00000, 0x00000000a9d00000|  0%| F|  |TAMS 0x00000000a9c00000, 0x00000000a9c00000| Untracked 
| 157|0x00000000a9d00000, 0x00000000a9d00000, 0x00000000a9e00000|  0%| F|  |TAMS 0x00000000a9d00000, 0x00000000a9d00000| Untracked 
| 158|0x00000000a9e00000, 0x00000000a9e00000, 0x00000000a9f00000|  0%| F|  |TAMS 0x00000000a9e00000, 0x00000000a9e00000| Untracked 
| 159|0x00000000a9f00000, 0x00000000a9f00000, 0x00000000aa000000|  0%| F|  |TAMS 0x00000000a9f00000, 0x00000000a9f00000| Untracked 
| 160|0x00000000aa000000, 0x00000000aa000000, 0x00000000aa100000|  0%| F|  |TAMS 0x00000000aa000000, 0x00000000aa000000| Untracked 
| 161|0x00000000aa100000, 0x00000000aa100000, 0x00000000aa200000|  0%| F|  |TAMS 0x00000000aa100000, 0x00000000aa100000| Untracked 
| 162|0x00000000aa200000, 0x00000000aa200000, 0x00000000aa300000|  0%| F|  |TAMS 0x00000000aa200000, 0x00000000aa200000| Untracked 
| 163|0x00000000aa300000, 0x00000000aa300000, 0x00000000aa400000|  0%| F|  |TAMS 0x00000000aa300000, 0x00000000aa300000| Untracked 
| 164|0x00000000aa400000, 0x00000000aa400000, 0x00000000aa500000|  0%| F|  |TAMS 0x00000000aa400000, 0x00000000aa400000| Untracked 
| 165|0x00000000aa500000, 0x00000000aa500000, 0x00000000aa600000|  0%| F|  |TAMS 0x00000000aa500000, 0x00000000aa500000| Untracked 
| 166|0x00000000aa600000, 0x00000000aa600000, 0x00000000aa700000|  0%| F|  |TAMS 0x00000000aa600000, 0x00000000aa600000| Untracked 
| 167|0x00000000aa700000, 0x00000000aa700000, 0x00000000aa800000|  0%| F|  |TAMS 0x00000000aa700000, 0x00000000aa700000| Untracked 
| 168|0x00000000aa800000, 0x00000000aa800000, 0x00000000aa900000|  0%| F|  |TAMS 0x00000000aa800000, 0x00000000aa800000| Untracked 
| 169|0x00000000aa900000, 0x00000000aa900000, 0x00000000aaa00000|  0%| F|  |TAMS 0x00000000aa900000, 0x00000000aa900000| Untracked 
| 170|0x00000000aaa00000, 0x00000000aaa00000, 0x00000000aab00000|  0%| F|  |TAMS 0x00000000aaa00000, 0x00000000aaa00000| Untracked 
| 171|0x00000000aab00000, 0x00000000aab00000, 0x00000000aac00000|  0%| F|  |TAMS 0x00000000aab00000, 0x00000000aab00000| Untracked 
| 172|0x00000000aac00000, 0x00000000aac00000, 0x00000000aad00000|  0%| F|  |TAMS 0x00000000aac00000, 0x00000000aac00000| Untracked 
| 173|0x00000000aad00000, 0x00000000aad00000, 0x00000000aae00000|  0%| F|  |TAMS 0x00000000aad00000, 0x00000000aad00000| Untracked 
| 174|0x00000000aae00000, 0x00000000aae00000, 0x00000000aaf00000|  0%| F|  |TAMS 0x00000000aae00000, 0x00000000aae00000| Untracked 
| 175|0x00000000aaf00000, 0x00000000aaf00000, 0x00000000ab000000|  0%| F|  |TAMS 0x00000000aaf00000, 0x00000000aaf00000| Untracked 
| 176|0x00000000ab000000, 0x00000000ab000000, 0x00000000ab100000|  0%| F|  |TAMS 0x00000000ab000000, 0x00000000ab000000| Untracked 
| 177|0x00000000ab100000, 0x00000000ab100000, 0x00000000ab200000|  0%| F|  |TAMS 0x00000000ab100000, 0x00000000ab100000| Untracked 
| 178|0x00000000ab200000, 0x00000000ab200000, 0x00000000ab300000|  0%| F|  |TAMS 0x00000000ab200000, 0x00000000ab200000| Untracked 
| 179|0x00000000ab300000, 0x00000000ab300000, 0x00000000ab400000|  0%| F|  |TAMS 0x00000000ab300000, 0x00000000ab300000| Untracked 
| 180|0x00000000ab400000, 0x00000000ab400000, 0x00000000ab500000|  0%| F|  |TAMS 0x00000000ab400000, 0x00000000ab400000| Untracked 
| 181|0x00000000ab500000, 0x00000000ab500000, 0x00000000ab600000|  0%| F|  |TAMS 0x00000000ab500000, 0x00000000ab500000| Untracked 
| 182|0x00000000ab600000, 0x00000000ab700000, 0x00000000ab700000|100%| S|CS|TAMS 0x00000000ab600000, 0x00000000ab600000| Complete 
| 183|0x00000000ab700000, 0x00000000ab800000, 0x00000000ab800000|100%| S|CS|TAMS 0x00000000ab700000, 0x00000000ab700000| Complete 
| 184|0x00000000ab800000, 0x00000000ab800000, 0x00000000ab900000|  0%| F|  |TAMS 0x00000000ab800000, 0x00000000ab800000| Untracked 
| 185|0x00000000ab900000, 0x00000000ab900000, 0x00000000aba00000|  0%| F|  |TAMS 0x00000000ab900000, 0x00000000ab900000| Untracked 
| 186|0x00000000aba00000, 0x00000000aba00000, 0x00000000abb00000|  0%| F|  |TAMS 0x00000000aba00000, 0x00000000aba00000| Untracked 
| 187|0x00000000abb00000, 0x00000000abb00000, 0x00000000abc00000|  0%| F|  |TAMS 0x00000000abb00000, 0x00000000abb00000| Untracked 
| 188|0x00000000abc00000, 0x00000000abd00000, 0x00000000abd00000|100%| S|CS|TAMS 0x00000000abc00000, 0x00000000abc00000| Complete 
| 189|0x00000000abd00000, 0x00000000abe00000, 0x00000000abe00000|100%| S|CS|TAMS 0x00000000abd00000, 0x00000000abd00000| Complete 
| 190|0x00000000abe00000, 0x00000000abe00000, 0x00000000abf00000|  0%| F|  |TAMS 0x00000000abe00000, 0x00000000abe00000| Untracked 
| 191|0x00000000abf00000, 0x00000000abf00000, 0x00000000ac000000|  0%| F|  |TAMS 0x00000000abf00000, 0x00000000abf00000| Untracked 
| 192|0x00000000ac000000, 0x00000000ac000000, 0x00000000ac100000|  0%| F|  |TAMS 0x00000000ac000000, 0x00000000ac000000| Untracked 
| 193|0x00000000ac100000, 0x00000000ac100000, 0x00000000ac200000|  0%| F|  |TAMS 0x00000000ac100000, 0x00000000ac100000| Untracked 
| 194|0x00000000ac200000, 0x00000000ac200000, 0x00000000ac300000|  0%| F|  |TAMS 0x00000000ac200000, 0x00000000ac200000| Untracked 
| 195|0x00000000ac300000, 0x00000000ac300000, 0x00000000ac400000|  0%| F|  |TAMS 0x00000000ac300000, 0x00000000ac300000| Untracked 
| 196|0x00000000ac400000, 0x00000000ac400000, 0x00000000ac500000|  0%| F|  |TAMS 0x00000000ac400000, 0x00000000ac400000| Untracked 
| 197|0x00000000ac500000, 0x00000000ac500000, 0x00000000ac600000|  0%| F|  |TAMS 0x00000000ac500000, 0x00000000ac500000| Untracked 
| 198|0x00000000ac600000, 0x00000000ac600000, 0x00000000ac700000|  0%| F|  |TAMS 0x00000000ac600000, 0x00000000ac600000| Untracked 
| 199|0x00000000ac700000, 0x00000000ac700000, 0x00000000ac800000|  0%| F|  |TAMS 0x00000000ac700000, 0x00000000ac700000| Untracked 
| 200|0x00000000ac800000, 0x00000000ac800000, 0x00000000ac900000|  0%| F|  |TAMS 0x00000000ac800000, 0x00000000ac800000| Untracked 
| 201|0x00000000ac900000, 0x00000000ac900000, 0x00000000aca00000|  0%| F|  |TAMS 0x00000000ac900000, 0x00000000ac900000| Untracked 
| 202|0x00000000aca00000, 0x00000000aca00000, 0x00000000acb00000|  0%| F|  |TAMS 0x00000000aca00000, 0x00000000aca00000| Untracked 
| 203|0x00000000acb00000, 0x00000000acb00000, 0x00000000acc00000|  0%| F|  |TAMS 0x00000000acb00000, 0x00000000acb00000| Untracked 
| 204|0x00000000acc00000, 0x00000000acc00000, 0x00000000acd00000|  0%| F|  |TAMS 0x00000000acc00000, 0x00000000acc00000| Untracked 
| 205|0x00000000acd00000, 0x00000000acd00000, 0x00000000ace00000|  0%| F|  |TAMS 0x00000000acd00000, 0x00000000acd00000| Untracked 
| 206|0x00000000ace00000, 0x00000000ace00000, 0x00000000acf00000|  0%| F|  |TAMS 0x00000000ace00000, 0x00000000ace00000| Untracked 
| 207|0x00000000acf00000, 0x00000000acf00000, 0x00000000ad000000|  0%| F|  |TAMS 0x00000000acf00000, 0x00000000acf00000| Untracked 
| 208|0x00000000ad000000, 0x00000000ad000000, 0x00000000ad100000|  0%| F|  |TAMS 0x00000000ad000000, 0x00000000ad000000| Untracked 
| 209|0x00000000ad100000, 0x00000000ad100000, 0x00000000ad200000|  0%| F|  |TAMS 0x00000000ad100000, 0x00000000ad100000| Untracked 
| 210|0x00000000ad200000, 0x00000000ad200000, 0x00000000ad300000|  0%| F|  |TAMS 0x00000000ad200000, 0x00000000ad200000| Untracked 
| 211|0x00000000ad300000, 0x00000000ad300000, 0x00000000ad400000|  0%| F|  |TAMS 0x00000000ad300000, 0x00000000ad300000| Untracked 

Card table byte_map: [0x000001df15700000,0x000001df15a00000] _byte_map_base: 0x000001df15200000

Marking Bits (Prev, Next): (CMBitMap*) 0x000001df02c5a070, (CMBitMap*) 0x000001df02c5a030
 Prev Bits: [0x000001df17500000, 0x000001df18d00000)
 Next Bits: [0x000001df15d00000, 0x000001df17500000)

Polling page: 0x000001df00bc0000

Metaspace:

Usage:
  Non-class:     94.16 MB used.
      Class:     14.81 MB used.
       Both:    108.97 MB used.

Virtual space:
  Non-class space:       96.00 MB reserved,      94.69 MB ( 99%) committed,  12 nodes.
      Class space:        1.00 GB reserved,      15.25 MB (  1%) committed,  1 nodes.
             Both:        1.09 GB reserved,     109.94 MB ( 10%) committed. 

Chunk freelists:
   Non-Class:  1.22 MB
       Class:  735.00 KB
        Both:  1.94 MB

MaxMetaspaceSize: unlimited
CompressedClassSpaceSize: 1.00 GB
Initial GC threshold: 21.00 MB
Current GC threshold: 118.12 MB
CDS: off
MetaspaceReclaimPolicy: balanced
 - commit_granule_bytes: 65536.
 - commit_granule_words: 8192.
 - virtual_space_node_default_size: 1048576.
 - enlarge_chunks_in_place: 1.
 - new_chunks_are_fully_committed: 0.
 - uncommit_free_chunks: 1.
 - use_allocation_guard: 0.
 - handle_deallocations: 1.


Internal statistics:

num_allocs_failed_limit: 11.
num_arena_births: 1276.
num_arena_deaths: 0.
num_vsnodes_births: 13.
num_vsnodes_deaths: 0.
num_space_committed: 1759.
num_space_uncommitted: 0.
num_chunks_returned_to_freelist: 11.
num_chunks_taken_from_freelist: 5621.
num_chunk_merges: 6.
num_chunk_splits: 3669.
num_chunks_enlarged: 2376.
num_purges: 0.
num_inconsistent_stats: 0.

CodeHeap 'non-profiled nmethods': size=120000Kb used=8509Kb max_used=9137Kb free=111490Kb
 bounds [0x000001df0dba0000, 0x000001df0e490000, 0x000001df150d0000]
CodeHeap 'profiled nmethods': size=120000Kb used=25549Kb max_used=26966Kb free=94450Kb
 bounds [0x000001df060d0000, 0x000001df07b30000, 0x000001df0d600000]
CodeHeap 'non-nmethods': size=5760Kb used=2434Kb max_used=2507Kb free=3325Kb
 bounds [0x000001df0d600000, 0x000001df0d880000, 0x000001df0dba0000]
 total_blobs=14228 nmethods=13251 adapters=889
 compilation: enabled
              stopped_count=0, restarted_count=0
 full_count=0

Compilation events (20 events):
Event: 31.814 Thread 0x000001df1c143290 nmethod 15758 0x000001df07063c10 code [0x000001df07063da0, 0x000001df07063e98]
Event: 31.814 Thread 0x000001df1c143290 15737       2       com.android.tools.r8.graph.F1::i (72 bytes)
Event: 31.814 Thread 0x000001df1c143290 nmethod 15737 0x000001df06df7890 code [0x000001df06df7ac0, 0x000001df06df7dc8]
Event: 31.814 Thread 0x000001df1c143290 15752       2       com.android.tools.r8.internal.Ct::a (25 bytes)
Event: 31.815 Thread 0x000001df1c143290 nmethod 15752 0x000001df06aac510 code [0x000001df06aac700, 0x000001df06aaca88]
Event: 31.815 Thread 0x000001df1c143290 15766       2       com.android.tools.r8.internal.jm::c (23 bytes)
Event: 31.815 Thread 0x000001df1c143290 nmethod 15766 0x000001df06cf2910 code [0x000001df06cf2ac0, 0x000001df06cf2c18]
Event: 31.815 Thread 0x000001df1c143290 15756       2       com.android.tools.r8.internal.nl::a (10 bytes)
Event: 31.816 Thread 0x000001df1c143290 nmethod 15756 0x000001df0706e610 code [0x000001df0706e7a0, 0x000001df0706e898]
Event: 31.816 Thread 0x000001df1c143290 15761       2       com.android.tools.r8.graph.p2::a (38 bytes)
Event: 31.816 Thread 0x000001df1c143290 nmethod 15761 0x000001df070c5b10 code [0x000001df070c5ca0, 0x000001df070c5db8]
Event: 31.816 Thread 0x000001df1c143290 15742       2       com.android.tools.r8.graph.W2::a (49 bytes)
Event: 31.816 Thread 0x000001df1c143290 nmethod 15742 0x000001df06e51210 code [0x000001df06e513c0, 0x000001df06e51628]
Event: 31.816 Thread 0x000001df1c143290 15727       2       com.android.tools.r8.graph.m0::a (7 bytes)
Event: 31.816 Thread 0x000001df1c143290 nmethod 15727 0x000001df07117510 code [0x000001df071176a0, 0x000001df071177f8]
Event: 31.816 Thread 0x000001df1c143290 15730       2       com.android.tools.r8.internal.Xi::a (4 bytes)
Event: 31.816 Thread 0x000001df1c143290 nmethod 15730 0x000001df0721e210 code [0x000001df0721e3a0, 0x000001df0721e498]
Event: 31.816 Thread 0x000001df1c143290 15745       2       com.android.tools.r8.graph.n2::a (62 bytes)
Event: 31.817 Thread 0x000001df1c143290 nmethod 15745 0x000001df06f8bc10 code [0x000001df06f8bdc0, 0x000001df06f8c0f8]
Event: 31.817 Thread 0x000001df1c143290 15768       2       com.android.tools.r8.internal.xa::<init> (445 bytes)

GC Heap History (20 events):
Event: 20.035 GC heap after
{Heap after GC invocations=39 (full 0):
 garbage-first heap   total 217088K, used 113379K [0x00000000a0000000, 0x0000000100000000)
  region size 1024K, 9 young (9216K), 9 survivors (9216K)
 Metaspace       used 92846K, committed 93696K, reserved 1130496K
  class space    used 12571K, committed 12928K, reserved 1048576K
}
Event: 21.529 GC heap before
{Heap before GC invocations=39 (full 0):
 garbage-first heap   total 217088K, used 168675K [0x00000000a0000000, 0x0000000100000000)
  region size 1024K, 64 young (65536K), 9 survivors (9216K)
 Metaspace       used 96314K, committed 97152K, reserved 1138688K
  class space    used 13023K, committed 13376K, reserved 1048576K
}
Event: 21.541 GC heap after
{Heap after GC invocations=40 (full 0):
 garbage-first heap   total 217088K, used 120068K [0x00000000a0000000, 0x0000000100000000)
  region size 1024K, 6 young (6144K), 6 survivors (6144K)
 Metaspace       used 96314K, committed 97152K, reserved 1138688K
  class space    used 13023K, committed 13376K, reserved 1048576K
}
Event: 27.759 GC heap before
{Heap before GC invocations=40 (full 0):
 garbage-first heap   total 217088K, used 173316K [0x00000000a0000000, 0x0000000100000000)
  region size 1024K, 58 young (59392K), 6 survivors (6144K)
 Metaspace       used 97867K, committed 98816K, reserved 1138688K
  class space    used 13317K, committed 13760K, reserved 1048576K
}
Event: 27.771 GC heap after
{Heap after GC invocations=41 (full 0):
 garbage-first heap   total 217088K, used 125165K [0x00000000a0000000, 0x0000000100000000)
  region size 1024K, 5 young (5120K), 5 survivors (5120K)
 Metaspace       used 97867K, committed 98816K, reserved 1138688K
  class space    used 13317K, committed 13760K, reserved 1048576K
}
Event: 29.209 GC heap before
{Heap before GC invocations=41 (full 0):
 garbage-first heap   total 217088K, used 175341K [0x00000000a0000000, 0x0000000100000000)
  region size 1024K, 55 young (56320K), 5 survivors (5120K)
 Metaspace       used 98983K, committed 99904K, reserved 1138688K
  class space    used 13454K, committed 13888K, reserved 1048576K
}
Event: 29.217 GC heap after
{Heap after GC invocations=42 (full 0):
 garbage-first heap   total 217088K, used 128880K [0x00000000a0000000, 0x0000000100000000)
  region size 1024K, 4 young (4096K), 4 survivors (4096K)
 Metaspace       used 98983K, committed 99904K, reserved 1138688K
  class space    used 13454K, committed 13888K, reserved 1048576K
}
Event: 29.973 GC heap before
{Heap before GC invocations=42 (full 0):
 garbage-first heap   total 217088K, used 178032K [0x00000000a0000000, 0x0000000100000000)
  region size 1024K, 53 young (54272K), 4 survivors (4096K)
 Metaspace       used 102351K, committed 103296K, reserved 1138688K
  class space    used 13928K, committed 14336K, reserved 1048576K
}
Event: 29.981 GC heap after
{Heap after GC invocations=43 (full 0):
 garbage-first heap   total 217088K, used 132412K [0x00000000a0000000, 0x0000000100000000)
  region size 1024K, 4 young (4096K), 4 survivors (4096K)
 Metaspace       used 102351K, committed 103296K, reserved 1138688K
  class space    used 13928K, committed 14336K, reserved 1048576K
}
Event: 31.042 GC heap before
{Heap before GC invocations=43 (full 0):
 garbage-first heap   total 217088K, used 179516K [0x00000000a0000000, 0x0000000100000000)
  region size 1024K, 51 young (52224K), 4 survivors (4096K)
 Metaspace       used 106980K, committed 107968K, reserved 1146880K
  class space    used 14484K, committed 14912K, reserved 1048576K
}
Event: 31.052 GC heap after
{Heap after GC invocations=44 (full 0):
 garbage-first heap   total 217088K, used 136572K [0x00000000a0000000, 0x0000000100000000)
  region size 1024K, 7 young (7168K), 7 survivors (7168K)
 Metaspace       used 106980K, committed 107968K, reserved 1146880K
  class space    used 14484K, committed 14912K, reserved 1048576K
}
Event: 31.244 GC heap before
{Heap before GC invocations=44 (full 0):
 garbage-first heap   total 217088K, used 188796K [0x00000000a0000000, 0x0000000100000000)
  region size 1024K, 51 young (52224K), 7 survivors (7168K)
 Metaspace       used 107609K, committed 108608K, reserved 1146880K
  class space    used 14590K, committed 15040K, reserved 1048576K
}
Event: 31.257 GC heap after
{Heap after GC invocations=45 (full 0):
 garbage-first heap   total 217088K, used 143975K [0x00000000a0000000, 0x0000000100000000)
  region size 1024K, 6 young (6144K), 6 survivors (6144K)
 Metaspace       used 107609K, committed 108608K, reserved 1146880K
  class space    used 14590K, committed 15040K, reserved 1048576K
}
Event: 31.363 GC heap before
{Heap before GC invocations=45 (full 0):
 garbage-first heap   total 217088K, used 180839K [0x00000000a0000000, 0x0000000100000000)
  region size 1024K, 43 young (44032K), 6 survivors (6144K)
 Metaspace       used 108349K, committed 109376K, reserved 1146880K
  class space    used 14698K, committed 15168K, reserved 1048576K
}
Event: 31.371 GC heap after
{Heap after GC invocations=46 (full 0):
 garbage-first heap   total 217088K, used 151264K [0x00000000a0000000, 0x0000000100000000)
  region size 1024K, 6 young (6144K), 6 survivors (6144K)
 Metaspace       used 108349K, committed 109376K, reserved 1146880K
  class space    used 14698K, committed 15168K, reserved 1048576K
}
Event: 31.491 GC heap before
{Heap before GC invocations=46 (full 0):
 garbage-first heap   total 217088K, used 181984K [0x00000000a0000000, 0x0000000100000000)
  region size 1024K, 37 young (37888K), 6 survivors (6144K)
 Metaspace       used 109129K, committed 110080K, reserved 1146880K
  class space    used 14811K, committed 15232K, reserved 1048576K
}
Event: 31.497 GC heap after
{Heap after GC invocations=47 (full 0):
 garbage-first heap   total 217088K, used 157584K [0x00000000a0000000, 0x0000000100000000)
  region size 1024K, 5 young (5120K), 5 survivors (5120K)
 Metaspace       used 109129K, committed 110080K, reserved 1146880K
  class space    used 14811K, committed 15232K, reserved 1048576K
}
Event: 31.653 GC heap before
{Heap before GC invocations=47 (full 0):
 garbage-first heap   total 217088K, used 181136K [0x00000000a0000000, 0x0000000100000000)
  region size 1024K, 29 young (29696K), 5 survivors (5120K)
 Metaspace       used 110432K, committed 111424K, reserved 1146880K
  class space    used 15014K, committed 15488K, reserved 1048576K
}
Event: 31.658 GC heap after
{Heap after GC invocations=48 (full 0):
 garbage-first heap   total 217088K, used 159658K [0x00000000a0000000, 0x0000000100000000)
  region size 1024K, 4 young (4096K), 4 survivors (4096K)
 Metaspace       used 110432K, committed 111424K, reserved 1146880K
  class space    used 15014K, committed 15488K, reserved 1048576K
}
Event: 31.817 GC heap before
{Heap before GC invocations=48 (full 0):
 garbage-first heap   total 217088K, used 182186K [0x00000000a0000000, 0x0000000100000000)
  region size 1024K, 26 young (26624K), 4 survivors (4096K)
 Metaspace       used 111586K, committed 112576K, reserved 1146880K
  class space    used 15169K, committed 15616K, reserved 1048576K
}

Dll operation events (2 events):
Event: 0.027 Loaded shared library C:\Program Files\Android\Android Studio\jbr\bin\java.dll
Event: 0.514 Loaded shared library C:\Program Files\Android\Android Studio\jbr\bin\verify.dll

Deoptimization events (20 events):
Event: 31.647 Thread 0x000001df2231d2f0 Uncommon trap: trap_request=0xffffff45 fr.pc=0x000001df0de1e9b0 relative=0x00000000000024f0
Event: 31.647 Thread 0x000001df2231d2f0 Uncommon trap: reason=unstable_if action=reinterpret pc=0x000001df0de1e9b0 method=java.util.WeakHashMap.remove(Ljava/lang/Object;)Ljava/lang/Object; @ 92 c2
Event: 31.647 Thread 0x000001df2231d2f0 DEOPT PACKING pc=0x000001df0de1e9b0 sp=0x00000002384f9cc0
Event: 31.647 Thread 0x000001df2231d2f0 DEOPT UNPACKING pc=0x000001df0d6569a3 sp=0x00000002384f9bb8 mode 2
Event: 31.651 Thread 0x000001df22891560 Uncommon trap: trap_request=0xffffff45 fr.pc=0x000001df0e3e8760 relative=0x00000000000008c0
Event: 31.651 Thread 0x000001df22891560 Uncommon trap: reason=unstable_if action=reinterpret pc=0x000001df0e3e8760 method=com.android.tools.r8.graph.c1.a(C)I @ 1 c2
Event: 31.651 Thread 0x000001df22891560 DEOPT PACKING pc=0x000001df0e3e8760 sp=0x0000000237efa070
Event: 31.652 Thread 0x000001df22891560 DEOPT UNPACKING pc=0x000001df0d6569a3 sp=0x0000000237ef9fc0 mode 2
Event: 31.652 Thread 0x000001df22891560 Uncommon trap: trap_request=0xffffff45 fr.pc=0x000001df0e29eaf8 relative=0x0000000000000078
Event: 31.652 Thread 0x000001df22891560 Uncommon trap: reason=unstable_if action=reinterpret pc=0x000001df0e29eaf8 method=com.android.tools.r8.graph.c1.a(C[BI)I @ 1 c2
Event: 31.652 Thread 0x000001df22891560 DEOPT PACKING pc=0x000001df0e29eaf8 sp=0x0000000237efa000
Event: 31.652 Thread 0x000001df22891560 DEOPT UNPACKING pc=0x000001df0d6569a3 sp=0x0000000237ef9fa0 mode 2
Event: 31.697 Thread 0x000001df22891560 Uncommon trap: trap_request=0xffffff45 fr.pc=0x000001df0e1f7890 relative=0x0000000000000090
Event: 31.697 Thread 0x000001df22891560 Uncommon trap: reason=unstable_if action=reinterpret pc=0x000001df0e1f7890 method=com.android.tools.r8.internal.jm.d(I)Z @ 45 c2
Event: 31.697 Thread 0x000001df22891560 DEOPT PACKING pc=0x000001df0e1f7890 sp=0x0000000237efa220
Event: 31.697 Thread 0x000001df22891560 DEOPT UNPACKING pc=0x000001df0d6569a3 sp=0x0000000237efa1b0 mode 2
Event: 31.815 Thread 0x000001df2288a6b0 Uncommon trap: trap_request=0xffffff45 fr.pc=0x000001df0df95b9c relative=0x000000000000009c
Event: 31.815 Thread 0x000001df2288a6b0 Uncommon trap: reason=unstable_if action=reinterpret pc=0x000001df0df95b9c method=com.android.tools.r8.internal.jm.d(I)Z @ 45 c2
Event: 31.815 Thread 0x000001df2288a6b0 DEOPT PACKING pc=0x000001df0df95b9c sp=0x0000000237ff9dc0
Event: 31.815 Thread 0x000001df2288a6b0 DEOPT UNPACKING pc=0x000001df0d6569a3 sp=0x0000000237ff9cf8 mode 2

Classes unloaded (0 events):
No events

Classes redefined (0 events):
No events

Internal exceptions (20 events):
Event: 31.125 Thread 0x000001df23ed7680 Exception <a 'java/net/SocketException'{0x00000000ad353398}: Socket is not connected: shutdown> (0x00000000ad353398) 
thrown [s\src\hotspot\share\prims\jni.cpp, line 536]
Event: 31.331 Thread 0x000001df22891560 Exception <a 'sun/nio/fs/WindowsException'{0x00000000ac0f4d50}> (0x00000000ac0f4d50) 
thrown [s\src\hotspot\share\prims\jni.cpp, line 517]
Event: 31.383 Thread 0x000001df20d5d620 Exception <a 'sun/nio/fs/WindowsException'{0x00000000acf73cd0}> (0x00000000acf73cd0) 
thrown [s\src\hotspot\share\prims\jni.cpp, line 517]
Event: 31.404 Thread 0x000001df20416da0 Exception <a 'sun/nio/fs/WindowsException'{0x00000000ac9eeaf0}> (0x00000000ac9eeaf0) 
thrown [s\src\hotspot\share\prims\jni.cpp, line 517]
Event: 31.436 Thread 0x000001df20d5d150 Exception <a 'sun/nio/fs/WindowsException'{0x00000000ad0f29d0}> (0x00000000ad0f29d0) 
thrown [s\src\hotspot\share\prims\jni.cpp, line 517]
Event: 31.510 Thread 0x000001df2288a6b0 Exception <a 'sun/nio/fs/WindowsException'{0x00000000ad1727c8}> (0x00000000ad1727c8) 
thrown [s\src\hotspot\share\prims\jni.cpp, line 517]
Event: 31.572 Thread 0x000001df2231d2f0 Exception <a 'sun/nio/fs/WindowsException'{0x00000000ac67d350}> (0x00000000ac67d350) 
thrown [s\src\hotspot\share\prims\jni.cpp, line 517]
Event: 31.574 Thread 0x000001df20d5d620 Exception <a 'java/lang/NoSuchMethodError'{0x00000000ac699300}: 'java.lang.Object java.lang.invoke.DirectMethodHandle$Holder.invokeStaticInit(java.lang.Object, java.lang.Object, java.lang.Object, java.lang.Object, java.lang.Object, java.lang.Object, java.lang.Object, java.lang.Object, java.lang.Object, java.lang.Object, java.lang.Object, java.lang.Object, java.lang.Object, java.lang.Object, java.lang.Object, java.lang.Object, java.lang.Object, java.lang.Object, int, java.lang.Object, java.lang.Object)'> (0
Event: 31.615 Thread 0x000001df20d5d620 Exception <a 'java/lang/IncompatibleClassChangeError'{0x00000000ac189d60}: Found class java.lang.Object, but interface was expected> (0x00000000ac189d60) 
thrown [s\src\hotspot\share\interpreter\linkResolver.cpp, line 838]
Event: 31.615 Thread 0x000001df22891560 Exception <a 'java/lang/IncompatibleClassChangeError'{0x00000000ac754db0}: Found class java.lang.Object, but interface was expected> (0x00000000ac754db0) 
thrown [s\src\hotspot\share\interpreter\linkResolver.cpp, line 838]
Event: 31.630 Thread 0x000001df2041a290 Exception <a 'sun/nio/fs/WindowsException'{0x00000000abd1d6f8}> (0x00000000abd1d6f8) 
thrown [s\src\hotspot\share\prims\jni.cpp, line 517]
Event: 31.635 Thread 0x000001df2231d2f0 Exception <a 'java/lang/NoSuchMethodError'{0x00000000abe243a8}: 'void java.lang.invoke.DirectMethodHandle$Holder.invokeStatic(java.lang.Object, java.lang.Object, int, java.lang.Object, java.lang.Object, java.lang.Object, java.lang.Object)'> (0x00000000abe243a8) 
thrown [s\src\hotspot\share\interpreter\linkResolver.cpp, line 771]
Event: 31.638 Thread 0x000001df20416da0 Exception <a 'java/lang/NoSuchMethodError'{0x00000000abdcdab8}: 'java.lang.Object java.lang.invoke.DirectMethodHandle$Holder.newInvokeSpecial(java.lang.Object, java.lang.Object, int, java.lang.Object, java.lang.Object)'> (0x00000000abdcdab8) 
thrown [s\src\hotspot\share\interpreter\linkResolver.cpp, line 771]
Event: 31.638 Thread 0x000001df22891560 Exception <a 'java/lang/NoSuchMethodError'{0x00000000abdc6790}: 'java.lang.Object java.lang.invoke.DirectMethodHandle$Holder.newInvokeSpecial(java.lang.Object, java.lang.Object, int, java.lang.Object, java.lang.Object)'> (0x00000000abdc6790) 
thrown [s\src\hotspot\share\interpreter\linkResolver.cpp, line 771]
Event: 31.640 Thread 0x000001df22891560 Exception <a 'java/lang/NoSuchMethodError'{0x00000000abdf4748}: 'java.lang.Object java.lang.invoke.DirectMethodHandle$Holder.invokeSpecial(java.lang.Object, java.lang.Object, java.lang.Object, int, java.lang.Object, java.lang.Object)'> (0x00000000abdf4748) 
thrown [s\src\hotspot\share\interpreter\linkResolver.cpp, line 771]
Event: 31.640 Thread 0x000001df20416da0 Exception <a 'java/lang/NoSuchMethodError'{0x00000000abdd26a0}: 'java.lang.Object java.lang.invoke.DirectMethodHandle$Holder.invokeSpecial(java.lang.Object, java.lang.Object, java.lang.Object, int, java.lang.Object, java.lang.Object)'> (0x00000000abdd26a0) 
thrown [s\src\hotspot\share\interpreter\linkResolver.cpp, line 771]
Event: 31.640 Thread 0x000001df2231d2f0 Exception <a 'java/lang/NoSuchMethodError'{0x00000000abde0550}: 'java.lang.Object java.lang.invoke.DirectMethodHandle$Holder.invokeSpecial(java.lang.Object, java.lang.Object, java.lang.Object, int, java.lang.Object, java.lang.Object)'> (0x00000000abde0550) 
thrown [s\src\hotspot\share\interpreter\linkResolver.cpp, line 771]
Event: 31.641 Thread 0x000001df20416da0 Exception <a 'java/lang/NoSuchMethodError'{0x00000000abdd6b90}: 'java.lang.Object java.lang.invoke.Invokers$Holder.linkToTargetMethod(java.lang.Object, int, java.lang.Object, java.lang.Object, java.lang.Object)'> (0x00000000abdd6b90) 
thrown [s\src\hotspot\share\interpreter\linkResolver.cpp, line 771]
Event: 31.641 Thread 0x000001df2231d2f0 Exception <a 'java/lang/NoSuchMethodError'{0x00000000abc1d528}: 'java.lang.Object java.lang.invoke.Invokers$Holder.linkToTargetMethod(java.lang.Object, int, java.lang.Object, java.lang.Object, java.lang.Object)'> (0x00000000abc1d528) 
thrown [s\src\hotspot\share\interpreter\linkResolver.cpp, line 771]
Event: 31.804 Thread 0x000001df22891560 Exception <a 'java/lang/NoSuchMethodError'{0x00000000ac19d270}: 'long java.lang.invoke.DirectMethodHandle$Holder.invokeStatic(java.lang.Object, java.lang.Object)'> (0x00000000ac19d270) 
thrown [s\src\hotspot\share\interpreter\linkResolver.cpp, line 771]

VM Operations (20 events):
Event: 31.240 Executing VM operation: HandshakeAllThreads done
Event: 31.244 Executing VM operation: G1CollectForAllocation
Event: 31.259 Executing VM operation: G1CollectForAllocation done
Event: 31.338 Executing VM operation: HandshakeAllThreads
Event: 31.339 Executing VM operation: HandshakeAllThreads done
Event: 31.362 Executing VM operation: G1CollectForAllocation
Event: 31.363 Executing VM operation: G1CollectForAllocation done
Event: 31.363 Executing VM operation: G1CollectForAllocation
Event: 31.373 Executing VM operation: G1CollectForAllocation done
Event: 31.406 Executing VM operation: HandshakeAllThreads
Event: 31.407 Executing VM operation: HandshakeAllThreads done
Event: 31.484 Executing VM operation: G1CollectForAllocation
Event: 31.485 Executing VM operation: G1CollectForAllocation done
Event: 31.490 Executing VM operation: G1CollectForAllocation
Event: 31.498 Executing VM operation: G1CollectForAllocation done
Event: 31.589 Executing VM operation: HandshakeAllThreads
Event: 31.590 Executing VM operation: HandshakeAllThreads done
Event: 31.653 Executing VM operation: G1CollectForAllocation
Event: 31.659 Executing VM operation: G1CollectForAllocation done
Event: 31.817 Executing VM operation: G1CollectForAllocation

Events (20 events):
Event: 31.283 Thread 0x000001df1c144ba0 flushing nmethod 0x000001df079e4210
Event: 31.307 loading class java/util/zip/ZipInputStream
Event: 31.307 loading class java/util/zip/ZipInputStream done
Event: 31.391 loading class java/io/UTFDataFormatException
Event: 31.392 loading class java/io/UTFDataFormatException done
Event: 31.397 Loaded shared library C:\Users\77755\AppData\Local\Temp\native-platform4331147429593162888dir\native-platform.dll
Event: 31.483 loading class java/util/concurrent/RejectedExecutionException
Event: 31.483 loading class java/util/concurrent/RejectedExecutionException done
Event: 31.569 loading class java/lang/ProcessBuilder$NullInputStream
Event: 31.569 loading class java/lang/ProcessBuilder$NullInputStream done
Event: 31.569 loading class java/util/concurrent/Semaphore
Event: 31.574 loading class java/util/concurrent/Semaphore done
Event: 31.574 loading class java/util/concurrent/Semaphore$NonfairSync
Event: 31.575 loading class java/util/concurrent/Semaphore$Sync
Event: 31.575 loading class java/util/concurrent/Semaphore$Sync done
Event: 31.575 loading class java/util/concurrent/Semaphore$NonfairSync done
Event: 31.582 Thread 0x000001df23ed59a0 Thread added: 0x000001df23ed59a0
Event: 31.610 loading class java/lang/reflect/GenericSignatureFormatError
Event: 31.610 loading class java/lang/reflect/GenericSignatureFormatError done
Event: 31.795 Thread 0x000001df23ed59a0 Thread exited: 0x000001df23ed59a0


Dynamic libraries:
0x00007ff737e20000 - 0x00007ff737e2a000 	C:\Program Files\Android\Android Studio\jbr\bin\java.exe
0x00007ffa4c190000 - 0x00007ffa4c3a7000 	C:\WINDOWS\SYSTEM32\ntdll.dll
0x00007ffa4aa10000 - 0x00007ffa4aad4000 	C:\WINDOWS\System32\KERNEL32.DLL
0x00007ffa49b00000 - 0x00007ffa49ea5000 	C:\WINDOWS\System32\KERNELBASE.dll
0x00007ffa499e0000 - 0x00007ffa49af1000 	C:\WINDOWS\System32\ucrtbase.dll
0x00007ffa3eb80000 - 0x00007ffa3eb97000 	C:\Program Files\Android\Android Studio\jbr\bin\jli.dll
0x00007ffa4b7f0000 - 0x00007ffa4b99e000 	C:\WINDOWS\System32\USER32.dll
0x00007ffa44230000 - 0x00007ffa4424b000 	C:\Program Files\Android\Android Studio\jbr\bin\VCRUNTIME140.dll
0x00007ffa49eb0000 - 0x00007ffa49ed6000 	C:\WINDOWS\System32\win32u.dll
0x00007ffa30a10000 - 0x00007ffa30ca3000 	C:\WINDOWS\WinSxS\amd64_microsoft.windows.common-controls_6595b64144ccf1df_6.0.22621.2506_none_270c5ae97388e100\COMCTL32.dll
0x00007ffa4a360000 - 0x00007ffa4a389000 	C:\WINDOWS\System32\GDI32.dll
0x00007ffa4c020000 - 0x00007ffa4c0c7000 	C:\WINDOWS\System32\msvcrt.dll
0x00007ffa49670000 - 0x00007ffa49789000 	C:\WINDOWS\System32\gdi32full.dll
0x00007ffa49810000 - 0x00007ffa498aa000 	C:\WINDOWS\System32\msvcp_win.dll
0x00007ffa4aeb0000 - 0x00007ffa4aee1000 	C:\WINDOWS\System32\IMM32.DLL
0x00007ffa42b90000 - 0x00007ffa42b9c000 	C:\Program Files\Android\Android Studio\jbr\bin\vcruntime140_1.dll
0x00007ffa12580000 - 0x00007ffa1260d000 	C:\Program Files\Android\Android Studio\jbr\bin\msvcp140.dll
0x00007ff9cc490000 - 0x00007ff9cd0fe000 	C:\Program Files\Android\Android Studio\jbr\bin\server\jvm.dll
0x00007ffa4ac30000 - 0x00007ffa4ace1000 	C:\WINDOWS\System32\ADVAPI32.dll
0x00007ffa4bd10000 - 0x00007ffa4bdb6000 	C:\WINDOWS\System32\sechost.dll
0x00007ffa4bbf0000 - 0x00007ffa4bd07000 	C:\WINDOWS\System32\RPCRT4.dll
0x00007ffa27a50000 - 0x00007ffa27a59000 	C:\WINDOWS\SYSTEM32\WSOCK32.dll
0x00007ffa4a400000 - 0x00007ffa4a471000 	C:\WINDOWS\System32\WS2_32.dll
0x00007ffa40e50000 - 0x00007ffa40e5a000 	C:\WINDOWS\SYSTEM32\VERSION.dll
0x00007ffa42850000 - 0x00007ffa42884000 	C:\WINDOWS\SYSTEM32\WINMM.dll
0x00007ffa48590000 - 0x00007ffa485a8000 	C:\WINDOWS\SYSTEM32\kernel.appcore.dll
0x00007ffa31f60000 - 0x00007ffa31f6a000 	C:\Program Files\Android\Android Studio\jbr\bin\jimage.dll
0x00007ffa32190000 - 0x00007ffa323c3000 	C:\WINDOWS\SYSTEM32\DBGHELP.DLL
0x00007ffa4a480000 - 0x00007ffa4a809000 	C:\WINDOWS\System32\combase.dll
0x00007ffa4a810000 - 0x00007ffa4a8e7000 	C:\WINDOWS\System32\OLEAUT32.dll
0x00007ffa27470000 - 0x00007ffa274a2000 	C:\WINDOWS\SYSTEM32\dbgcore.DLL
0x00007ffa49790000 - 0x00007ffa4980a000 	C:\WINDOWS\System32\bcryptPrimitives.dll
0x00007ffa1c400000 - 0x00007ffa1c425000 	C:\Program Files\Android\Android Studio\jbr\bin\java.dll
0x00007ffa1b9f0000 - 0x00007ffa1ba08000 	C:\Program Files\Android\Android Studio\jbr\bin\zip.dll
0x00007ffa4aef0000 - 0x00007ffa4b749000 	C:\WINDOWS\System32\SHELL32.dll
0x00007ffa47430000 - 0x00007ffa47d24000 	C:\WINDOWS\SYSTEM32\windows.storage.dll
0x00007ffa472e0000 - 0x00007ffa4741e000 	C:\WINDOWS\SYSTEM32\wintypes.dll
0x00007ffa4a8f0000 - 0x00007ffa4a9e3000 	C:\WINDOWS\System32\SHCORE.dll
0x00007ffa4bdc0000 - 0x00007ffa4be1e000 	C:\WINDOWS\System32\shlwapi.dll
0x00007ffa49430000 - 0x00007ffa49456000 	C:\WINDOWS\SYSTEM32\profapi.dll
0x00007ffa19140000 - 0x00007ffa19159000 	C:\Program Files\Android\Android Studio\jbr\bin\net.dll
0x00007ffa43810000 - 0x00007ffa43947000 	C:\WINDOWS\SYSTEM32\WINHTTP.dll
0x00007ffa48a70000 - 0x00007ffa48ad9000 	C:\WINDOWS\system32\mswsock.dll
0x00007ffa15fe0000 - 0x00007ffa15ff6000 	C:\Program Files\Android\Android Studio\jbr\bin\nio.dll
0x00007ffa30cb0000 - 0x00007ffa30cc0000 	C:\Program Files\Android\Android Studio\jbr\bin\verify.dll
0x00007ffa153c0000 - 0x00007ffa153e7000 	C:\Users\77755\.gradle\native\e1d6ef7f7dcc3fd88c89a11ec53ec762bb8ba0a96d01ffa2cd45eb1d1d8dd5c5\windows-amd64\native-platform.dll
0x00007ff9e46f0000 - 0x00007ff9e4834000 	C:\Users\77755\.gradle\native\0d407fdbe67a94daf76414ababcb853783967236a71b16ec16e742cd7a986fd3\windows-amd64\native-platform-file-events.dll
0x00007ffa2cd80000 - 0x00007ffa2cd89000 	C:\Program Files\Android\Android Studio\jbr\bin\management.dll
0x00007ffa259c0000 - 0x00007ffa259cb000 	C:\Program Files\Android\Android Studio\jbr\bin\management_ext.dll
0x00007ffa4b750000 - 0x00007ffa4b758000 	C:\WINDOWS\System32\PSAPI.DLL
0x00007ffa48cc0000 - 0x00007ffa48cdb000 	C:\WINDOWS\SYSTEM32\CRYPTSP.dll
0x00007ffa48550000 - 0x00007ffa48585000 	C:\WINDOWS\system32\rsaenh.dll
0x00007ffa48b60000 - 0x00007ffa48b8c000 	C:\WINDOWS\SYSTEM32\USERENV.dll
0x00007ffa48e90000 - 0x00007ffa48eb8000 	C:\WINDOWS\SYSTEM32\bcrypt.dll
0x00007ffa48ce0000 - 0x00007ffa48cec000 	C:\WINDOWS\SYSTEM32\CRYPTBASE.dll
0x00007ffa48000000 - 0x00007ffa4802d000 	C:\WINDOWS\SYSTEM32\IPHLPAPI.DLL
0x00007ffa4aa00000 - 0x00007ffa4aa09000 	C:\WINDOWS\System32\NSI.dll
0x00007ffa439d0000 - 0x00007ffa439e9000 	C:\WINDOWS\SYSTEM32\dhcpcsvc6.DLL
0x00007ffa43430000 - 0x00007ffa4344f000 	C:\WINDOWS\SYSTEM32\dhcpcsvc.DLL
0x00007ffa48070000 - 0x00007ffa48169000 	C:\WINDOWS\SYSTEM32\DNSAPI.dll
0x00007ffa22fb0000 - 0x00007ffa22fb8000 	C:\WINDOWS\system32\wshunix.dll
0x00007ffa15150000 - 0x00007ffa1516e000 	C:\Users\77755\AppData\Local\Temp\native-platform4331147429593162888dir\native-platform.dll

dbghelp: loaded successfully - version: 4.0.5 - missing functions: none
symbol engine: initialized successfully - sym options: 0x614 - pdb path: .;C:\Program Files\Android\Android Studio\jbr\bin;C:\WINDOWS\SYSTEM32;C:\WINDOWS\WinSxS\amd64_microsoft.windows.common-controls_6595b64144ccf1df_6.0.22621.2506_none_270c5ae97388e100;C:\Program Files\Android\Android Studio\jbr\bin\server;C:\Users\77755\.gradle\native\e1d6ef7f7dcc3fd88c89a11ec53ec762bb8ba0a96d01ffa2cd45eb1d1d8dd5c5\windows-amd64;C:\Users\77755\.gradle\native\0d407fdbe67a94daf76414ababcb853783967236a71b16ec16e742cd7a986fd3\windows-amd64;C:\Users\77755\AppData\Local\Temp\native-platform4331147429593162888dir

VM Arguments:
jvm_args: --add-opens=java.base/java.util=ALL-UNNAMED --add-opens=java.base/java.lang=ALL-UNNAMED --add-opens=java.base/java.lang.invoke=ALL-UNNAMED --add-opens=java.base/java.util=ALL-UNNAMED --add-opens=java.prefs/java.util.prefs=ALL-UNNAMED --add-opens=java.prefs/java.util.prefs=ALL-UNNAMED --add-opens=java.base/java.nio.charset=ALL-UNNAMED --add-opens=java.base/java.net=ALL-UNNAMED --add-opens=java.base/java.util.concurrent.atomic=ALL-UNNAMED -Xmx1536M -Dfile.encoding=windows-1252 -Duser.country=US -Duser.language=en -Duser.variant 
java_command: org.gradle.launcher.daemon.bootstrap.GradleDaemon 7.5
java_class_path (initial): C:\Users\77755\.gradle\wrapper\dists\gradle-7.5-all\6qsw290k5lz422uaf8jf6m7co\gradle-7.5\lib\gradle-launcher-7.5.jar
Launcher Type: SUN_STANDARD

[Global flags]
     intx CICompilerCount                          = 4                                         {product} {ergonomic}
     uint ConcGCThreads                            = 2                                         {product} {ergonomic}
     uint G1ConcRefinementThreads                  = 8                                         {product} {ergonomic}
   size_t G1HeapRegionSize                         = 1048576                                   {product} {ergonomic}
    uintx GCDrainStackTargetSize                   = 64                                        {product} {ergonomic}
   size_t InitialHeapSize                          = 132120576                                 {product} {ergonomic}
   size_t MarkStackSize                            = 4194304                                   {product} {ergonomic}
   size_t MaxHeapSize                              = 1610612736                                {product} {command line}
   size_t MaxNewSize                               = 965738496                                 {product} {ergonomic}
   size_t MinHeapDeltaBytes                        = 1048576                                   {product} {ergonomic}
   size_t MinHeapSize                              = 8388608                                   {product} {ergonomic}
    uintx NonNMethodCodeHeapSize                   = 5839372                                {pd product} {ergonomic}
    uintx NonProfiledCodeHeapSize                  = 122909434                              {pd product} {ergonomic}
    uintx ProfiledCodeHeapSize                     = 122909434                              {pd product} {ergonomic}
    uintx ReservedCodeCacheSize                    = 251658240                              {pd product} {ergonomic}
     bool SegmentedCodeCache                       = true                                      {product} {ergonomic}
   size_t SoftMaxHeapSize                          = 1610612736                             {manageable} {ergonomic}
     bool UseCompressedClassPointers               = true                           {product lp64_product} {ergonomic}
     bool UseCompressedOops                        = true                           {product lp64_product} {ergonomic}
     bool UseG1GC                                  = true                                      {product} {ergonomic}
     bool UseLargePagesIndividualAllocation        = false                                  {pd product} {ergonomic}

Logging:
Log output configuration:
 #0: stdout all=warning uptime,level,tags
 #1: stderr all=off uptime,level,tags

Environment Variables:
JAVA_HOME=C:\Program Files\Android\Android Studio\jbr
CLASSPATH=C:\Users\77755\flutter_source\android\\gradle\wrapper\gradle-wrapper.jar
PATH=C:\Program Files\Android\Android Studio\jbr\bin;C:\Games\flutter\bin;C:\WINDOWS\system32;C:\WINDOWS;C:\WINDOWS\System32\Wbem;C:\WINDOWS\System32\WindowsPowerShell\v1.0\;C:\WINDOWS\System32\OpenSSH\;C:\Program Files\dotnet\;C:\Program Files\Git\cmd;C:\Program Files\Cloudflare\Cloudflare WARP\;C:\Program Files\NVIDIA Corporation\NVIDIA NvDLISR;C:\Program Files\Microsoft SQL Server\150\Tools\Binn\;C:\Program Files\Microsoft SQL Server\Client SDK\ODBC\170\Tools\Binn\;C:\Program Files (x86)\NVIDIA Corporation\PhysX\Common;C:\Program Files\PuTTY\;C:\Users\77755\AppData\Local\Microsoft\WindowsApps;C:\Users\77755\AppData\Local\Programs\Microsoft VS Code\bin;C:\Games\flutter\bin;C:\Users\77755\.dotnet\tools;C:\Users\77755\src\flutter\bin;;C:\Games\flutter\bin\mingit\cmd;C:\Games\flutter\bin\mingit\cmd
USERNAME=77755
OS=Windows_NT
PROCESSOR_IDENTIFIER=Intel64 Family 6 Model 158 Stepping 13, GenuineIntel
TMP=C:\Users\77755\AppData\Local\Temp
TEMP=C:\Users\77755\AppData\Local\Temp


JNI global refs:
JNI global refs: 26, weak refs: 43

JNI global refs memory usage: 843, weak refs: 841


---------------  S Y S T E M  ---------------

OS:
 Windows 11 , 64 bit Build 22621 (10.0.22621.2506)
OS uptime: 6 days 16:25 hours

CPU: total 8 (initial active 8) (4 cores per cpu, 2 threads per core) family 6 model 158 stepping 13 microcode 0xde, cx8, cmov, fxsr, ht, mmx, 3dnowpref, sse, sse2, sse3, ssse3, sse4.1, sse4.2, popcnt, lzcnt, tsc, tscinvbit, avx, avx2, aes, erms, clmul, bmi1, bmi2, adx, fma, vzeroupper, clflush, clflushopt

Memory: 4k page, system-wide physical 8034M (508M free)
TotalPageFile size 16226M (AvailPageFile size 63M)
current process WorkingSet (physical memory assigned to process): 528M, peak: 528M
current process commit charge ("private bytes"): 609M, peak: 695M

vm_info: OpenJDK 64-Bit Server VM (17.0.6+0-b2043.56-10027231) for windows-amd64 JRE (17.0.6+0-b2043.56-10027231), built on Apr 28 2023 00:43:19 by "androidbuild" with MS VC++ 16.10 / 16.11 (VS2019)

END.
